[2022-08-04 10:58:34] production.INFO: HTTP/1.0 302 Found
Cache-Control: no-cache, private
Date:          Thu, 04 Aug 2022 02:58:33 GMT
Location:      https://web2.plm.edu.ph/prs/gp/report/view/id/41a0229386394c26900191f55cac8885

<!DOCTYPE html>
<html>
    <head>
        <meta charset="UTF-8" />
        <meta http-equiv="refresh" content="1;url=https://web2.plm.edu.ph/prs/gp/report/view/id/41a0229386394c26900191f55cac8885" />

        <title>Redirecting to https://web2.plm.edu.ph/prs/gp/report/view/id/41a0229386394c26900191f55cac8885</title>
    </head>
    <body>
        Redirecting to <a href="https://web2.plm.edu.ph/prs/gp/report/view/id/41a0229386394c26900191f55cac8885">https://web2.plm.edu.ph/prs/gp/report/view/id/41a0229386394c26900191f55cac8885</a>.
    </body>
</html>  
[2022-08-04 11:11:54] production.INFO: HTTP/1.0 302 Found
Cache-Control: no-cache, private
Date:          Thu, 04 Aug 2022 03:11:54 GMT
Location:      https://web2.plm.edu.ph/prs/gp/report/view/id/4793e5d5c4c3fadf96ef88ed0da9d394

<!DOCTYPE html>
<html>
    <head>
        <meta charset="UTF-8" />
        <meta http-equiv="refresh" content="1;url=https://web2.plm.edu.ph/prs/gp/report/view/id/4793e5d5c4c3fadf96ef88ed0da9d394" />

        <title>Redirecting to https://web2.plm.edu.ph/prs/gp/report/view/id/4793e5d5c4c3fadf96ef88ed0da9d394</title>
    </head>
    <body>
        Redirecting to <a href="https://web2.plm.edu.ph/prs/gp/report/view/id/4793e5d5c4c3fadf96ef88ed0da9d394">https://web2.plm.edu.ph/prs/gp/report/view/id/4793e5d5c4c3fadf96ef88ed0da9d394</a>.
    </body>
</html>  
