[2022-07-04 06:57:43] production.INFO: HTTP/1.0 302 Found
Cache-Control: no-cache, private
Date:          Sun, 03 Jul 2022 22:57:42 GMT
Location:      https://web2.plm.edu.ph/prs/gp/report/view/id/4895cc189e43c4268e753caacc2dee56

<!DOCTYPE html>
<html>
    <head>
        <meta charset="UTF-8" />
        <meta http-equiv="refresh" content="1;url=https://web2.plm.edu.ph/prs/gp/report/view/id/4895cc189e43c4268e753caacc2dee56" />

        <title>Redirecting to https://web2.plm.edu.ph/prs/gp/report/view/id/4895cc189e43c4268e753caacc2dee56</title>
    </head>
    <body>
        Redirecting to <a href="https://web2.plm.edu.ph/prs/gp/report/view/id/4895cc189e43c4268e753caacc2dee56">https://web2.plm.edu.ph/prs/gp/report/view/id/4895cc189e43c4268e753caacc2dee56</a>.
    </body>
</html>  
[2022-07-04 07:11:54] production.INFO: HTTP/1.0 302 Found
Cache-Control: no-cache, private
Date:          Sun, 03 Jul 2022 23:11:54 GMT
Location:      https://web2.plm.edu.ph/prs/gp/report/view/id/4895cc189e43c4268e753caacc2dee56

<!DOCTYPE html>
<html>
    <head>
        <meta charset="UTF-8" />
        <meta http-equiv="refresh" content="1;url=https://web2.plm.edu.ph/prs/gp/report/view/id/4895cc189e43c4268e753caacc2dee56" />

        <title>Redirecting to https://web2.plm.edu.ph/prs/gp/report/view/id/4895cc189e43c4268e753caacc2dee56</title>
    </head>
    <body>
        Redirecting to <a href="https://web2.plm.edu.ph/prs/gp/report/view/id/4895cc189e43c4268e753caacc2dee56">https://web2.plm.edu.ph/prs/gp/report/view/id/4895cc189e43c4268e753caacc2dee56</a>.
    </body>
</html>  
[2022-07-04 08:46:02] production.INFO: HTTP/1.0 302 Found
Cache-Control: no-cache, private
Date:          Mon, 04 Jul 2022 00:46:02 GMT
Location:      https://web2.plm.edu.ph/prs/gp/report/view/id/44bef386b5fbf3bb8e143e373cee82bf

<!DOCTYPE html>
<html>
    <head>
        <meta charset="UTF-8" />
        <meta http-equiv="refresh" content="1;url=https://web2.plm.edu.ph/prs/gp/report/view/id/44bef386b5fbf3bb8e143e373cee82bf" />

        <title>Redirecting to https://web2.plm.edu.ph/prs/gp/report/view/id/44bef386b5fbf3bb8e143e373cee82bf</title>
    </head>
    <body>
        Redirecting to <a href="https://web2.plm.edu.ph/prs/gp/report/view/id/44bef386b5fbf3bb8e143e373cee82bf">https://web2.plm.edu.ph/prs/gp/report/view/id/44bef386b5fbf3bb8e143e373cee82bf</a>.
    </body>
</html>  
[2022-07-04 09:14:50] production.INFO: HTTP/1.0 302 Found
Cache-Control: no-cache, private
Date:          Mon, 04 Jul 2022 01:14:50 GMT
Location:      https://web2.plm.edu.ph/prs/gp/report/view/id/45c7887e5f065d85a285bf72a7a4e75d

<!DOCTYPE html>
<html>
    <head>
        <meta charset="UTF-8" />
        <meta http-equiv="refresh" content="1;url=https://web2.plm.edu.ph/prs/gp/report/view/id/45c7887e5f065d85a285bf72a7a4e75d" />

        <title>Redirecting to https://web2.plm.edu.ph/prs/gp/report/view/id/45c7887e5f065d85a285bf72a7a4e75d</title>
    </head>
    <body>
        Redirecting to <a href="https://web2.plm.edu.ph/prs/gp/report/view/id/45c7887e5f065d85a285bf72a7a4e75d">https://web2.plm.edu.ph/prs/gp/report/view/id/45c7887e5f065d85a285bf72a7a4e75d</a>.
    </body>
</html>  
[2022-07-04 12:34:43] production.INFO: HTTP/1.0 302 Found
Cache-Control: no-cache, private
Date:          Mon, 04 Jul 2022 04:34:43 GMT
Location:      https://web2.plm.edu.ph/prs/gp/report/view/id/4145495111375d54981381e9887f2a96

<!DOCTYPE html>
<html>
    <head>
        <meta charset="UTF-8" />
        <meta http-equiv="refresh" content="1;url=https://web2.plm.edu.ph/prs/gp/report/view/id/4145495111375d54981381e9887f2a96" />

        <title>Redirecting to https://web2.plm.edu.ph/prs/gp/report/view/id/4145495111375d54981381e9887f2a96</title>
    </head>
    <body>
        Redirecting to <a href="https://web2.plm.edu.ph/prs/gp/report/view/id/4145495111375d54981381e9887f2a96">https://web2.plm.edu.ph/prs/gp/report/view/id/4145495111375d54981381e9887f2a96</a>.
    </body>
</html>  
[2022-07-04 12:49:54] production.INFO: HTTP/1.0 302 Found
Cache-Control: no-cache, private
Date:          Mon, 04 Jul 2022 04:49:54 GMT
Location:      https://web2.plm.edu.ph/prs/gp/report/view/id/47b50bce80a0a63fb69b7e06b10817ec

<!DOCTYPE html>
<html>
    <head>
        <meta charset="UTF-8" />
        <meta http-equiv="refresh" content="1;url=https://web2.plm.edu.ph/prs/gp/report/view/id/47b50bce80a0a63fb69b7e06b10817ec" />

        <title>Redirecting to https://web2.plm.edu.ph/prs/gp/report/view/id/47b50bce80a0a63fb69b7e06b10817ec</title>
    </head>
    <body>
        Redirecting to <a href="https://web2.plm.edu.ph/prs/gp/report/view/id/47b50bce80a0a63fb69b7e06b10817ec">https://web2.plm.edu.ph/prs/gp/report/view/id/47b50bce80a0a63fb69b7e06b10817ec</a>.
    </body>
</html>  
[2022-07-04 14:35:55] production.INFO: HTTP/1.0 302 Found
Cache-Control: no-cache, private
Date:          Mon, 04 Jul 2022 06:35:55 GMT
Location:      https://web2.plm.edu.ph/prs/gp/report/view/id/457ce091b71e743ba1a04c7591398740

<!DOCTYPE html>
<html>
    <head>
        <meta charset="UTF-8" />
        <meta http-equiv="refresh" content="1;url=https://web2.plm.edu.ph/prs/gp/report/view/id/457ce091b71e743ba1a04c7591398740" />

        <title>Redirecting to https://web2.plm.edu.ph/prs/gp/report/view/id/457ce091b71e743ba1a04c7591398740</title>
    </head>
    <body>
        Redirecting to <a href="https://web2.plm.edu.ph/prs/gp/report/view/id/457ce091b71e743ba1a04c7591398740">https://web2.plm.edu.ph/prs/gp/report/view/id/457ce091b71e743ba1a04c7591398740</a>.
    </body>
</html>  
[2022-07-04 14:55:16] production.INFO: HTTP/1.0 302 Found
Cache-Control: no-cache, private
Date:          Mon, 04 Jul 2022 06:55:16 GMT
Location:      https://web2.plm.edu.ph/prs/gp/report/view/id/4a8ee4bbf2e4a16ea837be360efea47f

<!DOCTYPE html>
<html>
    <head>
        <meta charset="UTF-8" />
        <meta http-equiv="refresh" content="1;url=https://web2.plm.edu.ph/prs/gp/report/view/id/4a8ee4bbf2e4a16ea837be360efea47f" />

        <title>Redirecting to https://web2.plm.edu.ph/prs/gp/report/view/id/4a8ee4bbf2e4a16ea837be360efea47f</title>
    </head>
    <body>
        Redirecting to <a href="https://web2.plm.edu.ph/prs/gp/report/view/id/4a8ee4bbf2e4a16ea837be360efea47f">https://web2.plm.edu.ph/prs/gp/report/view/id/4a8ee4bbf2e4a16ea837be360efea47f</a>.
    </body>
</html>  
[2022-07-04 15:00:20] production.INFO: HTTP/1.0 302 Found
Cache-Control: no-cache, private
Date:          Mon, 04 Jul 2022 07:00:20 GMT
Location:      https://web2.plm.edu.ph/prs/gp/report/view/id/40711c01c4841af4a8a86de06e216bcb

<!DOCTYPE html>
<html>
    <head>
        <meta charset="UTF-8" />
        <meta http-equiv="refresh" content="1;url=https://web2.plm.edu.ph/prs/gp/report/view/id/40711c01c4841af4a8a86de06e216bcb" />

        <title>Redirecting to https://web2.plm.edu.ph/prs/gp/report/view/id/40711c01c4841af4a8a86de06e216bcb</title>
    </head>
    <body>
        Redirecting to <a href="https://web2.plm.edu.ph/prs/gp/report/view/id/40711c01c4841af4a8a86de06e216bcb">https://web2.plm.edu.ph/prs/gp/report/view/id/40711c01c4841af4a8a86de06e216bcb</a>.
    </body>
</html>  
[2022-07-04 15:04:31] production.INFO: HTTP/1.0 302 Found
Cache-Control: no-cache, private
Date:          Mon, 04 Jul 2022 07:04:31 GMT
Location:      https://web2.plm.edu.ph/prs/gp/report/view/id/49d506b1ae7746a6ae9cd87c1f70e6b1

<!DOCTYPE html>
<html>
    <head>
        <meta charset="UTF-8" />
        <meta http-equiv="refresh" content="1;url=https://web2.plm.edu.ph/prs/gp/report/view/id/49d506b1ae7746a6ae9cd87c1f70e6b1" />

        <title>Redirecting to https://web2.plm.edu.ph/prs/gp/report/view/id/49d506b1ae7746a6ae9cd87c1f70e6b1</title>
    </head>
    <body>
        Redirecting to <a href="https://web2.plm.edu.ph/prs/gp/report/view/id/49d506b1ae7746a6ae9cd87c1f70e6b1">https://web2.plm.edu.ph/prs/gp/report/view/id/49d506b1ae7746a6ae9cd87c1f70e6b1</a>.
    </body>
</html>  
[2022-07-04 15:16:08] production.INFO: HTTP/1.0 302 Found
Cache-Control: no-cache, private
Date:          Mon, 04 Jul 2022 07:16:08 GMT
Location:      https://web2.plm.edu.ph/prs/gp/report/view/id/419f6d9ab3d1057eaadf535d7783e988

<!DOCTYPE html>
<html>
    <head>
        <meta charset="UTF-8" />
        <meta http-equiv="refresh" content="1;url=https://web2.plm.edu.ph/prs/gp/report/view/id/419f6d9ab3d1057eaadf535d7783e988" />

        <title>Redirecting to https://web2.plm.edu.ph/prs/gp/report/view/id/419f6d9ab3d1057eaadf535d7783e988</title>
    </head>
    <body>
        Redirecting to <a href="https://web2.plm.edu.ph/prs/gp/report/view/id/419f6d9ab3d1057eaadf535d7783e988">https://web2.plm.edu.ph/prs/gp/report/view/id/419f6d9ab3d1057eaadf535d7783e988</a>.
    </body>
</html>  
[2022-07-04 15:30:00] production.INFO: HTTP/1.0 302 Found
Cache-Control: no-cache, private
Date:          Mon, 04 Jul 2022 07:30:00 GMT
Location:      https://web2.plm.edu.ph/prs/gp/report/view/id/4dcb2e98067ed1d49da728a95b185a3f

<!DOCTYPE html>
<html>
    <head>
        <meta charset="UTF-8" />
        <meta http-equiv="refresh" content="1;url=https://web2.plm.edu.ph/prs/gp/report/view/id/4dcb2e98067ed1d49da728a95b185a3f" />

        <title>Redirecting to https://web2.plm.edu.ph/prs/gp/report/view/id/4dcb2e98067ed1d49da728a95b185a3f</title>
    </head>
    <body>
        Redirecting to <a href="https://web2.plm.edu.ph/prs/gp/report/view/id/4dcb2e98067ed1d49da728a95b185a3f">https://web2.plm.edu.ph/prs/gp/report/view/id/4dcb2e98067ed1d49da728a95b185a3f</a>.
    </body>
</html>  
