[2022-07-05 08:39:03] production.INFO: HTTP/1.0 302 Found
Cache-Control: no-cache, private
Date:          Tue, 05 Jul 2022 00:39:02 GMT
Location:      https://web2.plm.edu.ph/prs/gp/report/view/id/4237474fb1f28e33825eca862527d811

<!DOCTYPE html>
<html>
    <head>
        <meta charset="UTF-8" />
        <meta http-equiv="refresh" content="1;url=https://web2.plm.edu.ph/prs/gp/report/view/id/4237474fb1f28e33825eca862527d811" />

        <title>Redirecting to https://web2.plm.edu.ph/prs/gp/report/view/id/4237474fb1f28e33825eca862527d811</title>
    </head>
    <body>
        Redirecting to <a href="https://web2.plm.edu.ph/prs/gp/report/view/id/4237474fb1f28e33825eca862527d811">https://web2.plm.edu.ph/prs/gp/report/view/id/4237474fb1f28e33825eca862527d811</a>.
    </body>
</html>  
[2022-07-05 08:45:09] production.INFO: HTTP/1.0 302 Found
Cache-Control: no-cache, private
Date:          Tue, 05 Jul 2022 00:45:09 GMT
Location:      https://web2.plm.edu.ph/prs/gp/report/view/id/41dc9a84377c7d17bf67a26ec185c00e

<!DOCTYPE html>
<html>
    <head>
        <meta charset="UTF-8" />
        <meta http-equiv="refresh" content="1;url=https://web2.plm.edu.ph/prs/gp/report/view/id/41dc9a84377c7d17bf67a26ec185c00e" />

        <title>Redirecting to https://web2.plm.edu.ph/prs/gp/report/view/id/41dc9a84377c7d17bf67a26ec185c00e</title>
    </head>
    <body>
        Redirecting to <a href="https://web2.plm.edu.ph/prs/gp/report/view/id/41dc9a84377c7d17bf67a26ec185c00e">https://web2.plm.edu.ph/prs/gp/report/view/id/41dc9a84377c7d17bf67a26ec185c00e</a>.
    </body>
</html>  
[2022-07-05 09:36:17] production.INFO: HTTP/1.0 302 Found
Cache-Control: no-cache, private
Date:          Tue, 05 Jul 2022 01:36:17 GMT
Location:      https://web2.plm.edu.ph/prs/gp/report/view/id/488ebea9a87f29b18f373a27cb024988

<!DOCTYPE html>
<html>
    <head>
        <meta charset="UTF-8" />
        <meta http-equiv="refresh" content="1;url=https://web2.plm.edu.ph/prs/gp/report/view/id/488ebea9a87f29b18f373a27cb024988" />

        <title>Redirecting to https://web2.plm.edu.ph/prs/gp/report/view/id/488ebea9a87f29b18f373a27cb024988</title>
    </head>
    <body>
        Redirecting to <a href="https://web2.plm.edu.ph/prs/gp/report/view/id/488ebea9a87f29b18f373a27cb024988">https://web2.plm.edu.ph/prs/gp/report/view/id/488ebea9a87f29b18f373a27cb024988</a>.
    </body>
</html>  
[2022-07-05 09:59:27] production.INFO: HTTP/1.0 302 Found
Cache-Control: no-cache, private
Date:          Tue, 05 Jul 2022 01:59:27 GMT
Location:      https://web2.plm.edu.ph/prs/gp/report/view/id/4a505e8476744c72a6cbbc0e76926268

<!DOCTYPE html>
<html>
    <head>
        <meta charset="UTF-8" />
        <meta http-equiv="refresh" content="1;url=https://web2.plm.edu.ph/prs/gp/report/view/id/4a505e8476744c72a6cbbc0e76926268" />

        <title>Redirecting to https://web2.plm.edu.ph/prs/gp/report/view/id/4a505e8476744c72a6cbbc0e76926268</title>
    </head>
    <body>
        Redirecting to <a href="https://web2.plm.edu.ph/prs/gp/report/view/id/4a505e8476744c72a6cbbc0e76926268">https://web2.plm.edu.ph/prs/gp/report/view/id/4a505e8476744c72a6cbbc0e76926268</a>.
    </body>
</html>  
[2022-07-05 10:48:19] production.INFO: HTTP/1.0 302 Found
Cache-Control: no-cache, private
Date:          Tue, 05 Jul 2022 02:48:19 GMT
Location:      https://web2.plm.edu.ph/prs/gp/report/view/id/4ba0a220bbe331a6a5f69eb3c6692a5c

<!DOCTYPE html>
<html>
    <head>
        <meta charset="UTF-8" />
        <meta http-equiv="refresh" content="1;url=https://web2.plm.edu.ph/prs/gp/report/view/id/4ba0a220bbe331a6a5f69eb3c6692a5c" />

        <title>Redirecting to https://web2.plm.edu.ph/prs/gp/report/view/id/4ba0a220bbe331a6a5f69eb3c6692a5c</title>
    </head>
    <body>
        Redirecting to <a href="https://web2.plm.edu.ph/prs/gp/report/view/id/4ba0a220bbe331a6a5f69eb3c6692a5c">https://web2.plm.edu.ph/prs/gp/report/view/id/4ba0a220bbe331a6a5f69eb3c6692a5c</a>.
    </body>
</html>  
[2022-07-05 11:31:29] production.INFO: HTTP/1.0 302 Found
Cache-Control: no-cache, private
Date:          Tue, 05 Jul 2022 03:31:28 GMT
Location:      https://web2.plm.edu.ph/prs/gp/report/view/id/4d211de3a2d99fc29ddfb50ff3bb64ce

<!DOCTYPE html>
<html>
    <head>
        <meta charset="UTF-8" />
        <meta http-equiv="refresh" content="1;url=https://web2.plm.edu.ph/prs/gp/report/view/id/4d211de3a2d99fc29ddfb50ff3bb64ce" />

        <title>Redirecting to https://web2.plm.edu.ph/prs/gp/report/view/id/4d211de3a2d99fc29ddfb50ff3bb64ce</title>
    </head>
    <body>
        Redirecting to <a href="https://web2.plm.edu.ph/prs/gp/report/view/id/4d211de3a2d99fc29ddfb50ff3bb64ce">https://web2.plm.edu.ph/prs/gp/report/view/id/4d211de3a2d99fc29ddfb50ff3bb64ce</a>.
    </body>
</html>  
[2022-07-05 11:43:11] production.INFO: HTTP/1.0 302 Found
Cache-Control: no-cache, private
Date:          Tue, 05 Jul 2022 03:43:11 GMT
Location:      https://web2.plm.edu.ph/prs/gp/report/view/id/4176b367611df4789640201860f5750c

<!DOCTYPE html>
<html>
    <head>
        <meta charset="UTF-8" />
        <meta http-equiv="refresh" content="1;url=https://web2.plm.edu.ph/prs/gp/report/view/id/4176b367611df4789640201860f5750c" />

        <title>Redirecting to https://web2.plm.edu.ph/prs/gp/report/view/id/4176b367611df4789640201860f5750c</title>
    </head>
    <body>
        Redirecting to <a href="https://web2.plm.edu.ph/prs/gp/report/view/id/4176b367611df4789640201860f5750c">https://web2.plm.edu.ph/prs/gp/report/view/id/4176b367611df4789640201860f5750c</a>.
    </body>
</html>  
[2022-07-05 12:07:28] production.INFO: HTTP/1.0 302 Found
Cache-Control: no-cache, private
Date:          Tue, 05 Jul 2022 04:07:28 GMT
Location:      https://web2.plm.edu.ph/prs/gp/report/view/id/4a25c2ea0b6f2ec69ad5a4c8ed32305a

<!DOCTYPE html>
<html>
    <head>
        <meta charset="UTF-8" />
        <meta http-equiv="refresh" content="1;url=https://web2.plm.edu.ph/prs/gp/report/view/id/4a25c2ea0b6f2ec69ad5a4c8ed32305a" />

        <title>Redirecting to https://web2.plm.edu.ph/prs/gp/report/view/id/4a25c2ea0b6f2ec69ad5a4c8ed32305a</title>
    </head>
    <body>
        Redirecting to <a href="https://web2.plm.edu.ph/prs/gp/report/view/id/4a25c2ea0b6f2ec69ad5a4c8ed32305a">https://web2.plm.edu.ph/prs/gp/report/view/id/4a25c2ea0b6f2ec69ad5a4c8ed32305a</a>.
    </body>
</html>  
