[2022-06-01 09:25:34] production.ERROR: ErrorException: unlink(C:\$SERVER\sites\prs.icto.plm\storage\app\private\reports\GSO-GP-REGULAR [20220601-20220630].xlsm): Resource temporarily unavailable in C:\$SERVER\sites\prs.icto.plm\app\Http\Controllers\Application\Features\GPDownloadReportCtrl.php:228
Stack trace:
#0 [internal function]: Illuminate\Foundation\Bootstrap\HandleExceptions->handleError(2, 'unlink(C:\\$SERV...', 'C:\\$SERVER\\site...', 228, Array)
#1 C:\$SERVER\sites\prs.icto.plm\app\Http\Controllers\Application\Features\GPDownloadReportCtrl.php(228): unlink('C:\\$SERVER\\site...')
#2 [internal function]: MiSAKACHi\VERACiTY\Http\Controllers\Application\Features\GPDownloadReportCtrl->getAction(Object(Illuminate\Http\Request), '447aebf68744f6e...')
#3 C:\$SERVER\sites\prs.icto.plm\vendor\laravel\framework\src\Illuminate\Routing\Controller.php(55): call_user_func_array(Array, Array)
#4 C:\$SERVER\sites\prs.icto.plm\vendor\laravel\framework\src\Illuminate\Routing\ControllerDispatcher.php(44): Illuminate\Routing\Controller->callAction('getAction', Array)
#5 C:\$SERVER\sites\prs.icto.plm\vendor\laravel\framework\src\Illuminate\Routing\Route.php(203): Illuminate\Routing\ControllerDispatcher->dispatch(Object(Illuminate\Routing\Route), Object(MiSAKACHi\VERACiTY\Http\Controllers\Application\Features\GPDownloadReportCtrl), 'getAction')
#6 C:\$SERVER\sites\prs.icto.plm\vendor\laravel\framework\src\Illuminate\Routing\Route.php(160): Illuminate\Routing\Route->runController()
#7 C:\$SERVER\sites\prs.icto.plm\vendor\laravel\framework\src\Illuminate\Routing\Router.php(574): Illuminate\Routing\Route->run()
#8 C:\$SERVER\sites\prs.icto.plm\vendor\laravel\framework\src\Illuminate\Routing\Pipeline.php(30): Illuminate\Routing\Router->Illuminate\Routing\{closure}(Object(Illuminate\Http\Request))
#9 C:\$SERVER\sites\prs.icto.plm\vendor\laravel\framework\src\Illuminate\Routing\Middleware\SubstituteBindings.php(41): Illuminate\Routing\Pipeline->Illuminate\Routing\{closure}(Object(Illuminate\Http\Request))
#10 C:\$SERVER\sites\prs.icto.plm\vendor\laravel\framework\src\Illuminate\Pipeline\Pipeline.php(148): Illuminate\Routing\Middleware\SubstituteBindings->handle(Object(Illuminate\Http\Request), Object(Closure))
#11 C:\$SERVER\sites\prs.icto.plm\vendor\laravel\framework\src\Illuminate\Routing\Pipeline.php(53): Illuminate\Pipeline\Pipeline->Illuminate\Pipeline\{closure}(Object(Illuminate\Http\Request))
#12 C:\$SERVER\sites\prs.icto.plm\vendor\laravel\framework\src\Illuminate\Auth\Middleware\Authenticate.php(43): Illuminate\Routing\Pipeline->Illuminate\Routing\{closure}(Object(Illuminate\Http\Request))
#13 C:\$SERVER\sites\prs.icto.plm\vendor\laravel\framework\src\Illuminate\Pipeline\Pipeline.php(148): Illuminate\Auth\Middleware\Authenticate->handle(Object(Illuminate\Http\Request), Object(Closure))
#14 C:\$SERVER\sites\prs.icto.plm\vendor\laravel\framework\src\Illuminate\Routing\Pipeline.php(53): Illuminate\Pipeline\Pipeline->Illuminate\Pipeline\{closure}(Object(Illuminate\Http\Request))
#15 C:\$SERVER\sites\prs.icto.plm\vendor\laravel\framework\src\Illuminate\Foundation\Http\Middleware\VerifyCsrfToken.php(65): Illuminate\Routing\Pipeline->Illuminate\Routing\{closure}(Object(Illuminate\Http\Request))
#16 C:\$SERVER\sites\prs.icto.plm\vendor\laravel\framework\src\Illuminate\Pipeline\Pipeline.php(148): Illuminate\Foundation\Http\Middleware\VerifyCsrfToken->handle(Object(Illuminate\Http\Request), Object(Closure))
#17 C:\$SERVER\sites\prs.icto.plm\vendor\laravel\framework\src\Illuminate\Routing\Pipeline.php(53): Illuminate\Pipeline\Pipeline->Illuminate\Pipeline\{closure}(Object(Illuminate\Http\Request))
#18 C:\$SERVER\sites\prs.icto.plm\vendor\laravel\framework\src\Illuminate\View\Middleware\ShareErrorsFromSession.php(49): Illuminate\Routing\Pipeline->Illuminate\Routing\{closure}(Object(Illuminate\Http\Request))
#19 C:\$SERVER\sites\prs.icto.plm\vendor\laravel\framework\src\Illuminate\Pipeline\Pipeline.php(148): Illuminate\View\Middleware\ShareErrorsFromSession->handle(Object(Illuminate\Http\Request), Object(Closure))
#20 C:\$SERVER\sites\prs.icto.plm\vendor\laravel\framework\src\Illuminate\Routing\Pipeline.php(53): Illuminate\Pipeline\Pipeline->Illuminate\Pipeline\{closure}(Object(Illuminate\Http\Request))
#21 C:\$SERVER\sites\prs.icto.plm\vendor\laravel\framework\src\Illuminate\Session\Middleware\StartSession.php(64): Illuminate\Routing\Pipeline->Illuminate\Routing\{closure}(Object(Illuminate\Http\Request))
#22 C:\$SERVER\sites\prs.icto.plm\vendor\laravel\framework\src\Illuminate\Pipeline\Pipeline.php(148): Illuminate\Session\Middleware\StartSession->handle(Object(Illuminate\Http\Request), Object(Closure))
#23 C:\$SERVER\sites\prs.icto.plm\vendor\laravel\framework\src\Illuminate\Routing\Pipeline.php(53): Illuminate\Pipeline\Pipeline->Illuminate\Pipeline\{closure}(Object(Illuminate\Http\Request))
#24 C:\$SERVER\sites\prs.icto.plm\vendor\laravel\framework\src\Illuminate\Cookie\Middleware\AddQueuedCookiesToResponse.php(37): Illuminate\Routing\Pipeline->Illuminate\Routing\{closure}(Object(Illuminate\Http\Request))
#25 C:\$SERVER\sites\prs.icto.plm\vendor\laravel\framework\src\Illuminate\Pipeline\Pipeline.php(148): Illuminate\Cookie\Middleware\AddQueuedCookiesToResponse->handle(Object(Illuminate\Http\Request), Object(Closure))
#26 C:\$SERVER\sites\prs.icto.plm\vendor\laravel\framework\src\Illuminate\Routing\Pipeline.php(53): Illuminate\Pipeline\Pipeline->Illuminate\Pipeline\{closure}(Object(Illuminate\Http\Request))
#27 C:\$SERVER\sites\prs.icto.plm\vendor\laravel\framework\src\Illuminate\Cookie\Middleware\EncryptCookies.php(59): Illuminate\Routing\Pipeline->Illuminate\Routing\{closure}(Object(Illuminate\Http\Request))
#28 C:\$SERVER\sites\prs.icto.plm\vendor\laravel\framework\src\Illuminate\Pipeline\Pipeline.php(148): Illuminate\Cookie\Middleware\EncryptCookies->handle(Object(Illuminate\Http\Request), Object(Closure))
#29 C:\$SERVER\sites\prs.icto.plm\vendor\laravel\framework\src\Illuminate\Routing\Pipeline.php(53): Illuminate\Pipeline\Pipeline->Illuminate\Pipeline\{closure}(Object(Illuminate\Http\Request))
#30 C:\$SERVER\sites\prs.icto.plm\vendor\laravel\framework\src\Illuminate\Pipeline\Pipeline.php(102): Illuminate\Routing\Pipeline->Illuminate\Routing\{closure}(Object(Illuminate\Http\Request))
#31 C:\$SERVER\sites\prs.icto.plm\vendor\laravel\framework\src\Illuminate\Routing\Router.php(576): Illuminate\Pipeline\Pipeline->then(Object(Closure))
#32 C:\$SERVER\sites\prs.icto.plm\vendor\laravel\framework\src\Illuminate\Routing\Router.php(535): Illuminate\Routing\Router->runRouteWithinStack(Object(Illuminate\Routing\Route), Object(Illuminate\Http\Request))
#33 C:\$SERVER\sites\prs.icto.plm\vendor\laravel\framework\src\Illuminate\Routing\Router.php(513): Illuminate\Routing\Router->dispatchToRoute(Object(Illuminate\Http\Request))
#34 C:\$SERVER\sites\prs.icto.plm\vendor\laravel\framework\src\Illuminate\Foundation\Http\Kernel.php(174): Illuminate\Routing\Router->dispatch(Object(Illuminate\Http\Request))
#35 C:\$SERVER\sites\prs.icto.plm\vendor\laravel\framework\src\Illuminate\Routing\Pipeline.php(30): Illuminate\Foundation\Http\Kernel->Illuminate\Foundation\Http\{closure}(Object(Illuminate\Http\Request))
#36 C:\$SERVER\sites\prs.icto.plm\vendor\laravel\framework\src\Illuminate\Foundation\Http\Middleware\CheckForMaintenanceMode.php(46): Illuminate\Routing\Pipeline->Illuminate\Routing\{closure}(Object(Illuminate\Http\Request))
#37 C:\$SERVER\sites\prs.icto.plm\vendor\laravel\framework\src\Illuminate\Pipeline\Pipeline.php(148): Illuminate\Foundation\Http\Middleware\CheckForMaintenanceMode->handle(Object(Illuminate\Http\Request), Object(Closure))
#38 C:\$SERVER\sites\prs.icto.plm\vendor\laravel\framework\src\Illuminate\Routing\Pipeline.php(53): Illuminate\Pipeline\Pipeline->Illuminate\Pipeline\{closure}(Object(Illuminate\Http\Request))
#39 C:\$SERVER\sites\prs.icto.plm\vendor\laravel\framework\src\Illuminate\Pipeline\Pipeline.php(102): Illuminate\Routing\Pipeline->Illuminate\Routing\{closure}(Object(Illuminate\Http\Request))
#40 C:\$SERVER\sites\prs.icto.plm\vendor\laravel\framework\src\Illuminate\Foundation\Http\Kernel.php(149): Illuminate\Pipeline\Pipeline->then(Object(Closure))
#41 C:\$SERVER\sites\prs.icto.plm\vendor\laravel\framework\src\Illuminate\Foundation\Http\Kernel.php(116): Illuminate\Foundation\Http\Kernel->sendRequestThroughRouter(Object(Illuminate\Http\Request))
#42 C:\$SERVER\sites\prs.icto.plm\public\index.php(53): Illuminate\Foundation\Http\Kernel->handle(Object(Illuminate\Http\Request))
#43 {main}  
[2022-06-01 11:22:44] production.INFO: HTTP/1.0 302 Found
Cache-Control: no-cache, private
Date:          Wed, 01 Jun 2022 03:22:44 GMT
Location:      https://web2.plm.edu.ph/prs/gp/report/view/id/4d8a760bc63ea2d49db47f55b754bcf5

<!DOCTYPE html>
<html>
    <head>
        <meta charset="UTF-8" />
        <meta http-equiv="refresh" content="1;url=https://web2.plm.edu.ph/prs/gp/report/view/id/4d8a760bc63ea2d49db47f55b754bcf5" />

        <title>Redirecting to https://web2.plm.edu.ph/prs/gp/report/view/id/4d8a760bc63ea2d49db47f55b754bcf5</title>
    </head>
    <body>
        Redirecting to <a href="https://web2.plm.edu.ph/prs/gp/report/view/id/4d8a760bc63ea2d49db47f55b754bcf5">https://web2.plm.edu.ph/prs/gp/report/view/id/4d8a760bc63ea2d49db47f55b754bcf5</a>.
    </body>
</html>  
