[2022-06-11 10:24:31] production.ERROR: PDOException: PDO::__construct(): php_network_getaddresses: getaddrinfo failed: No such host is known.  in C:\$SERVER\sites\prs.icto.plm\vendor\laravel\framework\src\Illuminate\Database\Connectors\Connector.php:68
Stack trace:
#0 C:\$SERVER\sites\prs.icto.plm\vendor\laravel\framework\src\Illuminate\Database\Connectors\Connector.php(68): PDO->__construct('mysql:host=ICTO...', 'systemUser', '1234567890', Array)
#1 C:\$SERVER\sites\prs.icto.plm\vendor\laravel\framework\src\Illuminate\Database\Connectors\Connector.php(44): Illuminate\Database\Connectors\Connector->createPdoConnection('mysql:host=ICTO...', 'systemUser', '1234567890', Array)
#2 C:\$SERVER\sites\prs.icto.plm\vendor\laravel\framework\src\Illuminate\Database\Connectors\MySqlConnector.php(24): Illuminate\Database\Connectors\Connector->createConnection('mysql:host=ICTO...', Array, Array)
#3 C:\$SERVER\sites\prs.icto.plm\vendor\laravel\framework\src\Illuminate\Database\Connectors\ConnectionFactory.php(183): Illuminate\Database\Connectors\MySqlConnector->connect(Array)
#4 [internal function]: Illuminate\Database\Connectors\ConnectionFactory->Illuminate\Database\Connectors\{closure}()
#5 C:\$SERVER\sites\prs.icto.plm\vendor\laravel\framework\src\Illuminate\Database\Connection.php(883): call_user_func(Object(Closure))
#6 C:\$SERVER\sites\prs.icto.plm\vendor\laravel\framework\src\Illuminate\Database\DatabaseManager.php(245): Illuminate\Database\Connection->getPdo()
#7 C:\$SERVER\sites\prs.icto.plm\vendor\laravel\framework\src\Illuminate\Database\DatabaseManager.php(231): Illuminate\Database\DatabaseManager->refreshPdoConnections('prs')
#8 C:\$SERVER\sites\prs.icto.plm\vendor\laravel\framework\src\Illuminate\Database\DatabaseManager.php(165): Illuminate\Database\DatabaseManager->reconnect('prs')
#9 [internal function]: Illuminate\Database\DatabaseManager->Illuminate\Database\{closure}(Object(Illuminate\Database\MySqlConnection))
#10 C:\$SERVER\sites\prs.icto.plm\vendor\laravel\framework\src\Illuminate\Database\Connection.php(736): call_user_func(Object(Closure), Object(Illuminate\Database\MySqlConnection))
#11 C:\$SERVER\sites\prs.icto.plm\vendor\laravel\framework\src\Illuminate\Database\Concerns\ManagesTransactions.php(140): Illuminate\Database\Connection->reconnect()
#12 C:\$SERVER\sites\prs.icto.plm\vendor\laravel\framework\src\Illuminate\Database\Concerns\ManagesTransactions.php(110): Illuminate\Database\Connection->handleBeginTransactionException(Object(ErrorException))
#13 C:\$SERVER\sites\prs.icto.plm\vendor\laravel\framework\src\Illuminate\Database\Concerns\ManagesTransactions.php(92): Illuminate\Database\Connection->createTransaction()
#14 C:\$SERVER\sites\prs.icto.plm\vendor\laravel\framework\src\Illuminate\Queue\DatabaseQueue.php(192): Illuminate\Database\Connection->beginTransaction()
#15 C:\$SERVER\sites\prs.icto.plm\vendor\laravel\framework\src\Illuminate\Queue\Worker.php(241): Illuminate\Queue\DatabaseQueue->pop('default')
#16 C:\$SERVER\sites\prs.icto.plm\vendor\laravel\framework\src\Illuminate\Queue\Worker.php(104): Illuminate\Queue\Worker->getNextJob(Object(Illuminate\Queue\DatabaseQueue), 'default')
#17 C:\$SERVER\sites\prs.icto.plm\vendor\laravel\framework\src\Illuminate\Queue\Console\WorkCommand.php(101): Illuminate\Queue\Worker->daemon('database', 'default', Object(Illuminate\Queue\WorkerOptions))
#18 C:\$SERVER\sites\prs.icto.plm\vendor\laravel\framework\src\Illuminate\Queue\Console\WorkCommand.php(85): Illuminate\Queue\Console\WorkCommand->runWorker('database', 'default')
#19 [internal function]: Illuminate\Queue\Console\WorkCommand->fire()
#20 C:\$SERVER\sites\prs.icto.plm\vendor\laravel\framework\src\Illuminate\Container\BoundMethod.php(29): call_user_func_array(Array, Array)
#21 C:\$SERVER\sites\prs.icto.plm\vendor\laravel\framework\src\Illuminate\Container\BoundMethod.php(87): Illuminate\Container\BoundMethod::Illuminate\Container\{closure}()
#22 C:\$SERVER\sites\prs.icto.plm\vendor\laravel\framework\src\Illuminate\Container\BoundMethod.php(31): Illuminate\Container\BoundMethod::callBoundMethod(Object(Illuminate\Foundation\Application), Array, Object(Closure))
#23 C:\$SERVER\sites\prs.icto.plm\vendor\laravel\framework\src\Illuminate\Container\Container.php(539): Illuminate\Container\BoundMethod::call(Object(Illuminate\Foundation\Application), Array, Array, NULL)
#24 C:\$SERVER\sites\prs.icto.plm\vendor\laravel\framework\src\Illuminate\Console\Command.php(182): Illuminate\Container\Container->call(Array)
#25 C:\$SERVER\sites\prs.icto.plm\vendor\symfony\console\Command\Command.php(264): Illuminate\Console\Command->execute(Object(Symfony\Component\Console\Input\ArgvInput), Object(Illuminate\Console\OutputStyle))
#26 C:\$SERVER\sites\prs.icto.plm\vendor\laravel\framework\src\Illuminate\Console\Command.php(167): Symfony\Component\Console\Command\Command->run(Object(Symfony\Component\Console\Input\ArgvInput), Object(Illuminate\Console\OutputStyle))
#27 C:\$SERVER\sites\prs.icto.plm\vendor\symfony\console\Application.php(869): Illuminate\Console\Command->run(Object(Symfony\Component\Console\Input\ArgvInput), Object(Symfony\Component\Console\Output\ConsoleOutput))
#28 C:\$SERVER\sites\prs.icto.plm\vendor\symfony\console\Application.php(223): Symfony\Component\Console\Application->doRunCommand(Object(Illuminate\Queue\Console\WorkCommand), Object(Symfony\Component\Console\Input\ArgvInput), Object(Symfony\Component\Console\Output\ConsoleOutput))
#29 C:\$SERVER\sites\prs.icto.plm\vendor\symfony\console\Application.php(130): Symfony\Component\Console\Application->doRun(Object(Symfony\Component\Console\Input\ArgvInput), Object(Symfony\Component\Console\Output\ConsoleOutput))
#30 C:\$SERVER\sites\prs.icto.plm\vendor\laravel\framework\src\Illuminate\Foundation\Console\Kernel.php(122): Symfony\Component\Console\Application->run(Object(Symfony\Component\Console\Input\ArgvInput), Object(Symfony\Component\Console\Output\ConsoleOutput))
#31 C:\$SERVER\sites\prs.icto.plm\artisan(35): Illuminate\Foundation\Console\Kernel->handle(Object(Symfony\Component\Console\Input\ArgvInput), Object(Symfony\Component\Console\Output\ConsoleOutput))
#32 {main}

Next PDOException: SQLSTATE[HY000] [2002] php_network_getaddresses: getaddrinfo failed: No such host is known.  in C:\$SERVER\sites\prs.icto.plm\vendor\laravel\framework\src\Illuminate\Database\Connectors\Connector.php:68
Stack trace:
#0 C:\$SERVER\sites\prs.icto.plm\vendor\laravel\framework\src\Illuminate\Database\Connectors\Connector.php(68): PDO->__construct('mysql:host=ICTO...', 'systemUser', '1234567890', Array)
#1 C:\$SERVER\sites\prs.icto.plm\vendor\laravel\framework\src\Illuminate\Database\Connectors\Connector.php(44): Illuminate\Database\Connectors\Connector->createPdoConnection('mysql:host=ICTO...', 'systemUser', '1234567890', Array)
#2 C:\$SERVER\sites\prs.icto.plm\vendor\laravel\framework\src\Illuminate\Database\Connectors\MySqlConnector.php(24): Illuminate\Database\Connectors\Connector->createConnection('mysql:host=ICTO...', Array, Array)
#3 C:\$SERVER\sites\prs.icto.plm\vendor\laravel\framework\src\Illuminate\Database\Connectors\ConnectionFactory.php(183): Illuminate\Database\Connectors\MySqlConnector->connect(Array)
#4 [internal function]: Illuminate\Database\Connectors\ConnectionFactory->Illuminate\Database\Connectors\{closure}()
#5 C:\$SERVER\sites\prs.icto.plm\vendor\laravel\framework\src\Illuminate\Database\Connection.php(883): call_user_func(Object(Closure))
#6 C:\$SERVER\sites\prs.icto.plm\vendor\laravel\framework\src\Illuminate\Database\DatabaseManager.php(245): Illuminate\Database\Connection->getPdo()
#7 C:\$SERVER\sites\prs.icto.plm\vendor\laravel\framework\src\Illuminate\Database\DatabaseManager.php(231): Illuminate\Database\DatabaseManager->refreshPdoConnections('prs')
#8 C:\$SERVER\sites\prs.icto.plm\vendor\laravel\framework\src\Illuminate\Database\DatabaseManager.php(165): Illuminate\Database\DatabaseManager->reconnect('prs')
#9 [internal function]: Illuminate\Database\DatabaseManager->Illuminate\Database\{closure}(Object(Illuminate\Database\MySqlConnection))
#10 C:\$SERVER\sites\prs.icto.plm\vendor\laravel\framework\src\Illuminate\Database\Connection.php(736): call_user_func(Object(Closure), Object(Illuminate\Database\MySqlConnection))
#11 C:\$SERVER\sites\prs.icto.plm\vendor\laravel\framework\src\Illuminate\Database\Concerns\ManagesTransactions.php(140): Illuminate\Database\Connection->reconnect()
#12 C:\$SERVER\sites\prs.icto.plm\vendor\laravel\framework\src\Illuminate\Database\Concerns\ManagesTransactions.php(110): Illuminate\Database\Connection->handleBeginTransactionException(Object(ErrorException))
#13 C:\$SERVER\sites\prs.icto.plm\vendor\laravel\framework\src\Illuminate\Database\Concerns\ManagesTransactions.php(92): Illuminate\Database\Connection->createTransaction()
#14 C:\$SERVER\sites\prs.icto.plm\vendor\laravel\framework\src\Illuminate\Queue\DatabaseQueue.php(192): Illuminate\Database\Connection->beginTransaction()
#15 C:\$SERVER\sites\prs.icto.plm\vendor\laravel\framework\src\Illuminate\Queue\Worker.php(241): Illuminate\Queue\DatabaseQueue->pop('default')
#16 C:\$SERVER\sites\prs.icto.plm\vendor\laravel\framework\src\Illuminate\Queue\Worker.php(104): Illuminate\Queue\Worker->getNextJob(Object(Illuminate\Queue\DatabaseQueue), 'default')
#17 C:\$SERVER\sites\prs.icto.plm\vendor\laravel\framework\src\Illuminate\Queue\Console\WorkCommand.php(101): Illuminate\Queue\Worker->daemon('database', 'default', Object(Illuminate\Queue\WorkerOptions))
#18 C:\$SERVER\sites\prs.icto.plm\vendor\laravel\framework\src\Illuminate\Queue\Console\WorkCommand.php(85): Illuminate\Queue\Console\WorkCommand->runWorker('database', 'default')
#19 [internal function]: Illuminate\Queue\Console\WorkCommand->fire()
#20 C:\$SERVER\sites\prs.icto.plm\vendor\laravel\framework\src\Illuminate\Container\BoundMethod.php(29): call_user_func_array(Array, Array)
#21 C:\$SERVER\sites\prs.icto.plm\vendor\laravel\framework\src\Illuminate\Container\BoundMethod.php(87): Illuminate\Container\BoundMethod::Illuminate\Container\{closure}()
#22 C:\$SERVER\sites\prs.icto.plm\vendor\laravel\framework\src\Illuminate\Container\BoundMethod.php(31): Illuminate\Container\BoundMethod::callBoundMethod(Object(Illuminate\Foundation\Application), Array, Object(Closure))
#23 C:\$SERVER\sites\prs.icto.plm\vendor\laravel\framework\src\Illuminate\Container\Container.php(539): Illuminate\Container\BoundMethod::call(Object(Illuminate\Foundation\Application), Array, Array, NULL)
#24 C:\$SERVER\sites\prs.icto.plm\vendor\laravel\framework\src\Illuminate\Console\Command.php(182): Illuminate\Container\Container->call(Array)
#25 C:\$SERVER\sites\prs.icto.plm\vendor\symfony\console\Command\Command.php(264): Illuminate\Console\Command->execute(Object(Symfony\Component\Console\Input\ArgvInput), Object(Illuminate\Console\OutputStyle))
#26 C:\$SERVER\sites\prs.icto.plm\vendor\laravel\framework\src\Illuminate\Console\Command.php(167): Symfony\Component\Console\Command\Command->run(Object(Symfony\Component\Console\Input\ArgvInput), Object(Illuminate\Console\OutputStyle))
#27 C:\$SERVER\sites\prs.icto.plm\vendor\symfony\console\Application.php(869): Illuminate\Console\Command->run(Object(Symfony\Component\Console\Input\ArgvInput), Object(Symfony\Component\Console\Output\ConsoleOutput))
#28 C:\$SERVER\sites\prs.icto.plm\vendor\symfony\console\Application.php(223): Symfony\Component\Console\Application->doRunCommand(Object(Illuminate\Queue\Console\WorkCommand), Object(Symfony\Component\Console\Input\ArgvInput), Object(Symfony\Component\Console\Output\ConsoleOutput))
#29 C:\$SERVER\sites\prs.icto.plm\vendor\symfony\console\Application.php(130): Symfony\Component\Console\Application->doRun(Object(Symfony\Component\Console\Input\ArgvInput), Object(Symfony\Component\Console\Output\ConsoleOutput))
#30 C:\$SERVER\sites\prs.icto.plm\vendor\laravel\framework\src\Illuminate\Foundation\Console\Kernel.php(122): Symfony\Component\Console\Application->run(Object(Symfony\Component\Console\Input\ArgvInput), Object(Symfony\Component\Console\Output\ConsoleOutput))
#31 C:\$SERVER\sites\prs.icto.plm\artisan(35): Illuminate\Foundation\Console\Kernel->handle(Object(Symfony\Component\Console\Input\ArgvInput), Object(Symfony\Component\Console\Output\ConsoleOutput))
#32 {main}  
[2022-06-11 10:24:31] production.ERROR: PDOException: PDO::__construct(): php_network_getaddresses: getaddrinfo failed: No such host is known.  in C:\$SERVER\sites\prs.icto.plm\vendor\laravel\framework\src\Illuminate\Database\Connectors\Connector.php:68
Stack trace:
#0 C:\$SERVER\sites\prs.icto.plm\vendor\laravel\framework\src\Illuminate\Database\Connectors\Connector.php(68): PDO->__construct('mysql:host=ICTO...', 'systemUser', '1234567890', Array)
#1 C:\$SERVER\sites\prs.icto.plm\vendor\laravel\framework\src\Illuminate\Database\Connectors\Connector.php(44): Illuminate\Database\Connectors\Connector->createPdoConnection('mysql:host=ICTO...', 'systemUser', '1234567890', Array)
#2 C:\$SERVER\sites\prs.icto.plm\vendor\laravel\framework\src\Illuminate\Database\Connectors\MySqlConnector.php(24): Illuminate\Database\Connectors\Connector->createConnection('mysql:host=ICTO...', Array, Array)
#3 C:\$SERVER\sites\prs.icto.plm\vendor\laravel\framework\src\Illuminate\Database\Connectors\ConnectionFactory.php(183): Illuminate\Database\Connectors\MySqlConnector->connect(Array)
#4 [internal function]: Illuminate\Database\Connectors\ConnectionFactory->Illuminate\Database\Connectors\{closure}()
#5 C:\$SERVER\sites\prs.icto.plm\vendor\laravel\framework\src\Illuminate\Database\Connection.php(883): call_user_func(Object(Closure))
#6 C:\$SERVER\sites\prs.icto.plm\vendor\laravel\framework\src\Illuminate\Database\DatabaseManager.php(245): Illuminate\Database\Connection->getPdo()
#7 C:\$SERVER\sites\prs.icto.plm\vendor\laravel\framework\src\Illuminate\Database\DatabaseManager.php(231): Illuminate\Database\DatabaseManager->refreshPdoConnections('prs')
#8 C:\$SERVER\sites\prs.icto.plm\vendor\laravel\framework\src\Illuminate\Database\DatabaseManager.php(165): Illuminate\Database\DatabaseManager->reconnect('prs')
#9 [internal function]: Illuminate\Database\DatabaseManager->Illuminate\Database\{closure}(Object(Illuminate\Database\MySqlConnection))
#10 C:\$SERVER\sites\prs.icto.plm\vendor\laravel\framework\src\Illuminate\Database\Connection.php(736): call_user_func(Object(Closure), Object(Illuminate\Database\MySqlConnection))
#11 C:\$SERVER\sites\prs.icto.plm\vendor\laravel\framework\src\Illuminate\Database\Concerns\ManagesTransactions.php(140): Illuminate\Database\Connection->reconnect()
#12 C:\$SERVER\sites\prs.icto.plm\vendor\laravel\framework\src\Illuminate\Database\Concerns\ManagesTransactions.php(110): Illuminate\Database\Connection->handleBeginTransactionException(Object(ErrorException))
#13 C:\$SERVER\sites\prs.icto.plm\vendor\laravel\framework\src\Illuminate\Database\Concerns\ManagesTransactions.php(92): Illuminate\Database\Connection->createTransaction()
#14 C:\$SERVER\sites\prs.icto.plm\vendor\laravel\framework\src\Illuminate\Queue\DatabaseQueue.php(192): Illuminate\Database\Connection->beginTransaction()
#15 C:\$SERVER\sites\prs.icto.plm\vendor\laravel\framework\src\Illuminate\Queue\Worker.php(241): Illuminate\Queue\DatabaseQueue->pop('default')
#16 C:\$SERVER\sites\prs.icto.plm\vendor\laravel\framework\src\Illuminate\Queue\Worker.php(104): Illuminate\Queue\Worker->getNextJob(Object(Illuminate\Queue\DatabaseQueue), 'default')
#17 C:\$SERVER\sites\prs.icto.plm\vendor\laravel\framework\src\Illuminate\Queue\Console\WorkCommand.php(101): Illuminate\Queue\Worker->daemon('database', 'default', Object(Illuminate\Queue\WorkerOptions))
#18 C:\$SERVER\sites\prs.icto.plm\vendor\laravel\framework\src\Illuminate\Queue\Console\WorkCommand.php(85): Illuminate\Queue\Console\WorkCommand->runWorker('database', 'default')
#19 [internal function]: Illuminate\Queue\Console\WorkCommand->fire()
#20 C:\$SERVER\sites\prs.icto.plm\vendor\laravel\framework\src\Illuminate\Container\BoundMethod.php(29): call_user_func_array(Array, Array)
#21 C:\$SERVER\sites\prs.icto.plm\vendor\laravel\framework\src\Illuminate\Container\BoundMethod.php(87): Illuminate\Container\BoundMethod::Illuminate\Container\{closure}()
#22 C:\$SERVER\sites\prs.icto.plm\vendor\laravel\framework\src\Illuminate\Container\BoundMethod.php(31): Illuminate\Container\BoundMethod::callBoundMethod(Object(Illuminate\Foundation\Application), Array, Object(Closure))
#23 C:\$SERVER\sites\prs.icto.plm\vendor\laravel\framework\src\Illuminate\Container\Container.php(539): Illuminate\Container\BoundMethod::call(Object(Illuminate\Foundation\Application), Array, Array, NULL)
#24 C:\$SERVER\sites\prs.icto.plm\vendor\laravel\framework\src\Illuminate\Console\Command.php(182): Illuminate\Container\Container->call(Array)
#25 C:\$SERVER\sites\prs.icto.plm\vendor\symfony\console\Command\Command.php(264): Illuminate\Console\Command->execute(Object(Symfony\Component\Console\Input\ArgvInput), Object(Illuminate\Console\OutputStyle))
#26 C:\$SERVER\sites\prs.icto.plm\vendor\laravel\framework\src\Illuminate\Console\Command.php(167): Symfony\Component\Console\Command\Command->run(Object(Symfony\Component\Console\Input\ArgvInput), Object(Illuminate\Console\OutputStyle))
#27 C:\$SERVER\sites\prs.icto.plm\vendor\symfony\console\Application.php(869): Illuminate\Console\Command->run(Object(Symfony\Component\Console\Input\ArgvInput), Object(Symfony\Component\Console\Output\ConsoleOutput))
#28 C:\$SERVER\sites\prs.icto.plm\vendor\symfony\console\Application.php(223): Symfony\Component\Console\Application->doRunCommand(Object(Illuminate\Queue\Console\WorkCommand), Object(Symfony\Component\Console\Input\ArgvInput), Object(Symfony\Component\Console\Output\ConsoleOutput))
#29 C:\$SERVER\sites\prs.icto.plm\vendor\symfony\console\Application.php(130): Symfony\Component\Console\Application->doRun(Object(Symfony\Component\Console\Input\ArgvInput), Object(Symfony\Component\Console\Output\ConsoleOutput))
#30 C:\$SERVER\sites\prs.icto.plm\vendor\laravel\framework\src\Illuminate\Foundation\Console\Kernel.php(122): Symfony\Component\Console\Application->run(Object(Symfony\Component\Console\Input\ArgvInput), Object(Symfony\Component\Console\Output\ConsoleOutput))
#31 C:\$SERVER\sites\prs.icto.plm\artisan(35): Illuminate\Foundation\Console\Kernel->handle(Object(Symfony\Component\Console\Input\ArgvInput), Object(Symfony\Component\Console\Output\ConsoleOutput))
#32 {main}

Next PDOException: SQLSTATE[HY000] [2002] php_network_getaddresses: getaddrinfo failed: No such host is known.  in C:\$SERVER\sites\prs.icto.plm\vendor\laravel\framework\src\Illuminate\Database\Connectors\Connector.php:68
Stack trace:
#0 C:\$SERVER\sites\prs.icto.plm\vendor\laravel\framework\src\Illuminate\Database\Connectors\Connector.php(68): PDO->__construct('mysql:host=ICTO...', 'systemUser', '1234567890', Array)
#1 C:\$SERVER\sites\prs.icto.plm\vendor\laravel\framework\src\Illuminate\Database\Connectors\Connector.php(44): Illuminate\Database\Connectors\Connector->createPdoConnection('mysql:host=ICTO...', 'systemUser', '1234567890', Array)
#2 C:\$SERVER\sites\prs.icto.plm\vendor\laravel\framework\src\Illuminate\Database\Connectors\MySqlConnector.php(24): Illuminate\Database\Connectors\Connector->createConnection('mysql:host=ICTO...', Array, Array)
#3 C:\$SERVER\sites\prs.icto.plm\vendor\laravel\framework\src\Illuminate\Database\Connectors\ConnectionFactory.php(183): Illuminate\Database\Connectors\MySqlConnector->connect(Array)
#4 [internal function]: Illuminate\Database\Connectors\ConnectionFactory->Illuminate\Database\Connectors\{closure}()
#5 C:\$SERVER\sites\prs.icto.plm\vendor\laravel\framework\src\Illuminate\Database\Connection.php(883): call_user_func(Object(Closure))
#6 C:\$SERVER\sites\prs.icto.plm\vendor\laravel\framework\src\Illuminate\Database\DatabaseManager.php(245): Illuminate\Database\Connection->getPdo()
#7 C:\$SERVER\sites\prs.icto.plm\vendor\laravel\framework\src\Illuminate\Database\DatabaseManager.php(231): Illuminate\Database\DatabaseManager->refreshPdoConnections('prs')
#8 C:\$SERVER\sites\prs.icto.plm\vendor\laravel\framework\src\Illuminate\Database\DatabaseManager.php(165): Illuminate\Database\DatabaseManager->reconnect('prs')
#9 [internal function]: Illuminate\Database\DatabaseManager->Illuminate\Database\{closure}(Object(Illuminate\Database\MySqlConnection))
#10 C:\$SERVER\sites\prs.icto.plm\vendor\laravel\framework\src\Illuminate\Database\Connection.php(736): call_user_func(Object(Closure), Object(Illuminate\Database\MySqlConnection))
#11 C:\$SERVER\sites\prs.icto.plm\vendor\laravel\framework\src\Illuminate\Database\Concerns\ManagesTransactions.php(140): Illuminate\Database\Connection->reconnect()
#12 C:\$SERVER\sites\prs.icto.plm\vendor\laravel\framework\src\Illuminate\Database\Concerns\ManagesTransactions.php(110): Illuminate\Database\Connection->handleBeginTransactionException(Object(ErrorException))
#13 C:\$SERVER\sites\prs.icto.plm\vendor\laravel\framework\src\Illuminate\Database\Concerns\ManagesTransactions.php(92): Illuminate\Database\Connection->createTransaction()
#14 C:\$SERVER\sites\prs.icto.plm\vendor\laravel\framework\src\Illuminate\Queue\DatabaseQueue.php(192): Illuminate\Database\Connection->beginTransaction()
#15 C:\$SERVER\sites\prs.icto.plm\vendor\laravel\framework\src\Illuminate\Queue\Worker.php(241): Illuminate\Queue\DatabaseQueue->pop('default')
#16 C:\$SERVER\sites\prs.icto.plm\vendor\laravel\framework\src\Illuminate\Queue\Worker.php(104): Illuminate\Queue\Worker->getNextJob(Object(Illuminate\Queue\DatabaseQueue), 'default')
#17 C:\$SERVER\sites\prs.icto.plm\vendor\laravel\framework\src\Illuminate\Queue\Console\WorkCommand.php(101): Illuminate\Queue\Worker->daemon('database', 'default', Object(Illuminate\Queue\WorkerOptions))
#18 C:\$SERVER\sites\prs.icto.plm\vendor\laravel\framework\src\Illuminate\Queue\Console\WorkCommand.php(85): Illuminate\Queue\Console\WorkCommand->runWorker('database', 'default')
#19 [internal function]: Illuminate\Queue\Console\WorkCommand->fire()
#20 C:\$SERVER\sites\prs.icto.plm\vendor\laravel\framework\src\Illuminate\Container\BoundMethod.php(29): call_user_func_array(Array, Array)
#21 C:\$SERVER\sites\prs.icto.plm\vendor\laravel\framework\src\Illuminate\Container\BoundMethod.php(87): Illuminate\Container\BoundMethod::Illuminate\Container\{closure}()
#22 C:\$SERVER\sites\prs.icto.plm\vendor\laravel\framework\src\Illuminate\Container\BoundMethod.php(31): Illuminate\Container\BoundMethod::callBoundMethod(Object(Illuminate\Foundation\Application), Array, Object(Closure))
#23 C:\$SERVER\sites\prs.icto.plm\vendor\laravel\framework\src\Illuminate\Container\Container.php(539): Illuminate\Container\BoundMethod::call(Object(Illuminate\Foundation\Application), Array, Array, NULL)
#24 C:\$SERVER\sites\prs.icto.plm\vendor\laravel\framework\src\Illuminate\Console\Command.php(182): Illuminate\Container\Container->call(Array)
#25 C:\$SERVER\sites\prs.icto.plm\vendor\symfony\console\Command\Command.php(264): Illuminate\Console\Command->execute(Object(Symfony\Component\Console\Input\ArgvInput), Object(Illuminate\Console\OutputStyle))
#26 C:\$SERVER\sites\prs.icto.plm\vendor\laravel\framework\src\Illuminate\Console\Command.php(167): Symfony\Component\Console\Command\Command->run(Object(Symfony\Component\Console\Input\ArgvInput), Object(Illuminate\Console\OutputStyle))
#27 C:\$SERVER\sites\prs.icto.plm\vendor\symfony\console\Application.php(869): Illuminate\Console\Command->run(Object(Symfony\Component\Console\Input\ArgvInput), Object(Symfony\Component\Console\Output\ConsoleOutput))
#28 C:\$SERVER\sites\prs.icto.plm\vendor\symfony\console\Application.php(223): Symfony\Component\Console\Application->doRunCommand(Object(Illuminate\Queue\Console\WorkCommand), Object(Symfony\Component\Console\Input\ArgvInput), Object(Symfony\Component\Console\Output\ConsoleOutput))
#29 C:\$SERVER\sites\prs.icto.plm\vendor\symfony\console\Application.php(130): Symfony\Component\Console\Application->doRun(Object(Symfony\Component\Console\Input\ArgvInput), Object(Symfony\Component\Console\Output\ConsoleOutput))
#30 C:\$SERVER\sites\prs.icto.plm\vendor\laravel\framework\src\Illuminate\Foundation\Console\Kernel.php(122): Symfony\Component\Console\Application->run(Object(Symfony\Component\Console\Input\ArgvInput), Object(Symfony\Component\Console\Output\ConsoleOutput))
#31 C:\$SERVER\sites\prs.icto.plm\artisan(35): Illuminate\Foundation\Console\Kernel->handle(Object(Symfony\Component\Console\Input\ArgvInput), Object(Symfony\Component\Console\Output\ConsoleOutput))
#32 {main}  
[2022-06-11 10:24:34] production.ERROR: Symfony\Component\Debug\Exception\FatalThrowableError: Call to a member function beginTransaction() on null in C:\$SERVER\sites\prs.icto.plm\vendor\laravel\framework\src\Illuminate\Database\Concerns\ManagesTransactions.php:108
Stack trace:
#0 C:\$SERVER\sites\prs.icto.plm\vendor\laravel\framework\src\Illuminate\Database\Concerns\ManagesTransactions.php(92): Illuminate\Database\Connection->createTransaction()
#1 C:\$SERVER\sites\prs.icto.plm\vendor\laravel\framework\src\Illuminate\Queue\DatabaseQueue.php(192): Illuminate\Database\Connection->beginTransaction()
#2 C:\$SERVER\sites\prs.icto.plm\vendor\laravel\framework\src\Illuminate\Queue\Worker.php(241): Illuminate\Queue\DatabaseQueue->pop('default')
#3 C:\$SERVER\sites\prs.icto.plm\vendor\laravel\framework\src\Illuminate\Queue\Worker.php(104): Illuminate\Queue\Worker->getNextJob(Object(Illuminate\Queue\DatabaseQueue), 'default')
#4 C:\$SERVER\sites\prs.icto.plm\vendor\laravel\framework\src\Illuminate\Queue\Console\WorkCommand.php(101): Illuminate\Queue\Worker->daemon('database', 'default', Object(Illuminate\Queue\WorkerOptions))
#5 C:\$SERVER\sites\prs.icto.plm\vendor\laravel\framework\src\Illuminate\Queue\Console\WorkCommand.php(85): Illuminate\Queue\Console\WorkCommand->runWorker('database', 'default')
#6 [internal function]: Illuminate\Queue\Console\WorkCommand->fire()
#7 C:\$SERVER\sites\prs.icto.plm\vendor\laravel\framework\src\Illuminate\Container\BoundMethod.php(29): call_user_func_array(Array, Array)
#8 C:\$SERVER\sites\prs.icto.plm\vendor\laravel\framework\src\Illuminate\Container\BoundMethod.php(87): Illuminate\Container\BoundMethod::Illuminate\Container\{closure}()
#9 C:\$SERVER\sites\prs.icto.plm\vendor\laravel\framework\src\Illuminate\Container\BoundMethod.php(31): Illuminate\Container\BoundMethod::callBoundMethod(Object(Illuminate\Foundation\Application), Array, Object(Closure))
#10 C:\$SERVER\sites\prs.icto.plm\vendor\laravel\framework\src\Illuminate\Container\Container.php(539): Illuminate\Container\BoundMethod::call(Object(Illuminate\Foundation\Application), Array, Array, NULL)
#11 C:\$SERVER\sites\prs.icto.plm\vendor\laravel\framework\src\Illuminate\Console\Command.php(182): Illuminate\Container\Container->call(Array)
#12 C:\$SERVER\sites\prs.icto.plm\vendor\symfony\console\Command\Command.php(264): Illuminate\Console\Command->execute(Object(Symfony\Component\Console\Input\ArgvInput), Object(Illuminate\Console\OutputStyle))
#13 C:\$SERVER\sites\prs.icto.plm\vendor\laravel\framework\src\Illuminate\Console\Command.php(167): Symfony\Component\Console\Command\Command->run(Object(Symfony\Component\Console\Input\ArgvInput), Object(Illuminate\Console\OutputStyle))
#14 C:\$SERVER\sites\prs.icto.plm\vendor\symfony\console\Application.php(869): Illuminate\Console\Command->run(Object(Symfony\Component\Console\Input\ArgvInput), Object(Symfony\Component\Console\Output\ConsoleOutput))
#15 C:\$SERVER\sites\prs.icto.plm\vendor\symfony\console\Application.php(223): Symfony\Component\Console\Application->doRunCommand(Object(Illuminate\Queue\Console\WorkCommand), Object(Symfony\Component\Console\Input\ArgvInput), Object(Symfony\Component\Console\Output\ConsoleOutput))
#16 C:\$SERVER\sites\prs.icto.plm\vendor\symfony\console\Application.php(130): Symfony\Component\Console\Application->doRun(Object(Symfony\Component\Console\Input\ArgvInput), Object(Symfony\Component\Console\Output\ConsoleOutput))
#17 C:\$SERVER\sites\prs.icto.plm\vendor\laravel\framework\src\Illuminate\Foundation\Console\Kernel.php(122): Symfony\Component\Console\Application->run(Object(Symfony\Component\Console\Input\ArgvInput), Object(Symfony\Component\Console\Output\ConsoleOutput))
#18 C:\$SERVER\sites\prs.icto.plm\artisan(35): Illuminate\Foundation\Console\Kernel->handle(Object(Symfony\Component\Console\Input\ArgvInput), Object(Symfony\Component\Console\Output\ConsoleOutput))
#19 {main}  
