[2022-08-02 14:41:01] production.INFO: HTTP/1.0 302 Found
Cache-Control: no-cache, private
Date:          Tue, 02 Aug 2022 06:41:01 GMT
Location:      https://web2.plm.edu.ph/prs/gp/report/view/id/4136aa863094edf5aef08a19e4564962

<!DOCTYPE html>
<html>
    <head>
        <meta charset="UTF-8" />
        <meta http-equiv="refresh" content="1;url=https://web2.plm.edu.ph/prs/gp/report/view/id/4136aa863094edf5aef08a19e4564962" />

        <title>Redirecting to https://web2.plm.edu.ph/prs/gp/report/view/id/4136aa863094edf5aef08a19e4564962</title>
    </head>
    <body>
        Redirecting to <a href="https://web2.plm.edu.ph/prs/gp/report/view/id/4136aa863094edf5aef08a19e4564962">https://web2.plm.edu.ph/prs/gp/report/view/id/4136aa863094edf5aef08a19e4564962</a>.
    </body>
</html>  
[2022-08-02 14:44:11] production.INFO: HTTP/1.0 302 Found
Cache-Control: no-cache, private
Date:          Tue, 02 Aug 2022 06:44:11 GMT
Location:      https://web2.plm.edu.ph/prs/gp/report/view/id/4aaf2bc2b856bb62bdb80777370f9609

<!DOCTYPE html>
<html>
    <head>
        <meta charset="UTF-8" />
        <meta http-equiv="refresh" content="1;url=https://web2.plm.edu.ph/prs/gp/report/view/id/4aaf2bc2b856bb62bdb80777370f9609" />

        <title>Redirecting to https://web2.plm.edu.ph/prs/gp/report/view/id/4aaf2bc2b856bb62bdb80777370f9609</title>
    </head>
    <body>
        Redirecting to <a href="https://web2.plm.edu.ph/prs/gp/report/view/id/4aaf2bc2b856bb62bdb80777370f9609">https://web2.plm.edu.ph/prs/gp/report/view/id/4aaf2bc2b856bb62bdb80777370f9609</a>.
    </body>
</html>  
[2022-08-02 14:46:41] production.INFO: HTTP/1.0 302 Found
Cache-Control: no-cache, private
Date:          Tue, 02 Aug 2022 06:46:41 GMT
Location:      https://web2.plm.edu.ph/prs/gp/report/view/id/486ed6074271623cb6481869cc65f1ef

<!DOCTYPE html>
<html>
    <head>
        <meta charset="UTF-8" />
        <meta http-equiv="refresh" content="1;url=https://web2.plm.edu.ph/prs/gp/report/view/id/486ed6074271623cb6481869cc65f1ef" />

        <title>Redirecting to https://web2.plm.edu.ph/prs/gp/report/view/id/486ed6074271623cb6481869cc65f1ef</title>
    </head>
    <body>
        Redirecting to <a href="https://web2.plm.edu.ph/prs/gp/report/view/id/486ed6074271623cb6481869cc65f1ef">https://web2.plm.edu.ph/prs/gp/report/view/id/486ed6074271623cb6481869cc65f1ef</a>.
    </body>
</html>  
