[2022-07-06 12:56:20] production.INFO: HTTP/1.0 302 Found
Cache-Control: no-cache, private
Date:          Wed, 06 Jul 2022 04:56:19 GMT
Location:      https://web2.plm.edu.ph/prs/gp/report/view/id/4cd0891d52cb58b7b4c2c6e4f94ceb19

<!DOCTYPE html>
<html>
    <head>
        <meta charset="UTF-8" />
        <meta http-equiv="refresh" content="1;url=https://web2.plm.edu.ph/prs/gp/report/view/id/4cd0891d52cb58b7b4c2c6e4f94ceb19" />

        <title>Redirecting to https://web2.plm.edu.ph/prs/gp/report/view/id/4cd0891d52cb58b7b4c2c6e4f94ceb19</title>
    </head>
    <body>
        Redirecting to <a href="https://web2.plm.edu.ph/prs/gp/report/view/id/4cd0891d52cb58b7b4c2c6e4f94ceb19">https://web2.plm.edu.ph/prs/gp/report/view/id/4cd0891d52cb58b7b4c2c6e4f94ceb19</a>.
    </body>
</html>  
[2022-07-06 13:22:33] production.INFO: HTTP/1.0 302 Found
Cache-Control: no-cache, private
Date:          Wed, 06 Jul 2022 05:22:33 GMT
Location:      https://web2.plm.edu.ph/prs/gp/report/view/id/4d92ff2f932cb9908314cef304a6a2ba

<!DOCTYPE html>
<html>
    <head>
        <meta charset="UTF-8" />
        <meta http-equiv="refresh" content="1;url=https://web2.plm.edu.ph/prs/gp/report/view/id/4d92ff2f932cb9908314cef304a6a2ba" />

        <title>Redirecting to https://web2.plm.edu.ph/prs/gp/report/view/id/4d92ff2f932cb9908314cef304a6a2ba</title>
    </head>
    <body>
        Redirecting to <a href="https://web2.plm.edu.ph/prs/gp/report/view/id/4d92ff2f932cb9908314cef304a6a2ba">https://web2.plm.edu.ph/prs/gp/report/view/id/4d92ff2f932cb9908314cef304a6a2ba</a>.
    </body>
</html>  
[2022-07-06 13:40:58] production.INFO: HTTP/1.0 302 Found
Cache-Control: no-cache, private
Date:          Wed, 06 Jul 2022 05:40:58 GMT
Location:      https://web2.plm.edu.ph/prs/gp/report/view/id/4041f89abfe9a252b14716155e624168

<!DOCTYPE html>
<html>
    <head>
        <meta charset="UTF-8" />
        <meta http-equiv="refresh" content="1;url=https://web2.plm.edu.ph/prs/gp/report/view/id/4041f89abfe9a252b14716155e624168" />

        <title>Redirecting to https://web2.plm.edu.ph/prs/gp/report/view/id/4041f89abfe9a252b14716155e624168</title>
    </head>
    <body>
        Redirecting to <a href="https://web2.plm.edu.ph/prs/gp/report/view/id/4041f89abfe9a252b14716155e624168">https://web2.plm.edu.ph/prs/gp/report/view/id/4041f89abfe9a252b14716155e624168</a>.
    </body>
</html>  
