[2022-09-12 11:52:24] production.INFO: HTTP/1.0 302 Found
Cache-Control: no-cache, private
Date:          Mon, 12 Sep 2022 03:52:23 GMT
Location:      https://web2.plm.edu.ph/prs/gp/report/view/id/4d8d6b29e98b94d791122f1d9d376a79

<!DOCTYPE html>
<html>
    <head>
        <meta charset="UTF-8" />
        <meta http-equiv="refresh" content="1;url=https://web2.plm.edu.ph/prs/gp/report/view/id/4d8d6b29e98b94d791122f1d9d376a79" />

        <title>Redirecting to https://web2.plm.edu.ph/prs/gp/report/view/id/4d8d6b29e98b94d791122f1d9d376a79</title>
    </head>
    <body>
        Redirecting to <a href="https://web2.plm.edu.ph/prs/gp/report/view/id/4d8d6b29e98b94d791122f1d9d376a79">https://web2.plm.edu.ph/prs/gp/report/view/id/4d8d6b29e98b94d791122f1d9d376a79</a>.
    </body>
</html>  
[2022-09-12 11:58:18] production.INFO: HTTP/1.0 302 Found
Cache-Control: no-cache, private
Date:          Mon, 12 Sep 2022 03:58:18 GMT
Location:      https://web2.plm.edu.ph/prs/gp/report/view/id/4b3e43feef5f62ad81f9ee3b2a9eb23d

<!DOCTYPE html>
<html>
    <head>
        <meta charset="UTF-8" />
        <meta http-equiv="refresh" content="1;url=https://web2.plm.edu.ph/prs/gp/report/view/id/4b3e43feef5f62ad81f9ee3b2a9eb23d" />

        <title>Redirecting to https://web2.plm.edu.ph/prs/gp/report/view/id/4b3e43feef5f62ad81f9ee3b2a9eb23d</title>
    </head>
    <body>
        Redirecting to <a href="https://web2.plm.edu.ph/prs/gp/report/view/id/4b3e43feef5f62ad81f9ee3b2a9eb23d">https://web2.plm.edu.ph/prs/gp/report/view/id/4b3e43feef5f62ad81f9ee3b2a9eb23d</a>.
    </body>
</html>  
[2022-09-12 13:56:48] production.INFO: HTTP/1.0 302 Found
Cache-Control: no-cache, private
Date:          Mon, 12 Sep 2022 05:56:48 GMT
Location:      https://web2.plm.edu.ph/prs/gp/report/view/id/4214ddd75a60c7afb4f49f4f35639c27

<!DOCTYPE html>
<html>
    <head>
        <meta charset="UTF-8" />
        <meta http-equiv="refresh" content="1;url=https://web2.plm.edu.ph/prs/gp/report/view/id/4214ddd75a60c7afb4f49f4f35639c27" />

        <title>Redirecting to https://web2.plm.edu.ph/prs/gp/report/view/id/4214ddd75a60c7afb4f49f4f35639c27</title>
    </head>
    <body>
        Redirecting to <a href="https://web2.plm.edu.ph/prs/gp/report/view/id/4214ddd75a60c7afb4f49f4f35639c27">https://web2.plm.edu.ph/prs/gp/report/view/id/4214ddd75a60c7afb4f49f4f35639c27</a>.
    </body>
</html>  
[2022-09-12 14:00:21] production.INFO: HTTP/1.0 302 Found
Cache-Control: no-cache, private
Date:          Mon, 12 Sep 2022 06:00:21 GMT
Location:      https://web2.plm.edu.ph/prs/gp/report/view/id/4754f96e62ae0a3697af3c5c3abcdc1c

<!DOCTYPE html>
<html>
    <head>
        <meta charset="UTF-8" />
        <meta http-equiv="refresh" content="1;url=https://web2.plm.edu.ph/prs/gp/report/view/id/4754f96e62ae0a3697af3c5c3abcdc1c" />

        <title>Redirecting to https://web2.plm.edu.ph/prs/gp/report/view/id/4754f96e62ae0a3697af3c5c3abcdc1c</title>
    </head>
    <body>
        Redirecting to <a href="https://web2.plm.edu.ph/prs/gp/report/view/id/4754f96e62ae0a3697af3c5c3abcdc1c">https://web2.plm.edu.ph/prs/gp/report/view/id/4754f96e62ae0a3697af3c5c3abcdc1c</a>.
    </body>
</html>  
[2022-09-12 14:01:27] production.INFO: HTTP/1.0 302 Found
Cache-Control: no-cache, private
Date:          Mon, 12 Sep 2022 06:01:27 GMT
Location:      https://web2.plm.edu.ph/prs/gp/report/view/id/4d5b881e8e79af4693d664d95722be3a

<!DOCTYPE html>
<html>
    <head>
        <meta charset="UTF-8" />
        <meta http-equiv="refresh" content="1;url=https://web2.plm.edu.ph/prs/gp/report/view/id/4d5b881e8e79af4693d664d95722be3a" />

        <title>Redirecting to https://web2.plm.edu.ph/prs/gp/report/view/id/4d5b881e8e79af4693d664d95722be3a</title>
    </head>
    <body>
        Redirecting to <a href="https://web2.plm.edu.ph/prs/gp/report/view/id/4d5b881e8e79af4693d664d95722be3a">https://web2.plm.edu.ph/prs/gp/report/view/id/4d5b881e8e79af4693d664d95722be3a</a>.
    </body>
</html>  
