[2022-07-01 10:19:29] production.INFO: HTTP/1.0 302 Found
Cache-Control: no-cache, private
Date:          Fri, 01 Jul 2022 02:19:28 GMT
Location:      https://web2.plm.edu.ph/prs/gp/report/view/id/4fbe36ead86225d5919dbc4d582ced92

<!DOCTYPE html>
<html>
    <head>
        <meta charset="UTF-8" />
        <meta http-equiv="refresh" content="1;url=https://web2.plm.edu.ph/prs/gp/report/view/id/4fbe36ead86225d5919dbc4d582ced92" />

        <title>Redirecting to https://web2.plm.edu.ph/prs/gp/report/view/id/4fbe36ead86225d5919dbc4d582ced92</title>
    </head>
    <body>
        Redirecting to <a href="https://web2.plm.edu.ph/prs/gp/report/view/id/4fbe36ead86225d5919dbc4d582ced92">https://web2.plm.edu.ph/prs/gp/report/view/id/4fbe36ead86225d5919dbc4d582ced92</a>.
    </body>
</html>  
[2022-07-01 10:43:40] production.INFO: HTTP/1.0 302 Found
Cache-Control: no-cache, private
Date:          Fri, 01 Jul 2022 02:43:40 GMT
Location:      https://web2.plm.edu.ph/prs/gp/report/view/id/49b52f3683213f5db1734d82af357ac6

<!DOCTYPE html>
<html>
    <head>
        <meta charset="UTF-8" />
        <meta http-equiv="refresh" content="1;url=https://web2.plm.edu.ph/prs/gp/report/view/id/49b52f3683213f5db1734d82af357ac6" />

        <title>Redirecting to https://web2.plm.edu.ph/prs/gp/report/view/id/49b52f3683213f5db1734d82af357ac6</title>
    </head>
    <body>
        Redirecting to <a href="https://web2.plm.edu.ph/prs/gp/report/view/id/49b52f3683213f5db1734d82af357ac6">https://web2.plm.edu.ph/prs/gp/report/view/id/49b52f3683213f5db1734d82af357ac6</a>.
    </body>
</html>  
[2022-07-01 10:46:47] production.INFO: HTTP/1.0 302 Found
Cache-Control: no-cache, private
Date:          Fri, 01 Jul 2022 02:46:47 GMT
Location:      https://web2.plm.edu.ph/prs/gp/report/view/id/4e8ebf341042bdf197074c444f807727

<!DOCTYPE html>
<html>
    <head>
        <meta charset="UTF-8" />
        <meta http-equiv="refresh" content="1;url=https://web2.plm.edu.ph/prs/gp/report/view/id/4e8ebf341042bdf197074c444f807727" />

        <title>Redirecting to https://web2.plm.edu.ph/prs/gp/report/view/id/4e8ebf341042bdf197074c444f807727</title>
    </head>
    <body>
        Redirecting to <a href="https://web2.plm.edu.ph/prs/gp/report/view/id/4e8ebf341042bdf197074c444f807727">https://web2.plm.edu.ph/prs/gp/report/view/id/4e8ebf341042bdf197074c444f807727</a>.
    </body>
</html>  
[2022-07-01 13:57:17] production.INFO: HTTP/1.0 302 Found
Cache-Control: no-cache, private
Date:          Fri, 01 Jul 2022 05:57:17 GMT
Location:      https://web2.plm.edu.ph/prs/gp/report/view/id/4aeb23248efdb69da7d8eef5dab794cc

<!DOCTYPE html>
<html>
    <head>
        <meta charset="UTF-8" />
        <meta http-equiv="refresh" content="1;url=https://web2.plm.edu.ph/prs/gp/report/view/id/4aeb23248efdb69da7d8eef5dab794cc" />

        <title>Redirecting to https://web2.plm.edu.ph/prs/gp/report/view/id/4aeb23248efdb69da7d8eef5dab794cc</title>
    </head>
    <body>
        Redirecting to <a href="https://web2.plm.edu.ph/prs/gp/report/view/id/4aeb23248efdb69da7d8eef5dab794cc">https://web2.plm.edu.ph/prs/gp/report/view/id/4aeb23248efdb69da7d8eef5dab794cc</a>.
    </body>
</html>  
[2022-07-01 14:31:21] production.INFO: HTTP/1.0 302 Found
Cache-Control: no-cache, private
Date:          Fri, 01 Jul 2022 06:31:20 GMT
Location:      https://web2.plm.edu.ph/prs/gp/report/view/id/4793bc5e563bc1c7996b2101a1d2711d

<!DOCTYPE html>
<html>
    <head>
        <meta charset="UTF-8" />
        <meta http-equiv="refresh" content="1;url=https://web2.plm.edu.ph/prs/gp/report/view/id/4793bc5e563bc1c7996b2101a1d2711d" />

        <title>Redirecting to https://web2.plm.edu.ph/prs/gp/report/view/id/4793bc5e563bc1c7996b2101a1d2711d</title>
    </head>
    <body>
        Redirecting to <a href="https://web2.plm.edu.ph/prs/gp/report/view/id/4793bc5e563bc1c7996b2101a1d2711d">https://web2.plm.edu.ph/prs/gp/report/view/id/4793bc5e563bc1c7996b2101a1d2711d</a>.
    </body>
</html>  
[2022-07-01 14:35:12] production.INFO: HTTP/1.0 302 Found
Cache-Control: no-cache, private
Date:          Fri, 01 Jul 2022 06:35:12 GMT
Location:      https://web2.plm.edu.ph/prs/gp/report/view/id/464c7fdc54b3925d8085b2f1322b8c90

<!DOCTYPE html>
<html>
    <head>
        <meta charset="UTF-8" />
        <meta http-equiv="refresh" content="1;url=https://web2.plm.edu.ph/prs/gp/report/view/id/464c7fdc54b3925d8085b2f1322b8c90" />

        <title>Redirecting to https://web2.plm.edu.ph/prs/gp/report/view/id/464c7fdc54b3925d8085b2f1322b8c90</title>
    </head>
    <body>
        Redirecting to <a href="https://web2.plm.edu.ph/prs/gp/report/view/id/464c7fdc54b3925d8085b2f1322b8c90">https://web2.plm.edu.ph/prs/gp/report/view/id/464c7fdc54b3925d8085b2f1322b8c90</a>.
    </body>
</html>  
[2022-07-01 15:02:37] production.INFO: HTTP/1.0 302 Found
Cache-Control: no-cache, private
Date:          Fri, 01 Jul 2022 07:02:37 GMT
Location:      https://web2.plm.edu.ph/prs/gp/report/view/id/4d80cd082de0b4a0bf63ced49d1710b6

<!DOCTYPE html>
<html>
    <head>
        <meta charset="UTF-8" />
        <meta http-equiv="refresh" content="1;url=https://web2.plm.edu.ph/prs/gp/report/view/id/4d80cd082de0b4a0bf63ced49d1710b6" />

        <title>Redirecting to https://web2.plm.edu.ph/prs/gp/report/view/id/4d80cd082de0b4a0bf63ced49d1710b6</title>
    </head>
    <body>
        Redirecting to <a href="https://web2.plm.edu.ph/prs/gp/report/view/id/4d80cd082de0b4a0bf63ced49d1710b6">https://web2.plm.edu.ph/prs/gp/report/view/id/4d80cd082de0b4a0bf63ced49d1710b6</a>.
    </body>
</html>  
[2022-07-01 15:06:03] production.INFO: HTTP/1.0 302 Found
Cache-Control: no-cache, private
Date:          Fri, 01 Jul 2022 07:06:03 GMT
Location:      https://web2.plm.edu.ph/prs/gp/report/view/id/4d80cd082de0b4a0bf63ced49d1710b6

<!DOCTYPE html>
<html>
    <head>
        <meta charset="UTF-8" />
        <meta http-equiv="refresh" content="1;url=https://web2.plm.edu.ph/prs/gp/report/view/id/4d80cd082de0b4a0bf63ced49d1710b6" />

        <title>Redirecting to https://web2.plm.edu.ph/prs/gp/report/view/id/4d80cd082de0b4a0bf63ced49d1710b6</title>
    </head>
    <body>
        Redirecting to <a href="https://web2.plm.edu.ph/prs/gp/report/view/id/4d80cd082de0b4a0bf63ced49d1710b6">https://web2.plm.edu.ph/prs/gp/report/view/id/4d80cd082de0b4a0bf63ced49d1710b6</a>.
    </body>
</html>  
