[2022-08-01 08:57:58] production.INFO: HTTP/1.0 302 Found
Cache-Control: no-cache, private
Date:          Mon, 01 Aug 2022 00:57:58 GMT
Location:      https://web2.plm.edu.ph/prs/gp/report/view/id/41c563622b22b37da40f538206fe20fa

<!DOCTYPE html>
<html>
    <head>
        <meta charset="UTF-8" />
        <meta http-equiv="refresh" content="1;url=https://web2.plm.edu.ph/prs/gp/report/view/id/41c563622b22b37da40f538206fe20fa" />

        <title>Redirecting to https://web2.plm.edu.ph/prs/gp/report/view/id/41c563622b22b37da40f538206fe20fa</title>
    </head>
    <body>
        Redirecting to <a href="https://web2.plm.edu.ph/prs/gp/report/view/id/41c563622b22b37da40f538206fe20fa">https://web2.plm.edu.ph/prs/gp/report/view/id/41c563622b22b37da40f538206fe20fa</a>.
    </body>
</html>  
[2022-08-01 09:22:26] production.INFO: HTTP/1.0 302 Found
Cache-Control: no-cache, private
Date:          Mon, 01 Aug 2022 01:22:26 GMT
Location:      https://web2.plm.edu.ph/prs/gp/report/view/id/403cc64079359683ad7587e2547044ce

<!DOCTYPE html>
<html>
    <head>
        <meta charset="UTF-8" />
        <meta http-equiv="refresh" content="1;url=https://web2.plm.edu.ph/prs/gp/report/view/id/403cc64079359683ad7587e2547044ce" />

        <title>Redirecting to https://web2.plm.edu.ph/prs/gp/report/view/id/403cc64079359683ad7587e2547044ce</title>
    </head>
    <body>
        Redirecting to <a href="https://web2.plm.edu.ph/prs/gp/report/view/id/403cc64079359683ad7587e2547044ce">https://web2.plm.edu.ph/prs/gp/report/view/id/403cc64079359683ad7587e2547044ce</a>.
    </body>
</html>  
[2022-08-01 09:30:57] production.INFO: HTTP/1.0 302 Found
Cache-Control: no-cache, private
Date:          Mon, 01 Aug 2022 01:30:57 GMT
Location:      https://web2.plm.edu.ph/prs/gp/report/view/id/4d655b5b67dd6aa4bbd70cde9e851641

<!DOCTYPE html>
<html>
    <head>
        <meta charset="UTF-8" />
        <meta http-equiv="refresh" content="1;url=https://web2.plm.edu.ph/prs/gp/report/view/id/4d655b5b67dd6aa4bbd70cde9e851641" />

        <title>Redirecting to https://web2.plm.edu.ph/prs/gp/report/view/id/4d655b5b67dd6aa4bbd70cde9e851641</title>
    </head>
    <body>
        Redirecting to <a href="https://web2.plm.edu.ph/prs/gp/report/view/id/4d655b5b67dd6aa4bbd70cde9e851641">https://web2.plm.edu.ph/prs/gp/report/view/id/4d655b5b67dd6aa4bbd70cde9e851641</a>.
    </body>
</html>  
[2022-08-01 11:55:03] production.INFO: HTTP/1.0 302 Found
Cache-Control: no-cache, private
Date:          Mon, 01 Aug 2022 03:55:03 GMT
Location:      https://web2.plm.edu.ph/prs/gp/report/view/id/47db63cf4a4289eab2ac4acae9d17854

<!DOCTYPE html>
<html>
    <head>
        <meta charset="UTF-8" />
        <meta http-equiv="refresh" content="1;url=https://web2.plm.edu.ph/prs/gp/report/view/id/47db63cf4a4289eab2ac4acae9d17854" />

        <title>Redirecting to https://web2.plm.edu.ph/prs/gp/report/view/id/47db63cf4a4289eab2ac4acae9d17854</title>
    </head>
    <body>
        Redirecting to <a href="https://web2.plm.edu.ph/prs/gp/report/view/id/47db63cf4a4289eab2ac4acae9d17854">https://web2.plm.edu.ph/prs/gp/report/view/id/47db63cf4a4289eab2ac4acae9d17854</a>.
    </body>
</html>  
[2022-08-01 11:55:34] production.INFO: HTTP/1.0 302 Found
Cache-Control: no-cache, private
Date:          Mon, 01 Aug 2022 03:55:34 GMT
Location:      https://web2.plm.edu.ph/prs/gp/report/view/id/4f264c7515e94174b967e4b567574bd6

<!DOCTYPE html>
<html>
    <head>
        <meta charset="UTF-8" />
        <meta http-equiv="refresh" content="1;url=https://web2.plm.edu.ph/prs/gp/report/view/id/4f264c7515e94174b967e4b567574bd6" />

        <title>Redirecting to https://web2.plm.edu.ph/prs/gp/report/view/id/4f264c7515e94174b967e4b567574bd6</title>
    </head>
    <body>
        Redirecting to <a href="https://web2.plm.edu.ph/prs/gp/report/view/id/4f264c7515e94174b967e4b567574bd6">https://web2.plm.edu.ph/prs/gp/report/view/id/4f264c7515e94174b967e4b567574bd6</a>.
    </body>
</html>  
