[2022-07-15 10:04:03] production.ERROR: Swift_TransportException: Connection to tcp://smtp-legacy.office365.com:587 Timed Out in C:\$SERVER\sites\prs.icto.plm\vendor\swiftmailer\swiftmailer\lib\classes\Swift\Transport\AbstractSmtpTransport.php:404
Stack trace:
#0 C:\$SERVER\sites\prs.icto.plm\vendor\swiftmailer\swiftmailer\lib\classes\Swift\Transport\AbstractSmtpTransport.php(277): Swift_Transport_AbstractSmtpTransport->_getFullResponse(29838)
#1 C:\$SERVER\sites\prs.icto.plm\vendor\swiftmailer\swiftmailer\lib\classes\Swift\Transport\EsmtpTransport.php(270): Swift_Transport_AbstractSmtpTransport->executeCommand('RSET\r\n', Array, Array)
#2 C:\$SERVER\sites\prs.icto.plm\vendor\swiftmailer\swiftmailer\lib\classes\Swift\Transport\Esmtp\Auth\LoginAuthenticator.php(46): Swift_Transport_EsmtpTransport->executeCommand('RSET\r\n', Array)
#3 C:\$SERVER\sites\prs.icto.plm\vendor\swiftmailer\swiftmailer\lib\classes\Swift\Transport\Esmtp\AuthHandler.php(176): Swift_Transport_Esmtp_Auth_LoginAuthenticator->authenticate(Object(Swift_SmtpTransport), 'plmpayroll@plm....', 'SMTPp@yrollP@ys...')
#4 C:\$SERVER\sites\prs.icto.plm\vendor\swiftmailer\swiftmailer\lib\classes\Swift\Transport\EsmtpTransport.php(332): Swift_Transport_Esmtp_AuthHandler->afterEhlo(Object(Swift_SmtpTransport))
#5 C:\$SERVER\sites\prs.icto.plm\vendor\swiftmailer\swiftmailer\lib\classes\Swift\Transport\AbstractSmtpTransport.php(118): Swift_Transport_EsmtpTransport->_doHeloCommand()
#6 C:\$SERVER\sites\prs.icto.plm\vendor\swiftmailer\swiftmailer\lib\classes\Swift\Mailer.php(79): Swift_Transport_AbstractSmtpTransport->start()
#7 C:\$SERVER\sites\prs.icto.plm\vendor\laravel\framework\src\Illuminate\Mail\Mailer.php(440): Swift_Mailer->send(Object(Swift_Message), Array)
#8 C:\$SERVER\sites\prs.icto.plm\vendor\laravel\framework\src\Illuminate\Mail\Mailer.php(211): Illuminate\Mail\Mailer->sendSwiftMessage(Object(Swift_Message))
#9 C:\$SERVER\sites\prs.icto.plm\vendor\laravel\framework\src\Illuminate\Mail\Mailable.php(124): Illuminate\Mail\Mailer->send('Mail.PaySlipFor...', Array, Object(Closure))
#10 C:\$SERVER\sites\prs.icto.plm\vendor\laravel\framework\src\Illuminate\Mail\SendQueuedMailable.php(52): Illuminate\Mail\Mailable->send(Object(Illuminate\Mail\Mailer))
#11 [internal function]: Illuminate\Mail\SendQueuedMailable->handle(Object(Illuminate\Mail\Mailer))
#12 C:\$SERVER\sites\prs.icto.plm\vendor\laravel\framework\src\Illuminate\Container\BoundMethod.php(29): call_user_func_array(Array, Array)
#13 C:\$SERVER\sites\prs.icto.plm\vendor\laravel\framework\src\Illuminate\Container\BoundMethod.php(87): Illuminate\Container\BoundMethod::Illuminate\Container\{closure}()
#14 C:\$SERVER\sites\prs.icto.plm\vendor\laravel\framework\src\Illuminate\Container\BoundMethod.php(31): Illuminate\Container\BoundMethod::callBoundMethod(Object(Illuminate\Foundation\Application), Array, Object(Closure))
#15 C:\$SERVER\sites\prs.icto.plm\vendor\laravel\framework\src\Illuminate\Container\Container.php(539): Illuminate\Container\BoundMethod::call(Object(Illuminate\Foundation\Application), Array, Array, NULL)
#16 C:\$SERVER\sites\prs.icto.plm\vendor\laravel\framework\src\Illuminate\Bus\Dispatcher.php(94): Illuminate\Container\Container->call(Array)
#17 C:\$SERVER\sites\prs.icto.plm\vendor\laravel\framework\src\Illuminate\Pipeline\Pipeline.php(114): Illuminate\Bus\Dispatcher->Illuminate\Bus\{closure}(Object(Illuminate\Mail\SendQueuedMailable))
#18 C:\$SERVER\sites\prs.icto.plm\vendor\laravel\framework\src\Illuminate\Pipeline\Pipeline.php(102): Illuminate\Pipeline\Pipeline->Illuminate\Pipeline\{closure}(Object(Illuminate\Mail\SendQueuedMailable))
#19 C:\$SERVER\sites\prs.icto.plm\vendor\laravel\framework\src\Illuminate\Bus\Dispatcher.php(98): Illuminate\Pipeline\Pipeline->then(Object(Closure))
#20 C:\$SERVER\sites\prs.icto.plm\vendor\laravel\framework\src\Illuminate\Queue\CallQueuedHandler.php(42): Illuminate\Bus\Dispatcher->dispatchNow(Object(Illuminate\Mail\SendQueuedMailable), false)
#21 C:\$SERVER\sites\prs.icto.plm\vendor\laravel\framework\src\Illuminate\Queue\Jobs\Job.php(69): Illuminate\Queue\CallQueuedHandler->call(Object(Illuminate\Queue\Jobs\DatabaseJob), Array)
#22 C:\$SERVER\sites\prs.icto.plm\vendor\laravel\framework\src\Illuminate\Queue\Worker.php(317): Illuminate\Queue\Jobs\Job->fire()
#23 C:\$SERVER\sites\prs.icto.plm\vendor\laravel\framework\src\Illuminate\Queue\Worker.php(267): Illuminate\Queue\Worker->process('database', Object(Illuminate\Queue\Jobs\DatabaseJob), Object(Illuminate\Queue\WorkerOptions))
#24 C:\$SERVER\sites\prs.icto.plm\vendor\laravel\framework\src\Illuminate\Queue\Worker.php(113): Illuminate\Queue\Worker->runJob(Object(Illuminate\Queue\Jobs\DatabaseJob), 'database', Object(Illuminate\Queue\WorkerOptions))
#25 C:\$SERVER\sites\prs.icto.plm\vendor\laravel\framework\src\Illuminate\Queue\Console\WorkCommand.php(101): Illuminate\Queue\Worker->daemon('database', 'default', Object(Illuminate\Queue\WorkerOptions))
#26 C:\$SERVER\sites\prs.icto.plm\vendor\laravel\framework\src\Illuminate\Queue\Console\WorkCommand.php(85): Illuminate\Queue\Console\WorkCommand->runWorker('database', 'default')
#27 [internal function]: Illuminate\Queue\Console\WorkCommand->fire()
#28 C:\$SERVER\sites\prs.icto.plm\vendor\laravel\framework\src\Illuminate\Container\BoundMethod.php(29): call_user_func_array(Array, Array)
#29 C:\$SERVER\sites\prs.icto.plm\vendor\laravel\framework\src\Illuminate\Container\BoundMethod.php(87): Illuminate\Container\BoundMethod::Illuminate\Container\{closure}()
#30 C:\$SERVER\sites\prs.icto.plm\vendor\laravel\framework\src\Illuminate\Container\BoundMethod.php(31): Illuminate\Container\BoundMethod::callBoundMethod(Object(Illuminate\Foundation\Application), Array, Object(Closure))
#31 C:\$SERVER\sites\prs.icto.plm\vendor\laravel\framework\src\Illuminate\Container\Container.php(539): Illuminate\Container\BoundMethod::call(Object(Illuminate\Foundation\Application), Array, Array, NULL)
#32 C:\$SERVER\sites\prs.icto.plm\vendor\laravel\framework\src\Illuminate\Console\Command.php(182): Illuminate\Container\Container->call(Array)
#33 C:\$SERVER\sites\prs.icto.plm\vendor\symfony\console\Command\Command.php(264): Illuminate\Console\Command->execute(Object(Symfony\Component\Console\Input\ArgvInput), Object(Illuminate\Console\OutputStyle))
#34 C:\$SERVER\sites\prs.icto.plm\vendor\laravel\framework\src\Illuminate\Console\Command.php(167): Symfony\Component\Console\Command\Command->run(Object(Symfony\Component\Console\Input\ArgvInput), Object(Illuminate\Console\OutputStyle))
#35 C:\$SERVER\sites\prs.icto.plm\vendor\symfony\console\Application.php(869): Illuminate\Console\Command->run(Object(Symfony\Component\Console\Input\ArgvInput), Object(Symfony\Component\Console\Output\ConsoleOutput))
#36 C:\$SERVER\sites\prs.icto.plm\vendor\symfony\console\Application.php(223): Symfony\Component\Console\Application->doRunCommand(Object(Illuminate\Queue\Console\WorkCommand), Object(Symfony\Component\Console\Input\ArgvInput), Object(Symfony\Component\Console\Output\ConsoleOutput))
#37 C:\$SERVER\sites\prs.icto.plm\vendor\symfony\console\Application.php(130): Symfony\Component\Console\Application->doRun(Object(Symfony\Component\Console\Input\ArgvInput), Object(Symfony\Component\Console\Output\ConsoleOutput))
#38 C:\$SERVER\sites\prs.icto.plm\vendor\laravel\framework\src\Illuminate\Foundation\Console\Kernel.php(122): Symfony\Component\Console\Application->run(Object(Symfony\Component\Console\Input\ArgvInput), Object(Symfony\Component\Console\Output\ConsoleOutput))
#39 C:\$SERVER\sites\prs.icto.plm\artisan(35): Illuminate\Foundation\Console\Kernel->handle(Object(Symfony\Component\Console\Input\ArgvInput), Object(Symfony\Component\Console\Output\ConsoleOutput))
#40 {main}  
