[2022-09-09 11:10:24] production.INFO: HTTP/1.0 302 Found
Cache-Control: no-cache, private
Date:          Fri, 09 Sep 2022 03:10:23 GMT
Location:      https://web2.plm.edu.ph/prs/gp/report/view/id/4fd37416c5cd8fb194f40a4d52af6132

<!DOCTYPE html>
<html>
    <head>
        <meta charset="UTF-8" />
        <meta http-equiv="refresh" content="1;url=https://web2.plm.edu.ph/prs/gp/report/view/id/4fd37416c5cd8fb194f40a4d52af6132" />

        <title>Redirecting to https://web2.plm.edu.ph/prs/gp/report/view/id/4fd37416c5cd8fb194f40a4d52af6132</title>
    </head>
    <body>
        Redirecting to <a href="https://web2.plm.edu.ph/prs/gp/report/view/id/4fd37416c5cd8fb194f40a4d52af6132">https://web2.plm.edu.ph/prs/gp/report/view/id/4fd37416c5cd8fb194f40a4d52af6132</a>.
    </body>
</html>  
[2022-09-09 17:30:26] production.ERROR: PDOException: Connection.php [647] -> SQLSTATE[23000]: Integrity constraint violation: 1062 Duplicate entry '17-2022-08' for key 'UQ_GP_REPORT_PARAMS' (SQL: insert into `vrc_pt_report_params` (`unique_id`, `department`, `earningYear`, `earningMonth`, `generatedBy`) values (4bf7ac5bef5a958397a7a860824db4cf, 17, 2022, 08, 20864829)) in C:\$SERVER\sites\prs.icto.plm\app\Http\Controllers\Application\Features\PartTime\GenerateCtrl.php:193
Stack trace:
#0 [internal function]: MiSAKACHi\VERACiTY\Http\Controllers\Application\Features\PartTime\GenerateCtrl->postAction(Object(MiSAKACHi\VERACiTY\Http\Requests\Features\PTGenerateRqst))
#1 C:\$SERVER\sites\prs.icto.plm\vendor\laravel\framework\src\Illuminate\Routing\Controller.php(55): call_user_func_array(Array, Array)
#2 C:\$SERVER\sites\prs.icto.plm\vendor\laravel\framework\src\Illuminate\Routing\ControllerDispatcher.php(44): Illuminate\Routing\Controller->callAction('postAction', Array)
#3 C:\$SERVER\sites\prs.icto.plm\vendor\laravel\framework\src\Illuminate\Routing\Route.php(203): Illuminate\Routing\ControllerDispatcher->dispatch(Object(Illuminate\Routing\Route), Object(MiSAKACHi\VERACiTY\Http\Controllers\Application\Features\PartTime\GenerateCtrl), 'postAction')
#4 C:\$SERVER\sites\prs.icto.plm\vendor\laravel\framework\src\Illuminate\Routing\Route.php(160): Illuminate\Routing\Route->runController()
#5 C:\$SERVER\sites\prs.icto.plm\vendor\laravel\framework\src\Illuminate\Routing\Router.php(574): Illuminate\Routing\Route->run()
#6 C:\$SERVER\sites\prs.icto.plm\vendor\laravel\framework\src\Illuminate\Routing\Pipeline.php(30): Illuminate\Routing\Router->Illuminate\Routing\{closure}(Object(Illuminate\Http\Request))
#7 C:\$SERVER\sites\prs.icto.plm\vendor\laravel\framework\src\Illuminate\Routing\Middleware\SubstituteBindings.php(41): Illuminate\Routing\Pipeline->Illuminate\Routing\{closure}(Object(Illuminate\Http\Request))
#8 C:\$SERVER\sites\prs.icto.plm\vendor\laravel\framework\src\Illuminate\Pipeline\Pipeline.php(148): Illuminate\Routing\Middleware\SubstituteBindings->handle(Object(Illuminate\Http\Request), Object(Closure))
#9 C:\$SERVER\sites\prs.icto.plm\vendor\laravel\framework\src\Illuminate\Routing\Pipeline.php(53): Illuminate\Pipeline\Pipeline->Illuminate\Pipeline\{closure}(Object(Illuminate\Http\Request))
#10 C:\$SERVER\sites\prs.icto.plm\vendor\laravel\framework\src\Illuminate\Auth\Middleware\Authenticate.php(43): Illuminate\Routing\Pipeline->Illuminate\Routing\{closure}(Object(Illuminate\Http\Request))
#11 C:\$SERVER\sites\prs.icto.plm\vendor\laravel\framework\src\Illuminate\Pipeline\Pipeline.php(148): Illuminate\Auth\Middleware\Authenticate->handle(Object(Illuminate\Http\Request), Object(Closure))
#12 C:\$SERVER\sites\prs.icto.plm\vendor\laravel\framework\src\Illuminate\Routing\Pipeline.php(53): Illuminate\Pipeline\Pipeline->Illuminate\Pipeline\{closure}(Object(Illuminate\Http\Request))
#13 C:\$SERVER\sites\prs.icto.plm\vendor\laravel\framework\src\Illuminate\Foundation\Http\Middleware\VerifyCsrfToken.php(65): Illuminate\Routing\Pipeline->Illuminate\Routing\{closure}(Object(Illuminate\Http\Request))
#14 C:\$SERVER\sites\prs.icto.plm\vendor\laravel\framework\src\Illuminate\Pipeline\Pipeline.php(148): Illuminate\Foundation\Http\Middleware\VerifyCsrfToken->handle(Object(Illuminate\Http\Request), Object(Closure))
#15 C:\$SERVER\sites\prs.icto.plm\vendor\laravel\framework\src\Illuminate\Routing\Pipeline.php(53): Illuminate\Pipeline\Pipeline->Illuminate\Pipeline\{closure}(Object(Illuminate\Http\Request))
#16 C:\$SERVER\sites\prs.icto.plm\vendor\laravel\framework\src\Illuminate\View\Middleware\ShareErrorsFromSession.php(49): Illuminate\Routing\Pipeline->Illuminate\Routing\{closure}(Object(Illuminate\Http\Request))
#17 C:\$SERVER\sites\prs.icto.plm\vendor\laravel\framework\src\Illuminate\Pipeline\Pipeline.php(148): Illuminate\View\Middleware\ShareErrorsFromSession->handle(Object(Illuminate\Http\Request), Object(Closure))
#18 C:\$SERVER\sites\prs.icto.plm\vendor\laravel\framework\src\Illuminate\Routing\Pipeline.php(53): Illuminate\Pipeline\Pipeline->Illuminate\Pipeline\{closure}(Object(Illuminate\Http\Request))
#19 C:\$SERVER\sites\prs.icto.plm\vendor\laravel\framework\src\Illuminate\Session\Middleware\StartSession.php(64): Illuminate\Routing\Pipeline->Illuminate\Routing\{closure}(Object(Illuminate\Http\Request))
#20 C:\$SERVER\sites\prs.icto.plm\vendor\laravel\framework\src\Illuminate\Pipeline\Pipeline.php(148): Illuminate\Session\Middleware\StartSession->handle(Object(Illuminate\Http\Request), Object(Closure))
#21 C:\$SERVER\sites\prs.icto.plm\vendor\laravel\framework\src\Illuminate\Routing\Pipeline.php(53): Illuminate\Pipeline\Pipeline->Illuminate\Pipeline\{closure}(Object(Illuminate\Http\Request))
#22 C:\$SERVER\sites\prs.icto.plm\vendor\laravel\framework\src\Illuminate\Cookie\Middleware\AddQueuedCookiesToResponse.php(37): Illuminate\Routing\Pipeline->Illuminate\Routing\{closure}(Object(Illuminate\Http\Request))
#23 C:\$SERVER\sites\prs.icto.plm\vendor\laravel\framework\src\Illuminate\Pipeline\Pipeline.php(148): Illuminate\Cookie\Middleware\AddQueuedCookiesToResponse->handle(Object(Illuminate\Http\Request), Object(Closure))
#24 C:\$SERVER\sites\prs.icto.plm\vendor\laravel\framework\src\Illuminate\Routing\Pipeline.php(53): Illuminate\Pipeline\Pipeline->Illuminate\Pipeline\{closure}(Object(Illuminate\Http\Request))
#25 C:\$SERVER\sites\prs.icto.plm\vendor\laravel\framework\src\Illuminate\Cookie\Middleware\EncryptCookies.php(59): Illuminate\Routing\Pipeline->Illuminate\Routing\{closure}(Object(Illuminate\Http\Request))
#26 C:\$SERVER\sites\prs.icto.plm\vendor\laravel\framework\src\Illuminate\Pipeline\Pipeline.php(148): Illuminate\Cookie\Middleware\EncryptCookies->handle(Object(Illuminate\Http\Request), Object(Closure))
#27 C:\$SERVER\sites\prs.icto.plm\vendor\laravel\framework\src\Illuminate\Routing\Pipeline.php(53): Illuminate\Pipeline\Pipeline->Illuminate\Pipeline\{closure}(Object(Illuminate\Http\Request))
#28 C:\$SERVER\sites\prs.icto.plm\vendor\laravel\framework\src\Illuminate\Pipeline\Pipeline.php(102): Illuminate\Routing\Pipeline->Illuminate\Routing\{closure}(Object(Illuminate\Http\Request))
#29 C:\$SERVER\sites\prs.icto.plm\vendor\laravel\framework\src\Illuminate\Routing\Router.php(576): Illuminate\Pipeline\Pipeline->then(Object(Closure))
#30 C:\$SERVER\sites\prs.icto.plm\vendor\laravel\framework\src\Illuminate\Routing\Router.php(535): Illuminate\Routing\Router->runRouteWithinStack(Object(Illuminate\Routing\Route), Object(Illuminate\Http\Request))
#31 C:\$SERVER\sites\prs.icto.plm\vendor\laravel\framework\src\Illuminate\Routing\Router.php(513): Illuminate\Routing\Router->dispatchToRoute(Object(Illuminate\Http\Request))
#32 C:\$SERVER\sites\prs.icto.plm\vendor\laravel\framework\src\Illuminate\Foundation\Http\Kernel.php(174): Illuminate\Routing\Router->dispatch(Object(Illuminate\Http\Request))
#33 C:\$SERVER\sites\prs.icto.plm\vendor\laravel\framework\src\Illuminate\Routing\Pipeline.php(30): Illuminate\Foundation\Http\Kernel->Illuminate\Foundation\Http\{closure}(Object(Illuminate\Http\Request))
#34 C:\$SERVER\sites\prs.icto.plm\vendor\laravel\framework\src\Illuminate\Foundation\Http\Middleware\CheckForMaintenanceMode.php(46): Illuminate\Routing\Pipeline->Illuminate\Routing\{closure}(Object(Illuminate\Http\Request))
#35 C:\$SERVER\sites\prs.icto.plm\vendor\laravel\framework\src\Illuminate\Pipeline\Pipeline.php(148): Illuminate\Foundation\Http\Middleware\CheckForMaintenanceMode->handle(Object(Illuminate\Http\Request), Object(Closure))
#36 C:\$SERVER\sites\prs.icto.plm\vendor\laravel\framework\src\Illuminate\Routing\Pipeline.php(53): Illuminate\Pipeline\Pipeline->Illuminate\Pipeline\{closure}(Object(Illuminate\Http\Request))
#37 C:\$SERVER\sites\prs.icto.plm\vendor\laravel\framework\src\Illuminate\Pipeline\Pipeline.php(102): Illuminate\Routing\Pipeline->Illuminate\Routing\{closure}(Object(Illuminate\Http\Request))
#38 C:\$SERVER\sites\prs.icto.plm\vendor\laravel\framework\src\Illuminate\Foundation\Http\Kernel.php(149): Illuminate\Pipeline\Pipeline->then(Object(Closure))
#39 C:\$SERVER\sites\prs.icto.plm\vendor\laravel\framework\src\Illuminate\Foundation\Http\Kernel.php(116): Illuminate\Foundation\Http\Kernel->sendRequestThroughRouter(Object(Illuminate\Http\Request))
#40 C:\$SERVER\sites\prs.icto.plm\public\index.php(53): Illuminate\Foundation\Http\Kernel->handle(Object(Illuminate\Http\Request))
#41 {main}  
[2022-09-09 17:30:52] production.ERROR: PDOException: Connection.php [647] -> SQLSTATE[23000]: Integrity constraint violation: 1062 Duplicate entry '48afe995fdbe05fc91cbb6a7f5482e3a-1065-2022-08' for key 'UQ_DATA' (SQL: insert into `vrc_pt_report_data` (`unique_id`, `report_id`, `emp_id`, `empNumber`, `empName`, `empDesignation`, `empAcademicType`, `empHourlyRate`, `empNoOfHrs`, `empEarnedAmount`, `empNetAmount`, `tax_percentage`, `tax_ewt`, `tax_whTax`, `otherDeductions`, `isTaxSysGenerated`, `yearMonth`, `remarks`) values (49ee0a499241bd88b6a2610722ba810d, 48afe995fdbe05fc91cbb6a7f5482e3a, 1065, 03212141, GUEVARRA, RHOVIE-RAE D, Assistant Professorial Lecturer I, U, 305.31, 20, 6106.2, 5495.58, , 610.62, 0, 0, 0, 2022-08, )) in C:\$SERVER\sites\prs.icto.plm\app\Http\Controllers\Application\Features\PartTime\ViewReportCtrl.php:289
Stack trace:
#0 [internal function]: MiSAKACHi\VERACiTY\Http\Controllers\Application\Features\PartTime\ViewReportCtrl->postAdd(Object(MiSAKACHi\VERACiTY\Http\Requests\Features\PTAddReportDataRqst))
#1 C:\$SERVER\sites\prs.icto.plm\vendor\laravel\framework\src\Illuminate\Routing\Controller.php(55): call_user_func_array(Array, Array)
#2 C:\$SERVER\sites\prs.icto.plm\vendor\laravel\framework\src\Illuminate\Routing\ControllerDispatcher.php(44): Illuminate\Routing\Controller->callAction('postAdd', Array)
#3 C:\$SERVER\sites\prs.icto.plm\vendor\laravel\framework\src\Illuminate\Routing\Route.php(203): Illuminate\Routing\ControllerDispatcher->dispatch(Object(Illuminate\Routing\Route), Object(MiSAKACHi\VERACiTY\Http\Controllers\Application\Features\PartTime\ViewReportCtrl), 'postAdd')
#4 C:\$SERVER\sites\prs.icto.plm\vendor\laravel\framework\src\Illuminate\Routing\Route.php(160): Illuminate\Routing\Route->runController()
#5 C:\$SERVER\sites\prs.icto.plm\vendor\laravel\framework\src\Illuminate\Routing\Router.php(574): Illuminate\Routing\Route->run()
#6 C:\$SERVER\sites\prs.icto.plm\vendor\laravel\framework\src\Illuminate\Routing\Pipeline.php(30): Illuminate\Routing\Router->Illuminate\Routing\{closure}(Object(Illuminate\Http\Request))
#7 C:\$SERVER\sites\prs.icto.plm\vendor\laravel\framework\src\Illuminate\Routing\Middleware\SubstituteBindings.php(41): Illuminate\Routing\Pipeline->Illuminate\Routing\{closure}(Object(Illuminate\Http\Request))
#8 C:\$SERVER\sites\prs.icto.plm\vendor\laravel\framework\src\Illuminate\Pipeline\Pipeline.php(148): Illuminate\Routing\Middleware\SubstituteBindings->handle(Object(Illuminate\Http\Request), Object(Closure))
#9 C:\$SERVER\sites\prs.icto.plm\vendor\laravel\framework\src\Illuminate\Routing\Pipeline.php(53): Illuminate\Pipeline\Pipeline->Illuminate\Pipeline\{closure}(Object(Illuminate\Http\Request))
#10 C:\$SERVER\sites\prs.icto.plm\vendor\laravel\framework\src\Illuminate\Auth\Middleware\Authenticate.php(43): Illuminate\Routing\Pipeline->Illuminate\Routing\{closure}(Object(Illuminate\Http\Request))
#11 C:\$SERVER\sites\prs.icto.plm\vendor\laravel\framework\src\Illuminate\Pipeline\Pipeline.php(148): Illuminate\Auth\Middleware\Authenticate->handle(Object(Illuminate\Http\Request), Object(Closure))
#12 C:\$SERVER\sites\prs.icto.plm\vendor\laravel\framework\src\Illuminate\Routing\Pipeline.php(53): Illuminate\Pipeline\Pipeline->Illuminate\Pipeline\{closure}(Object(Illuminate\Http\Request))
#13 C:\$SERVER\sites\prs.icto.plm\vendor\laravel\framework\src\Illuminate\Foundation\Http\Middleware\VerifyCsrfToken.php(65): Illuminate\Routing\Pipeline->Illuminate\Routing\{closure}(Object(Illuminate\Http\Request))
#14 C:\$SERVER\sites\prs.icto.plm\vendor\laravel\framework\src\Illuminate\Pipeline\Pipeline.php(148): Illuminate\Foundation\Http\Middleware\VerifyCsrfToken->handle(Object(Illuminate\Http\Request), Object(Closure))
#15 C:\$SERVER\sites\prs.icto.plm\vendor\laravel\framework\src\Illuminate\Routing\Pipeline.php(53): Illuminate\Pipeline\Pipeline->Illuminate\Pipeline\{closure}(Object(Illuminate\Http\Request))
#16 C:\$SERVER\sites\prs.icto.plm\vendor\laravel\framework\src\Illuminate\View\Middleware\ShareErrorsFromSession.php(49): Illuminate\Routing\Pipeline->Illuminate\Routing\{closure}(Object(Illuminate\Http\Request))
#17 C:\$SERVER\sites\prs.icto.plm\vendor\laravel\framework\src\Illuminate\Pipeline\Pipeline.php(148): Illuminate\View\Middleware\ShareErrorsFromSession->handle(Object(Illuminate\Http\Request), Object(Closure))
#18 C:\$SERVER\sites\prs.icto.plm\vendor\laravel\framework\src\Illuminate\Routing\Pipeline.php(53): Illuminate\Pipeline\Pipeline->Illuminate\Pipeline\{closure}(Object(Illuminate\Http\Request))
#19 C:\$SERVER\sites\prs.icto.plm\vendor\laravel\framework\src\Illuminate\Session\Middleware\StartSession.php(64): Illuminate\Routing\Pipeline->Illuminate\Routing\{closure}(Object(Illuminate\Http\Request))
#20 C:\$SERVER\sites\prs.icto.plm\vendor\laravel\framework\src\Illuminate\Pipeline\Pipeline.php(148): Illuminate\Session\Middleware\StartSession->handle(Object(Illuminate\Http\Request), Object(Closure))
#21 C:\$SERVER\sites\prs.icto.plm\vendor\laravel\framework\src\Illuminate\Routing\Pipeline.php(53): Illuminate\Pipeline\Pipeline->Illuminate\Pipeline\{closure}(Object(Illuminate\Http\Request))
#22 C:\$SERVER\sites\prs.icto.plm\vendor\laravel\framework\src\Illuminate\Cookie\Middleware\AddQueuedCookiesToResponse.php(37): Illuminate\Routing\Pipeline->Illuminate\Routing\{closure}(Object(Illuminate\Http\Request))
#23 C:\$SERVER\sites\prs.icto.plm\vendor\laravel\framework\src\Illuminate\Pipeline\Pipeline.php(148): Illuminate\Cookie\Middleware\AddQueuedCookiesToResponse->handle(Object(Illuminate\Http\Request), Object(Closure))
#24 C:\$SERVER\sites\prs.icto.plm\vendor\laravel\framework\src\Illuminate\Routing\Pipeline.php(53): Illuminate\Pipeline\Pipeline->Illuminate\Pipeline\{closure}(Object(Illuminate\Http\Request))
#25 C:\$SERVER\sites\prs.icto.plm\vendor\laravel\framework\src\Illuminate\Cookie\Middleware\EncryptCookies.php(59): Illuminate\Routing\Pipeline->Illuminate\Routing\{closure}(Object(Illuminate\Http\Request))
#26 C:\$SERVER\sites\prs.icto.plm\vendor\laravel\framework\src\Illuminate\Pipeline\Pipeline.php(148): Illuminate\Cookie\Middleware\EncryptCookies->handle(Object(Illuminate\Http\Request), Object(Closure))
#27 C:\$SERVER\sites\prs.icto.plm\vendor\laravel\framework\src\Illuminate\Routing\Pipeline.php(53): Illuminate\Pipeline\Pipeline->Illuminate\Pipeline\{closure}(Object(Illuminate\Http\Request))
#28 C:\$SERVER\sites\prs.icto.plm\vendor\laravel\framework\src\Illuminate\Pipeline\Pipeline.php(102): Illuminate\Routing\Pipeline->Illuminate\Routing\{closure}(Object(Illuminate\Http\Request))
#29 C:\$SERVER\sites\prs.icto.plm\vendor\laravel\framework\src\Illuminate\Routing\Router.php(576): Illuminate\Pipeline\Pipeline->then(Object(Closure))
#30 C:\$SERVER\sites\prs.icto.plm\vendor\laravel\framework\src\Illuminate\Routing\Router.php(535): Illuminate\Routing\Router->runRouteWithinStack(Object(Illuminate\Routing\Route), Object(Illuminate\Http\Request))
#31 C:\$SERVER\sites\prs.icto.plm\vendor\laravel\framework\src\Illuminate\Routing\Router.php(513): Illuminate\Routing\Router->dispatchToRoute(Object(Illuminate\Http\Request))
#32 C:\$SERVER\sites\prs.icto.plm\vendor\laravel\framework\src\Illuminate\Foundation\Http\Kernel.php(174): Illuminate\Routing\Router->dispatch(Object(Illuminate\Http\Request))
#33 C:\$SERVER\sites\prs.icto.plm\vendor\laravel\framework\src\Illuminate\Routing\Pipeline.php(30): Illuminate\Foundation\Http\Kernel->Illuminate\Foundation\Http\{closure}(Object(Illuminate\Http\Request))
#34 C:\$SERVER\sites\prs.icto.plm\vendor\laravel\framework\src\Illuminate\Foundation\Http\Middleware\CheckForMaintenanceMode.php(46): Illuminate\Routing\Pipeline->Illuminate\Routing\{closure}(Object(Illuminate\Http\Request))
#35 C:\$SERVER\sites\prs.icto.plm\vendor\laravel\framework\src\Illuminate\Pipeline\Pipeline.php(148): Illuminate\Foundation\Http\Middleware\CheckForMaintenanceMode->handle(Object(Illuminate\Http\Request), Object(Closure))
#36 C:\$SERVER\sites\prs.icto.plm\vendor\laravel\framework\src\Illuminate\Routing\Pipeline.php(53): Illuminate\Pipeline\Pipeline->Illuminate\Pipeline\{closure}(Object(Illuminate\Http\Request))
#37 C:\$SERVER\sites\prs.icto.plm\vendor\laravel\framework\src\Illuminate\Pipeline\Pipeline.php(102): Illuminate\Routing\Pipeline->Illuminate\Routing\{closure}(Object(Illuminate\Http\Request))
#38 C:\$SERVER\sites\prs.icto.plm\vendor\laravel\framework\src\Illuminate\Foundation\Http\Kernel.php(149): Illuminate\Pipeline\Pipeline->then(Object(Closure))
#39 C:\$SERVER\sites\prs.icto.plm\vendor\laravel\framework\src\Illuminate\Foundation\Http\Kernel.php(116): Illuminate\Foundation\Http\Kernel->sendRequestThroughRouter(Object(Illuminate\Http\Request))
#40 C:\$SERVER\sites\prs.icto.plm\public\index.php(53): Illuminate\Foundation\Http\Kernel->handle(Object(Illuminate\Http\Request))
#41 {main}  
[2022-09-09 18:04:19] production.ERROR: PDOException: Connection.php [647] -> SQLSTATE[23000]: Integrity constraint violation: 1062 Duplicate entry '48afe995fdbe05fc91cbb6a7f5482e3a-1378-2022-07' for key 'UQ_DATA' (SQL: insert into `vrc_pt_report_data` (`unique_id`, `report_id`, `emp_id`, `empNumber`, `empName`, `empDesignation`, `empAcademicType`, `empHourlyRate`, `empNoOfHrs`, `empEarnedAmount`, `empNetAmount`, `tax_percentage`, `tax_ewt`, `tax_whTax`, `otherDeductions`, `isTaxSysGenerated`, `yearMonth`, `remarks`) values (45afda6043e3d4d28265c4a9098a0501, 48afe995fdbe05fc91cbb6a7f5482e3a, 1378, 03222370, PANGANIBAN, JESICA ANNE C, Lecturer II, U, 252.32, 45, 11354.4, 10218.96, , 1135.44, 0, 0, 0, 2022-07, )) in C:\$SERVER\sites\prs.icto.plm\app\Http\Controllers\Application\Features\PartTime\ViewReportCtrl.php:289
Stack trace:
#0 [internal function]: MiSAKACHi\VERACiTY\Http\Controllers\Application\Features\PartTime\ViewReportCtrl->postAdd(Object(MiSAKACHi\VERACiTY\Http\Requests\Features\PTAddReportDataRqst))
#1 C:\$SERVER\sites\prs.icto.plm\vendor\laravel\framework\src\Illuminate\Routing\Controller.php(55): call_user_func_array(Array, Array)
#2 C:\$SERVER\sites\prs.icto.plm\vendor\laravel\framework\src\Illuminate\Routing\ControllerDispatcher.php(44): Illuminate\Routing\Controller->callAction('postAdd', Array)
#3 C:\$SERVER\sites\prs.icto.plm\vendor\laravel\framework\src\Illuminate\Routing\Route.php(203): Illuminate\Routing\ControllerDispatcher->dispatch(Object(Illuminate\Routing\Route), Object(MiSAKACHi\VERACiTY\Http\Controllers\Application\Features\PartTime\ViewReportCtrl), 'postAdd')
#4 C:\$SERVER\sites\prs.icto.plm\vendor\laravel\framework\src\Illuminate\Routing\Route.php(160): Illuminate\Routing\Route->runController()
#5 C:\$SERVER\sites\prs.icto.plm\vendor\laravel\framework\src\Illuminate\Routing\Router.php(574): Illuminate\Routing\Route->run()
#6 C:\$SERVER\sites\prs.icto.plm\vendor\laravel\framework\src\Illuminate\Routing\Pipeline.php(30): Illuminate\Routing\Router->Illuminate\Routing\{closure}(Object(Illuminate\Http\Request))
#7 C:\$SERVER\sites\prs.icto.plm\vendor\laravel\framework\src\Illuminate\Routing\Middleware\SubstituteBindings.php(41): Illuminate\Routing\Pipeline->Illuminate\Routing\{closure}(Object(Illuminate\Http\Request))
#8 C:\$SERVER\sites\prs.icto.plm\vendor\laravel\framework\src\Illuminate\Pipeline\Pipeline.php(148): Illuminate\Routing\Middleware\SubstituteBindings->handle(Object(Illuminate\Http\Request), Object(Closure))
#9 C:\$SERVER\sites\prs.icto.plm\vendor\laravel\framework\src\Illuminate\Routing\Pipeline.php(53): Illuminate\Pipeline\Pipeline->Illuminate\Pipeline\{closure}(Object(Illuminate\Http\Request))
#10 C:\$SERVER\sites\prs.icto.plm\vendor\laravel\framework\src\Illuminate\Auth\Middleware\Authenticate.php(43): Illuminate\Routing\Pipeline->Illuminate\Routing\{closure}(Object(Illuminate\Http\Request))
#11 C:\$SERVER\sites\prs.icto.plm\vendor\laravel\framework\src\Illuminate\Pipeline\Pipeline.php(148): Illuminate\Auth\Middleware\Authenticate->handle(Object(Illuminate\Http\Request), Object(Closure))
#12 C:\$SERVER\sites\prs.icto.plm\vendor\laravel\framework\src\Illuminate\Routing\Pipeline.php(53): Illuminate\Pipeline\Pipeline->Illuminate\Pipeline\{closure}(Object(Illuminate\Http\Request))
#13 C:\$SERVER\sites\prs.icto.plm\vendor\laravel\framework\src\Illuminate\Foundation\Http\Middleware\VerifyCsrfToken.php(65): Illuminate\Routing\Pipeline->Illuminate\Routing\{closure}(Object(Illuminate\Http\Request))
#14 C:\$SERVER\sites\prs.icto.plm\vendor\laravel\framework\src\Illuminate\Pipeline\Pipeline.php(148): Illuminate\Foundation\Http\Middleware\VerifyCsrfToken->handle(Object(Illuminate\Http\Request), Object(Closure))
#15 C:\$SERVER\sites\prs.icto.plm\vendor\laravel\framework\src\Illuminate\Routing\Pipeline.php(53): Illuminate\Pipeline\Pipeline->Illuminate\Pipeline\{closure}(Object(Illuminate\Http\Request))
#16 C:\$SERVER\sites\prs.icto.plm\vendor\laravel\framework\src\Illuminate\View\Middleware\ShareErrorsFromSession.php(49): Illuminate\Routing\Pipeline->Illuminate\Routing\{closure}(Object(Illuminate\Http\Request))
#17 C:\$SERVER\sites\prs.icto.plm\vendor\laravel\framework\src\Illuminate\Pipeline\Pipeline.php(148): Illuminate\View\Middleware\ShareErrorsFromSession->handle(Object(Illuminate\Http\Request), Object(Closure))
#18 C:\$SERVER\sites\prs.icto.plm\vendor\laravel\framework\src\Illuminate\Routing\Pipeline.php(53): Illuminate\Pipeline\Pipeline->Illuminate\Pipeline\{closure}(Object(Illuminate\Http\Request))
#19 C:\$SERVER\sites\prs.icto.plm\vendor\laravel\framework\src\Illuminate\Session\Middleware\StartSession.php(64): Illuminate\Routing\Pipeline->Illuminate\Routing\{closure}(Object(Illuminate\Http\Request))
#20 C:\$SERVER\sites\prs.icto.plm\vendor\laravel\framework\src\Illuminate\Pipeline\Pipeline.php(148): Illuminate\Session\Middleware\StartSession->handle(Object(Illuminate\Http\Request), Object(Closure))
#21 C:\$SERVER\sites\prs.icto.plm\vendor\laravel\framework\src\Illuminate\Routing\Pipeline.php(53): Illuminate\Pipeline\Pipeline->Illuminate\Pipeline\{closure}(Object(Illuminate\Http\Request))
#22 C:\$SERVER\sites\prs.icto.plm\vendor\laravel\framework\src\Illuminate\Cookie\Middleware\AddQueuedCookiesToResponse.php(37): Illuminate\Routing\Pipeline->Illuminate\Routing\{closure}(Object(Illuminate\Http\Request))
#23 C:\$SERVER\sites\prs.icto.plm\vendor\laravel\framework\src\Illuminate\Pipeline\Pipeline.php(148): Illuminate\Cookie\Middleware\AddQueuedCookiesToResponse->handle(Object(Illuminate\Http\Request), Object(Closure))
#24 C:\$SERVER\sites\prs.icto.plm\vendor\laravel\framework\src\Illuminate\Routing\Pipeline.php(53): Illuminate\Pipeline\Pipeline->Illuminate\Pipeline\{closure}(Object(Illuminate\Http\Request))
#25 C:\$SERVER\sites\prs.icto.plm\vendor\laravel\framework\src\Illuminate\Cookie\Middleware\EncryptCookies.php(59): Illuminate\Routing\Pipeline->Illuminate\Routing\{closure}(Object(Illuminate\Http\Request))
#26 C:\$SERVER\sites\prs.icto.plm\vendor\laravel\framework\src\Illuminate\Pipeline\Pipeline.php(148): Illuminate\Cookie\Middleware\EncryptCookies->handle(Object(Illuminate\Http\Request), Object(Closure))
#27 C:\$SERVER\sites\prs.icto.plm\vendor\laravel\framework\src\Illuminate\Routing\Pipeline.php(53): Illuminate\Pipeline\Pipeline->Illuminate\Pipeline\{closure}(Object(Illuminate\Http\Request))
#28 C:\$SERVER\sites\prs.icto.plm\vendor\laravel\framework\src\Illuminate\Pipeline\Pipeline.php(102): Illuminate\Routing\Pipeline->Illuminate\Routing\{closure}(Object(Illuminate\Http\Request))
#29 C:\$SERVER\sites\prs.icto.plm\vendor\laravel\framework\src\Illuminate\Routing\Router.php(576): Illuminate\Pipeline\Pipeline->then(Object(Closure))
#30 C:\$SERVER\sites\prs.icto.plm\vendor\laravel\framework\src\Illuminate\Routing\Router.php(535): Illuminate\Routing\Router->runRouteWithinStack(Object(Illuminate\Routing\Route), Object(Illuminate\Http\Request))
#31 C:\$SERVER\sites\prs.icto.plm\vendor\laravel\framework\src\Illuminate\Routing\Router.php(513): Illuminate\Routing\Router->dispatchToRoute(Object(Illuminate\Http\Request))
#32 C:\$SERVER\sites\prs.icto.plm\vendor\laravel\framework\src\Illuminate\Foundation\Http\Kernel.php(174): Illuminate\Routing\Router->dispatch(Object(Illuminate\Http\Request))
#33 C:\$SERVER\sites\prs.icto.plm\vendor\laravel\framework\src\Illuminate\Routing\Pipeline.php(30): Illuminate\Foundation\Http\Kernel->Illuminate\Foundation\Http\{closure}(Object(Illuminate\Http\Request))
#34 C:\$SERVER\sites\prs.icto.plm\vendor\laravel\framework\src\Illuminate\Foundation\Http\Middleware\CheckForMaintenanceMode.php(46): Illuminate\Routing\Pipeline->Illuminate\Routing\{closure}(Object(Illuminate\Http\Request))
#35 C:\$SERVER\sites\prs.icto.plm\vendor\laravel\framework\src\Illuminate\Pipeline\Pipeline.php(148): Illuminate\Foundation\Http\Middleware\CheckForMaintenanceMode->handle(Object(Illuminate\Http\Request), Object(Closure))
#36 C:\$SERVER\sites\prs.icto.plm\vendor\laravel\framework\src\Illuminate\Routing\Pipeline.php(53): Illuminate\Pipeline\Pipeline->Illuminate\Pipeline\{closure}(Object(Illuminate\Http\Request))
#37 C:\$SERVER\sites\prs.icto.plm\vendor\laravel\framework\src\Illuminate\Pipeline\Pipeline.php(102): Illuminate\Routing\Pipeline->Illuminate\Routing\{closure}(Object(Illuminate\Http\Request))
#38 C:\$SERVER\sites\prs.icto.plm\vendor\laravel\framework\src\Illuminate\Foundation\Http\Kernel.php(149): Illuminate\Pipeline\Pipeline->then(Object(Closure))
#39 C:\$SERVER\sites\prs.icto.plm\vendor\laravel\framework\src\Illuminate\Foundation\Http\Kernel.php(116): Illuminate\Foundation\Http\Kernel->sendRequestThroughRouter(Object(Illuminate\Http\Request))
#40 C:\$SERVER\sites\prs.icto.plm\public\index.php(53): Illuminate\Foundation\Http\Kernel->handle(Object(Illuminate\Http\Request))
#41 {main}  
[2022-09-09 18:05:42] production.ERROR: PDOException: Connection.php [647] -> SQLSTATE[23000]: Integrity constraint violation: 1062 Duplicate entry '48afe995fdbe05fc91cbb6a7f5482e3a-1406-2022-07' for key 'UQ_DATA' (SQL: insert into `vrc_pt_report_data` (`unique_id`, `report_id`, `emp_id`, `empNumber`, `empName`, `empDesignation`, `empAcademicType`, `empHourlyRate`, `empNoOfHrs`, `empEarnedAmount`, `empNetAmount`, `tax_percentage`, `tax_ewt`, `tax_whTax`, `otherDeductions`, `isTaxSysGenerated`, `yearMonth`, `remarks`) values (47a2ecac991a83fd82d5e5574c0216a2, 48afe995fdbe05fc91cbb6a7f5482e3a, 1406, 03222384, QUIMINALES, MA. GILDA C, Lecturer II, U, 252.32, 27, 6812.64, 6131.38, , 681.26, 0, 0, 0, 2022-07, )) in C:\$SERVER\sites\prs.icto.plm\app\Http\Controllers\Application\Features\PartTime\ViewReportCtrl.php:289
Stack trace:
#0 [internal function]: MiSAKACHi\VERACiTY\Http\Controllers\Application\Features\PartTime\ViewReportCtrl->postAdd(Object(MiSAKACHi\VERACiTY\Http\Requests\Features\PTAddReportDataRqst))
#1 C:\$SERVER\sites\prs.icto.plm\vendor\laravel\framework\src\Illuminate\Routing\Controller.php(55): call_user_func_array(Array, Array)
#2 C:\$SERVER\sites\prs.icto.plm\vendor\laravel\framework\src\Illuminate\Routing\ControllerDispatcher.php(44): Illuminate\Routing\Controller->callAction('postAdd', Array)
#3 C:\$SERVER\sites\prs.icto.plm\vendor\laravel\framework\src\Illuminate\Routing\Route.php(203): Illuminate\Routing\ControllerDispatcher->dispatch(Object(Illuminate\Routing\Route), Object(MiSAKACHi\VERACiTY\Http\Controllers\Application\Features\PartTime\ViewReportCtrl), 'postAdd')
#4 C:\$SERVER\sites\prs.icto.plm\vendor\laravel\framework\src\Illuminate\Routing\Route.php(160): Illuminate\Routing\Route->runController()
#5 C:\$SERVER\sites\prs.icto.plm\vendor\laravel\framework\src\Illuminate\Routing\Router.php(574): Illuminate\Routing\Route->run()
#6 C:\$SERVER\sites\prs.icto.plm\vendor\laravel\framework\src\Illuminate\Routing\Pipeline.php(30): Illuminate\Routing\Router->Illuminate\Routing\{closure}(Object(Illuminate\Http\Request))
#7 C:\$SERVER\sites\prs.icto.plm\vendor\laravel\framework\src\Illuminate\Routing\Middleware\SubstituteBindings.php(41): Illuminate\Routing\Pipeline->Illuminate\Routing\{closure}(Object(Illuminate\Http\Request))
#8 C:\$SERVER\sites\prs.icto.plm\vendor\laravel\framework\src\Illuminate\Pipeline\Pipeline.php(148): Illuminate\Routing\Middleware\SubstituteBindings->handle(Object(Illuminate\Http\Request), Object(Closure))
#9 C:\$SERVER\sites\prs.icto.plm\vendor\laravel\framework\src\Illuminate\Routing\Pipeline.php(53): Illuminate\Pipeline\Pipeline->Illuminate\Pipeline\{closure}(Object(Illuminate\Http\Request))
#10 C:\$SERVER\sites\prs.icto.plm\vendor\laravel\framework\src\Illuminate\Auth\Middleware\Authenticate.php(43): Illuminate\Routing\Pipeline->Illuminate\Routing\{closure}(Object(Illuminate\Http\Request))
#11 C:\$SERVER\sites\prs.icto.plm\vendor\laravel\framework\src\Illuminate\Pipeline\Pipeline.php(148): Illuminate\Auth\Middleware\Authenticate->handle(Object(Illuminate\Http\Request), Object(Closure))
#12 C:\$SERVER\sites\prs.icto.plm\vendor\laravel\framework\src\Illuminate\Routing\Pipeline.php(53): Illuminate\Pipeline\Pipeline->Illuminate\Pipeline\{closure}(Object(Illuminate\Http\Request))
#13 C:\$SERVER\sites\prs.icto.plm\vendor\laravel\framework\src\Illuminate\Foundation\Http\Middleware\VerifyCsrfToken.php(65): Illuminate\Routing\Pipeline->Illuminate\Routing\{closure}(Object(Illuminate\Http\Request))
#14 C:\$SERVER\sites\prs.icto.plm\vendor\laravel\framework\src\Illuminate\Pipeline\Pipeline.php(148): Illuminate\Foundation\Http\Middleware\VerifyCsrfToken->handle(Object(Illuminate\Http\Request), Object(Closure))
#15 C:\$SERVER\sites\prs.icto.plm\vendor\laravel\framework\src\Illuminate\Routing\Pipeline.php(53): Illuminate\Pipeline\Pipeline->Illuminate\Pipeline\{closure}(Object(Illuminate\Http\Request))
#16 C:\$SERVER\sites\prs.icto.plm\vendor\laravel\framework\src\Illuminate\View\Middleware\ShareErrorsFromSession.php(49): Illuminate\Routing\Pipeline->Illuminate\Routing\{closure}(Object(Illuminate\Http\Request))
#17 C:\$SERVER\sites\prs.icto.plm\vendor\laravel\framework\src\Illuminate\Pipeline\Pipeline.php(148): Illuminate\View\Middleware\ShareErrorsFromSession->handle(Object(Illuminate\Http\Request), Object(Closure))
#18 C:\$SERVER\sites\prs.icto.plm\vendor\laravel\framework\src\Illuminate\Routing\Pipeline.php(53): Illuminate\Pipeline\Pipeline->Illuminate\Pipeline\{closure}(Object(Illuminate\Http\Request))
#19 C:\$SERVER\sites\prs.icto.plm\vendor\laravel\framework\src\Illuminate\Session\Middleware\StartSession.php(64): Illuminate\Routing\Pipeline->Illuminate\Routing\{closure}(Object(Illuminate\Http\Request))
#20 C:\$SERVER\sites\prs.icto.plm\vendor\laravel\framework\src\Illuminate\Pipeline\Pipeline.php(148): Illuminate\Session\Middleware\StartSession->handle(Object(Illuminate\Http\Request), Object(Closure))
#21 C:\$SERVER\sites\prs.icto.plm\vendor\laravel\framework\src\Illuminate\Routing\Pipeline.php(53): Illuminate\Pipeline\Pipeline->Illuminate\Pipeline\{closure}(Object(Illuminate\Http\Request))
#22 C:\$SERVER\sites\prs.icto.plm\vendor\laravel\framework\src\Illuminate\Cookie\Middleware\AddQueuedCookiesToResponse.php(37): Illuminate\Routing\Pipeline->Illuminate\Routing\{closure}(Object(Illuminate\Http\Request))
#23 C:\$SERVER\sites\prs.icto.plm\vendor\laravel\framework\src\Illuminate\Pipeline\Pipeline.php(148): Illuminate\Cookie\Middleware\AddQueuedCookiesToResponse->handle(Object(Illuminate\Http\Request), Object(Closure))
#24 C:\$SERVER\sites\prs.icto.plm\vendor\laravel\framework\src\Illuminate\Routing\Pipeline.php(53): Illuminate\Pipeline\Pipeline->Illuminate\Pipeline\{closure}(Object(Illuminate\Http\Request))
#25 C:\$SERVER\sites\prs.icto.plm\vendor\laravel\framework\src\Illuminate\Cookie\Middleware\EncryptCookies.php(59): Illuminate\Routing\Pipeline->Illuminate\Routing\{closure}(Object(Illuminate\Http\Request))
#26 C:\$SERVER\sites\prs.icto.plm\vendor\laravel\framework\src\Illuminate\Pipeline\Pipeline.php(148): Illuminate\Cookie\Middleware\EncryptCookies->handle(Object(Illuminate\Http\Request), Object(Closure))
#27 C:\$SERVER\sites\prs.icto.plm\vendor\laravel\framework\src\Illuminate\Routing\Pipeline.php(53): Illuminate\Pipeline\Pipeline->Illuminate\Pipeline\{closure}(Object(Illuminate\Http\Request))
#28 C:\$SERVER\sites\prs.icto.plm\vendor\laravel\framework\src\Illuminate\Pipeline\Pipeline.php(102): Illuminate\Routing\Pipeline->Illuminate\Routing\{closure}(Object(Illuminate\Http\Request))
#29 C:\$SERVER\sites\prs.icto.plm\vendor\laravel\framework\src\Illuminate\Routing\Router.php(576): Illuminate\Pipeline\Pipeline->then(Object(Closure))
#30 C:\$SERVER\sites\prs.icto.plm\vendor\laravel\framework\src\Illuminate\Routing\Router.php(535): Illuminate\Routing\Router->runRouteWithinStack(Object(Illuminate\Routing\Route), Object(Illuminate\Http\Request))
#31 C:\$SERVER\sites\prs.icto.plm\vendor\laravel\framework\src\Illuminate\Routing\Router.php(513): Illuminate\Routing\Router->dispatchToRoute(Object(Illuminate\Http\Request))
#32 C:\$SERVER\sites\prs.icto.plm\vendor\laravel\framework\src\Illuminate\Foundation\Http\Kernel.php(174): Illuminate\Routing\Router->dispatch(Object(Illuminate\Http\Request))
#33 C:\$SERVER\sites\prs.icto.plm\vendor\laravel\framework\src\Illuminate\Routing\Pipeline.php(30): Illuminate\Foundation\Http\Kernel->Illuminate\Foundation\Http\{closure}(Object(Illuminate\Http\Request))
#34 C:\$SERVER\sites\prs.icto.plm\vendor\laravel\framework\src\Illuminate\Foundation\Http\Middleware\CheckForMaintenanceMode.php(46): Illuminate\Routing\Pipeline->Illuminate\Routing\{closure}(Object(Illuminate\Http\Request))
#35 C:\$SERVER\sites\prs.icto.plm\vendor\laravel\framework\src\Illuminate\Pipeline\Pipeline.php(148): Illuminate\Foundation\Http\Middleware\CheckForMaintenanceMode->handle(Object(Illuminate\Http\Request), Object(Closure))
#36 C:\$SERVER\sites\prs.icto.plm\vendor\laravel\framework\src\Illuminate\Routing\Pipeline.php(53): Illuminate\Pipeline\Pipeline->Illuminate\Pipeline\{closure}(Object(Illuminate\Http\Request))
#37 C:\$SERVER\sites\prs.icto.plm\vendor\laravel\framework\src\Illuminate\Pipeline\Pipeline.php(102): Illuminate\Routing\Pipeline->Illuminate\Routing\{closure}(Object(Illuminate\Http\Request))
#38 C:\$SERVER\sites\prs.icto.plm\vendor\laravel\framework\src\Illuminate\Foundation\Http\Kernel.php(149): Illuminate\Pipeline\Pipeline->then(Object(Closure))
#39 C:\$SERVER\sites\prs.icto.plm\vendor\laravel\framework\src\Illuminate\Foundation\Http\Kernel.php(116): Illuminate\Foundation\Http\Kernel->sendRequestThroughRouter(Object(Illuminate\Http\Request))
#40 C:\$SERVER\sites\prs.icto.plm\public\index.php(53): Illuminate\Foundation\Http\Kernel->handle(Object(Illuminate\Http\Request))
#41 {main}  
[2022-09-09 18:06:08] production.ERROR: PDOException: Connection.php [647] -> SQLSTATE[23000]: Integrity constraint violation: 1062 Duplicate entry '48afe995fdbe05fc91cbb6a7f5482e3a-1406-2022-08' for key 'UQ_DATA' (SQL: insert into `vrc_pt_report_data` (`unique_id`, `report_id`, `emp_id`, `empNumber`, `empName`, `empDesignation`, `empAcademicType`, `empHourlyRate`, `empNoOfHrs`, `empEarnedAmount`, `empNetAmount`, `tax_percentage`, `tax_ewt`, `tax_whTax`, `otherDeductions`, `isTaxSysGenerated`, `yearMonth`, `remarks`) values (41f2ddd5d9d08b578a4a2a9f11815405, 48afe995fdbe05fc91cbb6a7f5482e3a, 1406, 03222384, QUIMINALES, MA. GILDA C, Lecturer II, U, 252.32, 24.5, 6181.84, 5563.66, , 618.18, 0, 0, 0, 2022-08, )) in C:\$SERVER\sites\prs.icto.plm\app\Http\Controllers\Application\Features\PartTime\ViewReportCtrl.php:289
Stack trace:
#0 [internal function]: MiSAKACHi\VERACiTY\Http\Controllers\Application\Features\PartTime\ViewReportCtrl->postAdd(Object(MiSAKACHi\VERACiTY\Http\Requests\Features\PTAddReportDataRqst))
#1 C:\$SERVER\sites\prs.icto.plm\vendor\laravel\framework\src\Illuminate\Routing\Controller.php(55): call_user_func_array(Array, Array)
#2 C:\$SERVER\sites\prs.icto.plm\vendor\laravel\framework\src\Illuminate\Routing\ControllerDispatcher.php(44): Illuminate\Routing\Controller->callAction('postAdd', Array)
#3 C:\$SERVER\sites\prs.icto.plm\vendor\laravel\framework\src\Illuminate\Routing\Route.php(203): Illuminate\Routing\ControllerDispatcher->dispatch(Object(Illuminate\Routing\Route), Object(MiSAKACHi\VERACiTY\Http\Controllers\Application\Features\PartTime\ViewReportCtrl), 'postAdd')
#4 C:\$SERVER\sites\prs.icto.plm\vendor\laravel\framework\src\Illuminate\Routing\Route.php(160): Illuminate\Routing\Route->runController()
#5 C:\$SERVER\sites\prs.icto.plm\vendor\laravel\framework\src\Illuminate\Routing\Router.php(574): Illuminate\Routing\Route->run()
#6 C:\$SERVER\sites\prs.icto.plm\vendor\laravel\framework\src\Illuminate\Routing\Pipeline.php(30): Illuminate\Routing\Router->Illuminate\Routing\{closure}(Object(Illuminate\Http\Request))
#7 C:\$SERVER\sites\prs.icto.plm\vendor\laravel\framework\src\Illuminate\Routing\Middleware\SubstituteBindings.php(41): Illuminate\Routing\Pipeline->Illuminate\Routing\{closure}(Object(Illuminate\Http\Request))
#8 C:\$SERVER\sites\prs.icto.plm\vendor\laravel\framework\src\Illuminate\Pipeline\Pipeline.php(148): Illuminate\Routing\Middleware\SubstituteBindings->handle(Object(Illuminate\Http\Request), Object(Closure))
#9 C:\$SERVER\sites\prs.icto.plm\vendor\laravel\framework\src\Illuminate\Routing\Pipeline.php(53): Illuminate\Pipeline\Pipeline->Illuminate\Pipeline\{closure}(Object(Illuminate\Http\Request))
#10 C:\$SERVER\sites\prs.icto.plm\vendor\laravel\framework\src\Illuminate\Auth\Middleware\Authenticate.php(43): Illuminate\Routing\Pipeline->Illuminate\Routing\{closure}(Object(Illuminate\Http\Request))
#11 C:\$SERVER\sites\prs.icto.plm\vendor\laravel\framework\src\Illuminate\Pipeline\Pipeline.php(148): Illuminate\Auth\Middleware\Authenticate->handle(Object(Illuminate\Http\Request), Object(Closure))
#12 C:\$SERVER\sites\prs.icto.plm\vendor\laravel\framework\src\Illuminate\Routing\Pipeline.php(53): Illuminate\Pipeline\Pipeline->Illuminate\Pipeline\{closure}(Object(Illuminate\Http\Request))
#13 C:\$SERVER\sites\prs.icto.plm\vendor\laravel\framework\src\Illuminate\Foundation\Http\Middleware\VerifyCsrfToken.php(65): Illuminate\Routing\Pipeline->Illuminate\Routing\{closure}(Object(Illuminate\Http\Request))
#14 C:\$SERVER\sites\prs.icto.plm\vendor\laravel\framework\src\Illuminate\Pipeline\Pipeline.php(148): Illuminate\Foundation\Http\Middleware\VerifyCsrfToken->handle(Object(Illuminate\Http\Request), Object(Closure))
#15 C:\$SERVER\sites\prs.icto.plm\vendor\laravel\framework\src\Illuminate\Routing\Pipeline.php(53): Illuminate\Pipeline\Pipeline->Illuminate\Pipeline\{closure}(Object(Illuminate\Http\Request))
#16 C:\$SERVER\sites\prs.icto.plm\vendor\laravel\framework\src\Illuminate\View\Middleware\ShareErrorsFromSession.php(49): Illuminate\Routing\Pipeline->Illuminate\Routing\{closure}(Object(Illuminate\Http\Request))
#17 C:\$SERVER\sites\prs.icto.plm\vendor\laravel\framework\src\Illuminate\Pipeline\Pipeline.php(148): Illuminate\View\Middleware\ShareErrorsFromSession->handle(Object(Illuminate\Http\Request), Object(Closure))
#18 C:\$SERVER\sites\prs.icto.plm\vendor\laravel\framework\src\Illuminate\Routing\Pipeline.php(53): Illuminate\Pipeline\Pipeline->Illuminate\Pipeline\{closure}(Object(Illuminate\Http\Request))
#19 C:\$SERVER\sites\prs.icto.plm\vendor\laravel\framework\src\Illuminate\Session\Middleware\StartSession.php(64): Illuminate\Routing\Pipeline->Illuminate\Routing\{closure}(Object(Illuminate\Http\Request))
#20 C:\$SERVER\sites\prs.icto.plm\vendor\laravel\framework\src\Illuminate\Pipeline\Pipeline.php(148): Illuminate\Session\Middleware\StartSession->handle(Object(Illuminate\Http\Request), Object(Closure))
#21 C:\$SERVER\sites\prs.icto.plm\vendor\laravel\framework\src\Illuminate\Routing\Pipeline.php(53): Illuminate\Pipeline\Pipeline->Illuminate\Pipeline\{closure}(Object(Illuminate\Http\Request))
#22 C:\$SERVER\sites\prs.icto.plm\vendor\laravel\framework\src\Illuminate\Cookie\Middleware\AddQueuedCookiesToResponse.php(37): Illuminate\Routing\Pipeline->Illuminate\Routing\{closure}(Object(Illuminate\Http\Request))
#23 C:\$SERVER\sites\prs.icto.plm\vendor\laravel\framework\src\Illuminate\Pipeline\Pipeline.php(148): Illuminate\Cookie\Middleware\AddQueuedCookiesToResponse->handle(Object(Illuminate\Http\Request), Object(Closure))
#24 C:\$SERVER\sites\prs.icto.plm\vendor\laravel\framework\src\Illuminate\Routing\Pipeline.php(53): Illuminate\Pipeline\Pipeline->Illuminate\Pipeline\{closure}(Object(Illuminate\Http\Request))
#25 C:\$SERVER\sites\prs.icto.plm\vendor\laravel\framework\src\Illuminate\Cookie\Middleware\EncryptCookies.php(59): Illuminate\Routing\Pipeline->Illuminate\Routing\{closure}(Object(Illuminate\Http\Request))
#26 C:\$SERVER\sites\prs.icto.plm\vendor\laravel\framework\src\Illuminate\Pipeline\Pipeline.php(148): Illuminate\Cookie\Middleware\EncryptCookies->handle(Object(Illuminate\Http\Request), Object(Closure))
#27 C:\$SERVER\sites\prs.icto.plm\vendor\laravel\framework\src\Illuminate\Routing\Pipeline.php(53): Illuminate\Pipeline\Pipeline->Illuminate\Pipeline\{closure}(Object(Illuminate\Http\Request))
#28 C:\$SERVER\sites\prs.icto.plm\vendor\laravel\framework\src\Illuminate\Pipeline\Pipeline.php(102): Illuminate\Routing\Pipeline->Illuminate\Routing\{closure}(Object(Illuminate\Http\Request))
#29 C:\$SERVER\sites\prs.icto.plm\vendor\laravel\framework\src\Illuminate\Routing\Router.php(576): Illuminate\Pipeline\Pipeline->then(Object(Closure))
#30 C:\$SERVER\sites\prs.icto.plm\vendor\laravel\framework\src\Illuminate\Routing\Router.php(535): Illuminate\Routing\Router->runRouteWithinStack(Object(Illuminate\Routing\Route), Object(Illuminate\Http\Request))
#31 C:\$SERVER\sites\prs.icto.plm\vendor\laravel\framework\src\Illuminate\Routing\Router.php(513): Illuminate\Routing\Router->dispatchToRoute(Object(Illuminate\Http\Request))
#32 C:\$SERVER\sites\prs.icto.plm\vendor\laravel\framework\src\Illuminate\Foundation\Http\Kernel.php(174): Illuminate\Routing\Router->dispatch(Object(Illuminate\Http\Request))
#33 C:\$SERVER\sites\prs.icto.plm\vendor\laravel\framework\src\Illuminate\Routing\Pipeline.php(30): Illuminate\Foundation\Http\Kernel->Illuminate\Foundation\Http\{closure}(Object(Illuminate\Http\Request))
#34 C:\$SERVER\sites\prs.icto.plm\vendor\laravel\framework\src\Illuminate\Foundation\Http\Middleware\CheckForMaintenanceMode.php(46): Illuminate\Routing\Pipeline->Illuminate\Routing\{closure}(Object(Illuminate\Http\Request))
#35 C:\$SERVER\sites\prs.icto.plm\vendor\laravel\framework\src\Illuminate\Pipeline\Pipeline.php(148): Illuminate\Foundation\Http\Middleware\CheckForMaintenanceMode->handle(Object(Illuminate\Http\Request), Object(Closure))
#36 C:\$SERVER\sites\prs.icto.plm\vendor\laravel\framework\src\Illuminate\Routing\Pipeline.php(53): Illuminate\Pipeline\Pipeline->Illuminate\Pipeline\{closure}(Object(Illuminate\Http\Request))
#37 C:\$SERVER\sites\prs.icto.plm\vendor\laravel\framework\src\Illuminate\Pipeline\Pipeline.php(102): Illuminate\Routing\Pipeline->Illuminate\Routing\{closure}(Object(Illuminate\Http\Request))
#38 C:\$SERVER\sites\prs.icto.plm\vendor\laravel\framework\src\Illuminate\Foundation\Http\Kernel.php(149): Illuminate\Pipeline\Pipeline->then(Object(Closure))
#39 C:\$SERVER\sites\prs.icto.plm\vendor\laravel\framework\src\Illuminate\Foundation\Http\Kernel.php(116): Illuminate\Foundation\Http\Kernel->sendRequestThroughRouter(Object(Illuminate\Http\Request))
#40 C:\$SERVER\sites\prs.icto.plm\public\index.php(53): Illuminate\Foundation\Http\Kernel->handle(Object(Illuminate\Http\Request))
#41 {main}  
