[2022-06-02 07:33:05] production.INFO: HTTP/1.0 302 Found
Cache-Control: no-cache, private
Date:          Wed, 01 Jun 2022 23:33:04 GMT
Location:      https://web2.plm.edu.ph/prs/gp/report/view/id/4ed33ad756dd56ff9904fd42a1356932

<!DOCTYPE html>
<html>
    <head>
        <meta charset="UTF-8" />
        <meta http-equiv="refresh" content="1;url=https://web2.plm.edu.ph/prs/gp/report/view/id/4ed33ad756dd56ff9904fd42a1356932" />

        <title>Redirecting to https://web2.plm.edu.ph/prs/gp/report/view/id/4ed33ad756dd56ff9904fd42a1356932</title>
    </head>
    <body>
        Redirecting to <a href="https://web2.plm.edu.ph/prs/gp/report/view/id/4ed33ad756dd56ff9904fd42a1356932">https://web2.plm.edu.ph/prs/gp/report/view/id/4ed33ad756dd56ff9904fd42a1356932</a>.
    </body>
</html>  
[2022-06-02 10:54:56] production.INFO: HTTP/1.0 302 Found
Cache-Control: no-cache, private
Date:          Thu, 02 Jun 2022 02:54:55 GMT
Location:      https://web2.plm.edu.ph/prs/gp/report/view/id/4f1260e47ff5c4ad9495c7d0aba899b8

<!DOCTYPE html>
<html>
    <head>
        <meta charset="UTF-8" />
        <meta http-equiv="refresh" content="1;url=https://web2.plm.edu.ph/prs/gp/report/view/id/4f1260e47ff5c4ad9495c7d0aba899b8" />

        <title>Redirecting to https://web2.plm.edu.ph/prs/gp/report/view/id/4f1260e47ff5c4ad9495c7d0aba899b8</title>
    </head>
    <body>
        Redirecting to <a href="https://web2.plm.edu.ph/prs/gp/report/view/id/4f1260e47ff5c4ad9495c7d0aba899b8">https://web2.plm.edu.ph/prs/gp/report/view/id/4f1260e47ff5c4ad9495c7d0aba899b8</a>.
    </body>
</html>  
[2022-06-02 11:20:06] production.INFO: HTTP/1.0 302 Found
Cache-Control: no-cache, private
Date:          Thu, 02 Jun 2022 03:20:06 GMT
Location:      https://web2.plm.edu.ph/prs/gp/report/view/id/42c4d22e83b586c69866beff4515d79a

<!DOCTYPE html>
<html>
    <head>
        <meta charset="UTF-8" />
        <meta http-equiv="refresh" content="1;url=https://web2.plm.edu.ph/prs/gp/report/view/id/42c4d22e83b586c69866beff4515d79a" />

        <title>Redirecting to https://web2.plm.edu.ph/prs/gp/report/view/id/42c4d22e83b586c69866beff4515d79a</title>
    </head>
    <body>
        Redirecting to <a href="https://web2.plm.edu.ph/prs/gp/report/view/id/42c4d22e83b586c69866beff4515d79a">https://web2.plm.edu.ph/prs/gp/report/view/id/42c4d22e83b586c69866beff4515d79a</a>.
    </body>
</html>  
[2022-06-02 13:26:03] production.INFO: HTTP/1.0 302 Found
Cache-Control: no-cache, private
Date:          Thu, 02 Jun 2022 05:26:03 GMT
Location:      https://web2.plm.edu.ph/prs/gp/report/view/id/4c4c622d6d7f1ed692cde17b0ff7461d

<!DOCTYPE html>
<html>
    <head>
        <meta charset="UTF-8" />
        <meta http-equiv="refresh" content="1;url=https://web2.plm.edu.ph/prs/gp/report/view/id/4c4c622d6d7f1ed692cde17b0ff7461d" />

        <title>Redirecting to https://web2.plm.edu.ph/prs/gp/report/view/id/4c4c622d6d7f1ed692cde17b0ff7461d</title>
    </head>
    <body>
        Redirecting to <a href="https://web2.plm.edu.ph/prs/gp/report/view/id/4c4c622d6d7f1ed692cde17b0ff7461d">https://web2.plm.edu.ph/prs/gp/report/view/id/4c4c622d6d7f1ed692cde17b0ff7461d</a>.
    </body>
</html>  
[2022-06-02 13:48:29] production.INFO: HTTP/1.0 302 Found
Cache-Control: no-cache, private
Date:          Thu, 02 Jun 2022 05:48:29 GMT
Location:      https://web2.plm.edu.ph/prs/gp/report/view/id/44d0e06540e11b668750abee4e95135f

<!DOCTYPE html>
<html>
    <head>
        <meta charset="UTF-8" />
        <meta http-equiv="refresh" content="1;url=https://web2.plm.edu.ph/prs/gp/report/view/id/44d0e06540e11b668750abee4e95135f" />

        <title>Redirecting to https://web2.plm.edu.ph/prs/gp/report/view/id/44d0e06540e11b668750abee4e95135f</title>
    </head>
    <body>
        Redirecting to <a href="https://web2.plm.edu.ph/prs/gp/report/view/id/44d0e06540e11b668750abee4e95135f">https://web2.plm.edu.ph/prs/gp/report/view/id/44d0e06540e11b668750abee4e95135f</a>.
    </body>
</html>  
[2022-06-02 14:28:19] production.INFO: HTTP/1.0 302 Found
Cache-Control: no-cache, private
Date:          Thu, 02 Jun 2022 06:28:19 GMT
Location:      https://web2.plm.edu.ph/prs/gp/report/view/id/4d6859f47b7587948f82c72787e6a50a

<!DOCTYPE html>
<html>
    <head>
        <meta charset="UTF-8" />
        <meta http-equiv="refresh" content="1;url=https://web2.plm.edu.ph/prs/gp/report/view/id/4d6859f47b7587948f82c72787e6a50a" />

        <title>Redirecting to https://web2.plm.edu.ph/prs/gp/report/view/id/4d6859f47b7587948f82c72787e6a50a</title>
    </head>
    <body>
        Redirecting to <a href="https://web2.plm.edu.ph/prs/gp/report/view/id/4d6859f47b7587948f82c72787e6a50a">https://web2.plm.edu.ph/prs/gp/report/view/id/4d6859f47b7587948f82c72787e6a50a</a>.
    </body>
</html>  
[2022-06-02 15:09:52] production.INFO: HTTP/1.0 302 Found
Cache-Control: no-cache, private
Date:          Thu, 02 Jun 2022 07:09:52 GMT
Location:      https://web2.plm.edu.ph/prs/gp/report/view/id/4f97583b3dd5b3a3a86cfd356e153969

<!DOCTYPE html>
<html>
    <head>
        <meta charset="UTF-8" />
        <meta http-equiv="refresh" content="1;url=https://web2.plm.edu.ph/prs/gp/report/view/id/4f97583b3dd5b3a3a86cfd356e153969" />

        <title>Redirecting to https://web2.plm.edu.ph/prs/gp/report/view/id/4f97583b3dd5b3a3a86cfd356e153969</title>
    </head>
    <body>
        Redirecting to <a href="https://web2.plm.edu.ph/prs/gp/report/view/id/4f97583b3dd5b3a3a86cfd356e153969">https://web2.plm.edu.ph/prs/gp/report/view/id/4f97583b3dd5b3a3a86cfd356e153969</a>.
    </body>
</html>  
[2022-06-02 15:15:22] production.INFO: HTTP/1.0 302 Found
Cache-Control: no-cache, private
Date:          Thu, 02 Jun 2022 07:15:22 GMT
Location:      https://web2.plm.edu.ph/prs/gp/report/view/id/485c8917f70fc28082bd46466fcba596

<!DOCTYPE html>
<html>
    <head>
        <meta charset="UTF-8" />
        <meta http-equiv="refresh" content="1;url=https://web2.plm.edu.ph/prs/gp/report/view/id/485c8917f70fc28082bd46466fcba596" />

        <title>Redirecting to https://web2.plm.edu.ph/prs/gp/report/view/id/485c8917f70fc28082bd46466fcba596</title>
    </head>
    <body>
        Redirecting to <a href="https://web2.plm.edu.ph/prs/gp/report/view/id/485c8917f70fc28082bd46466fcba596">https://web2.plm.edu.ph/prs/gp/report/view/id/485c8917f70fc28082bd46466fcba596</a>.
    </body>
</html>  
