[2022-08-16 14:15:25] production.INFO: HTTP/1.0 302 Found
Cache-Control: no-cache, private
Date:          Tue, 16 Aug 2022 06:15:25 GMT
Location:      https://web2.plm.edu.ph/prs/gp/report/view/id/4d8d6b29e98b94d791122f1d9d376a79

<!DOCTYPE html>
<html>
    <head>
        <meta charset="UTF-8" />
        <meta http-equiv="refresh" content="1;url=https://web2.plm.edu.ph/prs/gp/report/view/id/4d8d6b29e98b94d791122f1d9d376a79" />

        <title>Redirecting to https://web2.plm.edu.ph/prs/gp/report/view/id/4d8d6b29e98b94d791122f1d9d376a79</title>
    </head>
    <body>
        Redirecting to <a href="https://web2.plm.edu.ph/prs/gp/report/view/id/4d8d6b29e98b94d791122f1d9d376a79">https://web2.plm.edu.ph/prs/gp/report/view/id/4d8d6b29e98b94d791122f1d9d376a79</a>.
    </body>
</html>  
[2022-08-16 14:18:50] production.INFO: HTTP/1.0 302 Found
Cache-Control: no-cache, private
Date:          Tue, 16 Aug 2022 06:18:50 GMT
Location:      https://web2.plm.edu.ph/prs/gp/report/view/id/4d8d6b29e98b94d791122f1d9d376a79

<!DOCTYPE html>
<html>
    <head>
        <meta charset="UTF-8" />
        <meta http-equiv="refresh" content="1;url=https://web2.plm.edu.ph/prs/gp/report/view/id/4d8d6b29e98b94d791122f1d9d376a79" />

        <title>Redirecting to https://web2.plm.edu.ph/prs/gp/report/view/id/4d8d6b29e98b94d791122f1d9d376a79</title>
    </head>
    <body>
        Redirecting to <a href="https://web2.plm.edu.ph/prs/gp/report/view/id/4d8d6b29e98b94d791122f1d9d376a79">https://web2.plm.edu.ph/prs/gp/report/view/id/4d8d6b29e98b94d791122f1d9d376a79</a>.
    </body>
</html>  
