[2022-06-03 08:45:23] production.INFO: HTTP/1.0 302 Found
Cache-Control: no-cache, private
Date:          Fri, 03 Jun 2022 00:45:23 GMT
Location:      https://web2.plm.edu.ph/prs/gp/report/view/id/4ed4455ba8341f198aedb6b82cd882e7

<!DOCTYPE html>
<html>
    <head>
        <meta charset="UTF-8" />
        <meta http-equiv="refresh" content="1;url=https://web2.plm.edu.ph/prs/gp/report/view/id/4ed4455ba8341f198aedb6b82cd882e7" />

        <title>Redirecting to https://web2.plm.edu.ph/prs/gp/report/view/id/4ed4455ba8341f198aedb6b82cd882e7</title>
    </head>
    <body>
        Redirecting to <a href="https://web2.plm.edu.ph/prs/gp/report/view/id/4ed4455ba8341f198aedb6b82cd882e7">https://web2.plm.edu.ph/prs/gp/report/view/id/4ed4455ba8341f198aedb6b82cd882e7</a>.
    </body>
</html>  
[2022-06-03 08:55:52] production.INFO: HTTP/1.0 302 Found
Cache-Control: no-cache, private
Date:          Fri, 03 Jun 2022 00:55:52 GMT
Location:      https://web2.plm.edu.ph/prs/gp/report/view/id/447aebf68744f6efa7039f6c2649e86f

<!DOCTYPE html>
<html>
    <head>
        <meta charset="UTF-8" />
        <meta http-equiv="refresh" content="1;url=https://web2.plm.edu.ph/prs/gp/report/view/id/447aebf68744f6efa7039f6c2649e86f" />

        <title>Redirecting to https://web2.plm.edu.ph/prs/gp/report/view/id/447aebf68744f6efa7039f6c2649e86f</title>
    </head>
    <body>
        Redirecting to <a href="https://web2.plm.edu.ph/prs/gp/report/view/id/447aebf68744f6efa7039f6c2649e86f">https://web2.plm.edu.ph/prs/gp/report/view/id/447aebf68744f6efa7039f6c2649e86f</a>.
    </body>
</html>  
[2022-06-03 12:38:29] production.INFO: HTTP/1.0 302 Found
Cache-Control: no-cache, private
Date:          Fri, 03 Jun 2022 04:38:29 GMT
Location:      https://web2.plm.edu.ph/prs/gp/report/view/id/42196ffe8ed707eb868bb1c3742bd5b0

<!DOCTYPE html>
<html>
    <head>
        <meta charset="UTF-8" />
        <meta http-equiv="refresh" content="1;url=https://web2.plm.edu.ph/prs/gp/report/view/id/42196ffe8ed707eb868bb1c3742bd5b0" />

        <title>Redirecting to https://web2.plm.edu.ph/prs/gp/report/view/id/42196ffe8ed707eb868bb1c3742bd5b0</title>
    </head>
    <body>
        Redirecting to <a href="https://web2.plm.edu.ph/prs/gp/report/view/id/42196ffe8ed707eb868bb1c3742bd5b0">https://web2.plm.edu.ph/prs/gp/report/view/id/42196ffe8ed707eb868bb1c3742bd5b0</a>.
    </body>
</html>  
