[2022-06-06 06:49:58] production.INFO: HTTP/1.0 302 Found
Cache-Control: no-cache, private
Date:          Sun, 05 Jun 2022 22:49:58 GMT
Location:      https://web2.plm.edu.ph/prs/gp/report/view/id/4786cdc9f6d0dbd3844dfe6b475dfd7d

<!DOCTYPE html>
<html>
    <head>
        <meta charset="UTF-8" />
        <meta http-equiv="refresh" content="1;url=https://web2.plm.edu.ph/prs/gp/report/view/id/4786cdc9f6d0dbd3844dfe6b475dfd7d" />

        <title>Redirecting to https://web2.plm.edu.ph/prs/gp/report/view/id/4786cdc9f6d0dbd3844dfe6b475dfd7d</title>
    </head>
    <body>
        Redirecting to <a href="https://web2.plm.edu.ph/prs/gp/report/view/id/4786cdc9f6d0dbd3844dfe6b475dfd7d">https://web2.plm.edu.ph/prs/gp/report/view/id/4786cdc9f6d0dbd3844dfe6b475dfd7d</a>.
    </body>
</html>  
[2022-06-06 06:57:42] production.INFO: HTTP/1.0 302 Found
Cache-Control: no-cache, private
Date:          Sun, 05 Jun 2022 22:57:42 GMT
Location:      https://web2.plm.edu.ph/prs/gp/report/view/id/40aa0934a0a9f0c7bd8456744e0ed0f6

<!DOCTYPE html>
<html>
    <head>
        <meta charset="UTF-8" />
        <meta http-equiv="refresh" content="1;url=https://web2.plm.edu.ph/prs/gp/report/view/id/40aa0934a0a9f0c7bd8456744e0ed0f6" />

        <title>Redirecting to https://web2.plm.edu.ph/prs/gp/report/view/id/40aa0934a0a9f0c7bd8456744e0ed0f6</title>
    </head>
    <body>
        Redirecting to <a href="https://web2.plm.edu.ph/prs/gp/report/view/id/40aa0934a0a9f0c7bd8456744e0ed0f6">https://web2.plm.edu.ph/prs/gp/report/view/id/40aa0934a0a9f0c7bd8456744e0ed0f6</a>.
    </body>
</html>  
[2022-06-06 07:05:41] production.INFO: HTTP/1.0 302 Found
Cache-Control: no-cache, private
Date:          Sun, 05 Jun 2022 23:05:41 GMT
Location:      https://web2.plm.edu.ph/prs/gp/report/view/id/4ed682296d836dff9be59d25acdcdef0

<!DOCTYPE html>
<html>
    <head>
        <meta charset="UTF-8" />
        <meta http-equiv="refresh" content="1;url=https://web2.plm.edu.ph/prs/gp/report/view/id/4ed682296d836dff9be59d25acdcdef0" />

        <title>Redirecting to https://web2.plm.edu.ph/prs/gp/report/view/id/4ed682296d836dff9be59d25acdcdef0</title>
    </head>
    <body>
        Redirecting to <a href="https://web2.plm.edu.ph/prs/gp/report/view/id/4ed682296d836dff9be59d25acdcdef0">https://web2.plm.edu.ph/prs/gp/report/view/id/4ed682296d836dff9be59d25acdcdef0</a>.
    </body>
</html>  
[2022-06-06 07:06:38] production.INFO: HTTP/1.0 302 Found
Cache-Control: no-cache, private
Date:          Sun, 05 Jun 2022 23:06:38 GMT
Location:      https://web2.plm.edu.ph/prs/gp/report/view/id/47abb365d07289779c10848410bc96bb

<!DOCTYPE html>
<html>
    <head>
        <meta charset="UTF-8" />
        <meta http-equiv="refresh" content="1;url=https://web2.plm.edu.ph/prs/gp/report/view/id/47abb365d07289779c10848410bc96bb" />

        <title>Redirecting to https://web2.plm.edu.ph/prs/gp/report/view/id/47abb365d07289779c10848410bc96bb</title>
    </head>
    <body>
        Redirecting to <a href="https://web2.plm.edu.ph/prs/gp/report/view/id/47abb365d07289779c10848410bc96bb">https://web2.plm.edu.ph/prs/gp/report/view/id/47abb365d07289779c10848410bc96bb</a>.
    </body>
</html>  
[2022-06-06 07:13:50] production.INFO: HTTP/1.0 302 Found
Cache-Control: no-cache, private
Date:          Sun, 05 Jun 2022 23:13:50 GMT
Location:      https://web2.plm.edu.ph/prs/gp/report/view/id/44c2371290b7a4f5b5ad6af28ccacf60

<!DOCTYPE html>
<html>
    <head>
        <meta charset="UTF-8" />
        <meta http-equiv="refresh" content="1;url=https://web2.plm.edu.ph/prs/gp/report/view/id/44c2371290b7a4f5b5ad6af28ccacf60" />

        <title>Redirecting to https://web2.plm.edu.ph/prs/gp/report/view/id/44c2371290b7a4f5b5ad6af28ccacf60</title>
    </head>
    <body>
        Redirecting to <a href="https://web2.plm.edu.ph/prs/gp/report/view/id/44c2371290b7a4f5b5ad6af28ccacf60">https://web2.plm.edu.ph/prs/gp/report/view/id/44c2371290b7a4f5b5ad6af28ccacf60</a>.
    </body>
</html>  
[2022-06-06 07:22:44] production.INFO: HTTP/1.0 302 Found
Cache-Control: no-cache, private
Date:          Sun, 05 Jun 2022 23:22:44 GMT
Location:      https://web2.plm.edu.ph/prs/gp/report/view/id/4524b5ed7feca112a5ffdcbb556b90fc

<!DOCTYPE html>
<html>
    <head>
        <meta charset="UTF-8" />
        <meta http-equiv="refresh" content="1;url=https://web2.plm.edu.ph/prs/gp/report/view/id/4524b5ed7feca112a5ffdcbb556b90fc" />

        <title>Redirecting to https://web2.plm.edu.ph/prs/gp/report/view/id/4524b5ed7feca112a5ffdcbb556b90fc</title>
    </head>
    <body>
        Redirecting to <a href="https://web2.plm.edu.ph/prs/gp/report/view/id/4524b5ed7feca112a5ffdcbb556b90fc">https://web2.plm.edu.ph/prs/gp/report/view/id/4524b5ed7feca112a5ffdcbb556b90fc</a>.
    </body>
</html>  
[2022-06-06 11:22:48] production.INFO: HTTP/1.0 302 Found
Cache-Control: no-cache, private
Date:          Mon, 06 Jun 2022 03:22:47 GMT
Location:      https://web2.plm.edu.ph/prs/gp/report/view/id/4524b5ed7feca112a5ffdcbb556b90fc

<!DOCTYPE html>
<html>
    <head>
        <meta charset="UTF-8" />
        <meta http-equiv="refresh" content="1;url=https://web2.plm.edu.ph/prs/gp/report/view/id/4524b5ed7feca112a5ffdcbb556b90fc" />

        <title>Redirecting to https://web2.plm.edu.ph/prs/gp/report/view/id/4524b5ed7feca112a5ffdcbb556b90fc</title>
    </head>
    <body>
        Redirecting to <a href="https://web2.plm.edu.ph/prs/gp/report/view/id/4524b5ed7feca112a5ffdcbb556b90fc">https://web2.plm.edu.ph/prs/gp/report/view/id/4524b5ed7feca112a5ffdcbb556b90fc</a>.
    </body>
</html>  
[2022-06-06 11:25:34] production.INFO: HTTP/1.0 302 Found
Cache-Control: no-cache, private
Date:          Mon, 06 Jun 2022 03:25:33 GMT
Location:      https://web2.plm.edu.ph/prs/gp/report/view/id/4afd3eb58eb61ec6a1307304c2ea338e

<!DOCTYPE html>
<html>
    <head>
        <meta charset="UTF-8" />
        <meta http-equiv="refresh" content="1;url=https://web2.plm.edu.ph/prs/gp/report/view/id/4afd3eb58eb61ec6a1307304c2ea338e" />

        <title>Redirecting to https://web2.plm.edu.ph/prs/gp/report/view/id/4afd3eb58eb61ec6a1307304c2ea338e</title>
    </head>
    <body>
        Redirecting to <a href="https://web2.plm.edu.ph/prs/gp/report/view/id/4afd3eb58eb61ec6a1307304c2ea338e">https://web2.plm.edu.ph/prs/gp/report/view/id/4afd3eb58eb61ec6a1307304c2ea338e</a>.
    </body>
</html>  
[2022-06-06 11:29:12] production.INFO: HTTP/1.0 302 Found
Cache-Control: no-cache, private
Date:          Mon, 06 Jun 2022 03:29:12 GMT
Location:      https://web2.plm.edu.ph/prs/gp/report/view/id/492ecdf264819227a5d7a93fbd999c58

<!DOCTYPE html>
<html>
    <head>
        <meta charset="UTF-8" />
        <meta http-equiv="refresh" content="1;url=https://web2.plm.edu.ph/prs/gp/report/view/id/492ecdf264819227a5d7a93fbd999c58" />

        <title>Redirecting to https://web2.plm.edu.ph/prs/gp/report/view/id/492ecdf264819227a5d7a93fbd999c58</title>
    </head>
    <body>
        Redirecting to <a href="https://web2.plm.edu.ph/prs/gp/report/view/id/492ecdf264819227a5d7a93fbd999c58">https://web2.plm.edu.ph/prs/gp/report/view/id/492ecdf264819227a5d7a93fbd999c58</a>.
    </body>
</html>  
[2022-06-06 16:45:49] production.ERROR: PDOException: Connection.php [647] -> SQLSTATE[23000]: Integrity constraint violation: 1062 Duplicate entry '8-2022-05' for key 'UQ_GP_REPORT_PARAMS' (SQL: insert into `vrc_pt_report_params` (`unique_id`, `department`, `earningYear`, `earningMonth`, `generatedBy`) values (4101df4b981198ca843b6774ce9d1059, 8, 2022, 05, 20864829)) in C:\$SERVER\sites\prs.icto.plm\app\Http\Controllers\Application\Features\PartTime\GenerateCtrl.php:193
Stack trace:
#0 [internal function]: MiSAKACHi\VERACiTY\Http\Controllers\Application\Features\PartTime\GenerateCtrl->postAction(Object(MiSAKACHi\VERACiTY\Http\Requests\Features\PTGenerateRqst))
#1 C:\$SERVER\sites\prs.icto.plm\vendor\laravel\framework\src\Illuminate\Routing\Controller.php(55): call_user_func_array(Array, Array)
#2 C:\$SERVER\sites\prs.icto.plm\vendor\laravel\framework\src\Illuminate\Routing\ControllerDispatcher.php(44): Illuminate\Routing\Controller->callAction('postAction', Array)
#3 C:\$SERVER\sites\prs.icto.plm\vendor\laravel\framework\src\Illuminate\Routing\Route.php(203): Illuminate\Routing\ControllerDispatcher->dispatch(Object(Illuminate\Routing\Route), Object(MiSAKACHi\VERACiTY\Http\Controllers\Application\Features\PartTime\GenerateCtrl), 'postAction')
#4 C:\$SERVER\sites\prs.icto.plm\vendor\laravel\framework\src\Illuminate\Routing\Route.php(160): Illuminate\Routing\Route->runController()
#5 C:\$SERVER\sites\prs.icto.plm\vendor\laravel\framework\src\Illuminate\Routing\Router.php(574): Illuminate\Routing\Route->run()
#6 C:\$SERVER\sites\prs.icto.plm\vendor\laravel\framework\src\Illuminate\Routing\Pipeline.php(30): Illuminate\Routing\Router->Illuminate\Routing\{closure}(Object(Illuminate\Http\Request))
#7 C:\$SERVER\sites\prs.icto.plm\vendor\laravel\framework\src\Illuminate\Routing\Middleware\SubstituteBindings.php(41): Illuminate\Routing\Pipeline->Illuminate\Routing\{closure}(Object(Illuminate\Http\Request))
#8 C:\$SERVER\sites\prs.icto.plm\vendor\laravel\framework\src\Illuminate\Pipeline\Pipeline.php(148): Illuminate\Routing\Middleware\SubstituteBindings->handle(Object(Illuminate\Http\Request), Object(Closure))
#9 C:\$SERVER\sites\prs.icto.plm\vendor\laravel\framework\src\Illuminate\Routing\Pipeline.php(53): Illuminate\Pipeline\Pipeline->Illuminate\Pipeline\{closure}(Object(Illuminate\Http\Request))
#10 C:\$SERVER\sites\prs.icto.plm\vendor\laravel\framework\src\Illuminate\Auth\Middleware\Authenticate.php(43): Illuminate\Routing\Pipeline->Illuminate\Routing\{closure}(Object(Illuminate\Http\Request))
#11 C:\$SERVER\sites\prs.icto.plm\vendor\laravel\framework\src\Illuminate\Pipeline\Pipeline.php(148): Illuminate\Auth\Middleware\Authenticate->handle(Object(Illuminate\Http\Request), Object(Closure))
#12 C:\$SERVER\sites\prs.icto.plm\vendor\laravel\framework\src\Illuminate\Routing\Pipeline.php(53): Illuminate\Pipeline\Pipeline->Illuminate\Pipeline\{closure}(Object(Illuminate\Http\Request))
#13 C:\$SERVER\sites\prs.icto.plm\vendor\laravel\framework\src\Illuminate\Foundation\Http\Middleware\VerifyCsrfToken.php(65): Illuminate\Routing\Pipeline->Illuminate\Routing\{closure}(Object(Illuminate\Http\Request))
#14 C:\$SERVER\sites\prs.icto.plm\vendor\laravel\framework\src\Illuminate\Pipeline\Pipeline.php(148): Illuminate\Foundation\Http\Middleware\VerifyCsrfToken->handle(Object(Illuminate\Http\Request), Object(Closure))
#15 C:\$SERVER\sites\prs.icto.plm\vendor\laravel\framework\src\Illuminate\Routing\Pipeline.php(53): Illuminate\Pipeline\Pipeline->Illuminate\Pipeline\{closure}(Object(Illuminate\Http\Request))
#16 C:\$SERVER\sites\prs.icto.plm\vendor\laravel\framework\src\Illuminate\View\Middleware\ShareErrorsFromSession.php(49): Illuminate\Routing\Pipeline->Illuminate\Routing\{closure}(Object(Illuminate\Http\Request))
#17 C:\$SERVER\sites\prs.icto.plm\vendor\laravel\framework\src\Illuminate\Pipeline\Pipeline.php(148): Illuminate\View\Middleware\ShareErrorsFromSession->handle(Object(Illuminate\Http\Request), Object(Closure))
#18 C:\$SERVER\sites\prs.icto.plm\vendor\laravel\framework\src\Illuminate\Routing\Pipeline.php(53): Illuminate\Pipeline\Pipeline->Illuminate\Pipeline\{closure}(Object(Illuminate\Http\Request))
#19 C:\$SERVER\sites\prs.icto.plm\vendor\laravel\framework\src\Illuminate\Session\Middleware\StartSession.php(64): Illuminate\Routing\Pipeline->Illuminate\Routing\{closure}(Object(Illuminate\Http\Request))
#20 C:\$SERVER\sites\prs.icto.plm\vendor\laravel\framework\src\Illuminate\Pipeline\Pipeline.php(148): Illuminate\Session\Middleware\StartSession->handle(Object(Illuminate\Http\Request), Object(Closure))
#21 C:\$SERVER\sites\prs.icto.plm\vendor\laravel\framework\src\Illuminate\Routing\Pipeline.php(53): Illuminate\Pipeline\Pipeline->Illuminate\Pipeline\{closure}(Object(Illuminate\Http\Request))
#22 C:\$SERVER\sites\prs.icto.plm\vendor\laravel\framework\src\Illuminate\Cookie\Middleware\AddQueuedCookiesToResponse.php(37): Illuminate\Routing\Pipeline->Illuminate\Routing\{closure}(Object(Illuminate\Http\Request))
#23 C:\$SERVER\sites\prs.icto.plm\vendor\laravel\framework\src\Illuminate\Pipeline\Pipeline.php(148): Illuminate\Cookie\Middleware\AddQueuedCookiesToResponse->handle(Object(Illuminate\Http\Request), Object(Closure))
#24 C:\$SERVER\sites\prs.icto.plm\vendor\laravel\framework\src\Illuminate\Routing\Pipeline.php(53): Illuminate\Pipeline\Pipeline->Illuminate\Pipeline\{closure}(Object(Illuminate\Http\Request))
#25 C:\$SERVER\sites\prs.icto.plm\vendor\laravel\framework\src\Illuminate\Cookie\Middleware\EncryptCookies.php(59): Illuminate\Routing\Pipeline->Illuminate\Routing\{closure}(Object(Illuminate\Http\Request))
#26 C:\$SERVER\sites\prs.icto.plm\vendor\laravel\framework\src\Illuminate\Pipeline\Pipeline.php(148): Illuminate\Cookie\Middleware\EncryptCookies->handle(Object(Illuminate\Http\Request), Object(Closure))
#27 C:\$SERVER\sites\prs.icto.plm\vendor\laravel\framework\src\Illuminate\Routing\Pipeline.php(53): Illuminate\Pipeline\Pipeline->Illuminate\Pipeline\{closure}(Object(Illuminate\Http\Request))
#28 C:\$SERVER\sites\prs.icto.plm\vendor\laravel\framework\src\Illuminate\Pipeline\Pipeline.php(102): Illuminate\Routing\Pipeline->Illuminate\Routing\{closure}(Object(Illuminate\Http\Request))
#29 C:\$SERVER\sites\prs.icto.plm\vendor\laravel\framework\src\Illuminate\Routing\Router.php(576): Illuminate\Pipeline\Pipeline->then(Object(Closure))
#30 C:\$SERVER\sites\prs.icto.plm\vendor\laravel\framework\src\Illuminate\Routing\Router.php(535): Illuminate\Routing\Router->runRouteWithinStack(Object(Illuminate\Routing\Route), Object(Illuminate\Http\Request))
#31 C:\$SERVER\sites\prs.icto.plm\vendor\laravel\framework\src\Illuminate\Routing\Router.php(513): Illuminate\Routing\Router->dispatchToRoute(Object(Illuminate\Http\Request))
#32 C:\$SERVER\sites\prs.icto.plm\vendor\laravel\framework\src\Illuminate\Foundation\Http\Kernel.php(174): Illuminate\Routing\Router->dispatch(Object(Illuminate\Http\Request))
#33 C:\$SERVER\sites\prs.icto.plm\vendor\laravel\framework\src\Illuminate\Routing\Pipeline.php(30): Illuminate\Foundation\Http\Kernel->Illuminate\Foundation\Http\{closure}(Object(Illuminate\Http\Request))
#34 C:\$SERVER\sites\prs.icto.plm\vendor\laravel\framework\src\Illuminate\Foundation\Http\Middleware\CheckForMaintenanceMode.php(46): Illuminate\Routing\Pipeline->Illuminate\Routing\{closure}(Object(Illuminate\Http\Request))
#35 C:\$SERVER\sites\prs.icto.plm\vendor\laravel\framework\src\Illuminate\Pipeline\Pipeline.php(148): Illuminate\Foundation\Http\Middleware\CheckForMaintenanceMode->handle(Object(Illuminate\Http\Request), Object(Closure))
#36 C:\$SERVER\sites\prs.icto.plm\vendor\laravel\framework\src\Illuminate\Routing\Pipeline.php(53): Illuminate\Pipeline\Pipeline->Illuminate\Pipeline\{closure}(Object(Illuminate\Http\Request))
#37 C:\$SERVER\sites\prs.icto.plm\vendor\laravel\framework\src\Illuminate\Pipeline\Pipeline.php(102): Illuminate\Routing\Pipeline->Illuminate\Routing\{closure}(Object(Illuminate\Http\Request))
#38 C:\$SERVER\sites\prs.icto.plm\vendor\laravel\framework\src\Illuminate\Foundation\Http\Kernel.php(149): Illuminate\Pipeline\Pipeline->then(Object(Closure))
#39 C:\$SERVER\sites\prs.icto.plm\vendor\laravel\framework\src\Illuminate\Foundation\Http\Kernel.php(116): Illuminate\Foundation\Http\Kernel->sendRequestThroughRouter(Object(Illuminate\Http\Request))
#40 C:\$SERVER\sites\prs.icto.plm\public\index.php(53): Illuminate\Foundation\Http\Kernel->handle(Object(Illuminate\Http\Request))
#41 {main}  
