[2022-07-14 15:58:34] production.ERROR: Symfony\Component\Debug\Exception\FatalErrorException: Maximum execution time of 30 seconds exceeded in C:\$SERVER\sites\prs.icto.plm\vendor\laravel\framework\src\Illuminate\Translation\FileLoader.php:7
Stack trace:
#0 {main}  
[2022-07-14 15:58:34] production.ERROR: Symfony\Component\Debug\Exception\FatalErrorException: Maximum execution time of 30 seconds exceeded in C:\$SERVER\sites\prs.icto.plm\vendor\laravel\framework\src\Illuminate\Translation\FileLoader.php:7
Stack trace:
#0 {main}  
[2022-07-14 16:11:24] production.ERROR: PDOException: Connection.php [647] -> SQLSTATE[23000]: Integrity constraint violation: 1062 Duplicate entry '4f08c546d319d3db92039c049fd84100-1240-2022-06' for key 'UQ_DATA' (SQL: insert into `vrc_pt_report_data` (`unique_id`, `report_id`, `emp_id`, `empNumber`, `empName`, `empDesignation`, `empAcademicType`, `empHourlyRate`, `empNoOfHrs`, `empEarnedAmount`, `empNetAmount`, `tax_percentage`, `tax_ewt`, `tax_whTax`, `otherDeductions`, `isTaxSysGenerated`, `yearMonth`, `remarks`) values (4d9687f7ceb09670840d97176c5821c3, 4f08c546d319d3db92039c049fd84100, 1240, 03212215, MONTERO, ALEXANDER T, Assistant Professorial Lecturer I, U, 305.31, 38, 11601.78, 10441.6, , 1160.18, 0, 0, 0, 2022-06, )) in C:\$SERVER\sites\prs.icto.plm\app\Http\Controllers\Application\Features\PartTime\ViewReportCtrl.php:289
Stack trace:
#0 [internal function]: MiSAKACHi\VERACiTY\Http\Controllers\Application\Features\PartTime\ViewReportCtrl->postAdd(Object(MiSAKACHi\VERACiTY\Http\Requests\Features\PTAddReportDataRqst))
#1 C:\$SERVER\sites\prs.icto.plm\vendor\laravel\framework\src\Illuminate\Routing\Controller.php(55): call_user_func_array(Array, Array)
#2 C:\$SERVER\sites\prs.icto.plm\vendor\laravel\framework\src\Illuminate\Routing\ControllerDispatcher.php(44): Illuminate\Routing\Controller->callAction('postAdd', Array)
#3 C:\$SERVER\sites\prs.icto.plm\vendor\laravel\framework\src\Illuminate\Routing\Route.php(203): Illuminate\Routing\ControllerDispatcher->dispatch(Object(Illuminate\Routing\Route), Object(MiSAKACHi\VERACiTY\Http\Controllers\Application\Features\PartTime\ViewReportCtrl), 'postAdd')
#4 C:\$SERVER\sites\prs.icto.plm\vendor\laravel\framework\src\Illuminate\Routing\Route.php(160): Illuminate\Routing\Route->runController()
#5 C:\$SERVER\sites\prs.icto.plm\vendor\laravel\framework\src\Illuminate\Routing\Router.php(574): Illuminate\Routing\Route->run()
#6 C:\$SERVER\sites\prs.icto.plm\vendor\laravel\framework\src\Illuminate\Routing\Pipeline.php(30): Illuminate\Routing\Router->Illuminate\Routing\{closure}(Object(Illuminate\Http\Request))
#7 C:\$SERVER\sites\prs.icto.plm\vendor\laravel\framework\src\Illuminate\Routing\Middleware\SubstituteBindings.php(41): Illuminate\Routing\Pipeline->Illuminate\Routing\{closure}(Object(Illuminate\Http\Request))
#8 C:\$SERVER\sites\prs.icto.plm\vendor\laravel\framework\src\Illuminate\Pipeline\Pipeline.php(148): Illuminate\Routing\Middleware\SubstituteBindings->handle(Object(Illuminate\Http\Request), Object(Closure))
#9 C:\$SERVER\sites\prs.icto.plm\vendor\laravel\framework\src\Illuminate\Routing\Pipeline.php(53): Illuminate\Pipeline\Pipeline->Illuminate\Pipeline\{closure}(Object(Illuminate\Http\Request))
#10 C:\$SERVER\sites\prs.icto.plm\vendor\laravel\framework\src\Illuminate\Auth\Middleware\Authenticate.php(43): Illuminate\Routing\Pipeline->Illuminate\Routing\{closure}(Object(Illuminate\Http\Request))
#11 C:\$SERVER\sites\prs.icto.plm\vendor\laravel\framework\src\Illuminate\Pipeline\Pipeline.php(148): Illuminate\Auth\Middleware\Authenticate->handle(Object(Illuminate\Http\Request), Object(Closure))
#12 C:\$SERVER\sites\prs.icto.plm\vendor\laravel\framework\src\Illuminate\Routing\Pipeline.php(53): Illuminate\Pipeline\Pipeline->Illuminate\Pipeline\{closure}(Object(Illuminate\Http\Request))
#13 C:\$SERVER\sites\prs.icto.plm\vendor\laravel\framework\src\Illuminate\Foundation\Http\Middleware\VerifyCsrfToken.php(65): Illuminate\Routing\Pipeline->Illuminate\Routing\{closure}(Object(Illuminate\Http\Request))
#14 C:\$SERVER\sites\prs.icto.plm\vendor\laravel\framework\src\Illuminate\Pipeline\Pipeline.php(148): Illuminate\Foundation\Http\Middleware\VerifyCsrfToken->handle(Object(Illuminate\Http\Request), Object(Closure))
#15 C:\$SERVER\sites\prs.icto.plm\vendor\laravel\framework\src\Illuminate\Routing\Pipeline.php(53): Illuminate\Pipeline\Pipeline->Illuminate\Pipeline\{closure}(Object(Illuminate\Http\Request))
#16 C:\$SERVER\sites\prs.icto.plm\vendor\laravel\framework\src\Illuminate\View\Middleware\ShareErrorsFromSession.php(49): Illuminate\Routing\Pipeline->Illuminate\Routing\{closure}(Object(Illuminate\Http\Request))
#17 C:\$SERVER\sites\prs.icto.plm\vendor\laravel\framework\src\Illuminate\Pipeline\Pipeline.php(148): Illuminate\View\Middleware\ShareErrorsFromSession->handle(Object(Illuminate\Http\Request), Object(Closure))
#18 C:\$SERVER\sites\prs.icto.plm\vendor\laravel\framework\src\Illuminate\Routing\Pipeline.php(53): Illuminate\Pipeline\Pipeline->Illuminate\Pipeline\{closure}(Object(Illuminate\Http\Request))
#19 C:\$SERVER\sites\prs.icto.plm\vendor\laravel\framework\src\Illuminate\Session\Middleware\StartSession.php(64): Illuminate\Routing\Pipeline->Illuminate\Routing\{closure}(Object(Illuminate\Http\Request))
#20 C:\$SERVER\sites\prs.icto.plm\vendor\laravel\framework\src\Illuminate\Pipeline\Pipeline.php(148): Illuminate\Session\Middleware\StartSession->handle(Object(Illuminate\Http\Request), Object(Closure))
#21 C:\$SERVER\sites\prs.icto.plm\vendor\laravel\framework\src\Illuminate\Routing\Pipeline.php(53): Illuminate\Pipeline\Pipeline->Illuminate\Pipeline\{closure}(Object(Illuminate\Http\Request))
#22 C:\$SERVER\sites\prs.icto.plm\vendor\laravel\framework\src\Illuminate\Cookie\Middleware\AddQueuedCookiesToResponse.php(37): Illuminate\Routing\Pipeline->Illuminate\Routing\{closure}(Object(Illuminate\Http\Request))
#23 C:\$SERVER\sites\prs.icto.plm\vendor\laravel\framework\src\Illuminate\Pipeline\Pipeline.php(148): Illuminate\Cookie\Middleware\AddQueuedCookiesToResponse->handle(Object(Illuminate\Http\Request), Object(Closure))
#24 C:\$SERVER\sites\prs.icto.plm\vendor\laravel\framework\src\Illuminate\Routing\Pipeline.php(53): Illuminate\Pipeline\Pipeline->Illuminate\Pipeline\{closure}(Object(Illuminate\Http\Request))
#25 C:\$SERVER\sites\prs.icto.plm\vendor\laravel\framework\src\Illuminate\Cookie\Middleware\EncryptCookies.php(59): Illuminate\Routing\Pipeline->Illuminate\Routing\{closure}(Object(Illuminate\Http\Request))
#26 C:\$SERVER\sites\prs.icto.plm\vendor\laravel\framework\src\Illuminate\Pipeline\Pipeline.php(148): Illuminate\Cookie\Middleware\EncryptCookies->handle(Object(Illuminate\Http\Request), Object(Closure))
#27 C:\$SERVER\sites\prs.icto.plm\vendor\laravel\framework\src\Illuminate\Routing\Pipeline.php(53): Illuminate\Pipeline\Pipeline->Illuminate\Pipeline\{closure}(Object(Illuminate\Http\Request))
#28 C:\$SERVER\sites\prs.icto.plm\vendor\laravel\framework\src\Illuminate\Pipeline\Pipeline.php(102): Illuminate\Routing\Pipeline->Illuminate\Routing\{closure}(Object(Illuminate\Http\Request))
#29 C:\$SERVER\sites\prs.icto.plm\vendor\laravel\framework\src\Illuminate\Routing\Router.php(576): Illuminate\Pipeline\Pipeline->then(Object(Closure))
#30 C:\$SERVER\sites\prs.icto.plm\vendor\laravel\framework\src\Illuminate\Routing\Router.php(535): Illuminate\Routing\Router->runRouteWithinStack(Object(Illuminate\Routing\Route), Object(Illuminate\Http\Request))
#31 C:\$SERVER\sites\prs.icto.plm\vendor\laravel\framework\src\Illuminate\Routing\Router.php(513): Illuminate\Routing\Router->dispatchToRoute(Object(Illuminate\Http\Request))
#32 C:\$SERVER\sites\prs.icto.plm\vendor\laravel\framework\src\Illuminate\Foundation\Http\Kernel.php(174): Illuminate\Routing\Router->dispatch(Object(Illuminate\Http\Request))
#33 C:\$SERVER\sites\prs.icto.plm\vendor\laravel\framework\src\Illuminate\Routing\Pipeline.php(30): Illuminate\Foundation\Http\Kernel->Illuminate\Foundation\Http\{closure}(Object(Illuminate\Http\Request))
#34 C:\$SERVER\sites\prs.icto.plm\vendor\laravel\framework\src\Illuminate\Foundation\Http\Middleware\CheckForMaintenanceMode.php(46): Illuminate\Routing\Pipeline->Illuminate\Routing\{closure}(Object(Illuminate\Http\Request))
#35 C:\$SERVER\sites\prs.icto.plm\vendor\laravel\framework\src\Illuminate\Pipeline\Pipeline.php(148): Illuminate\Foundation\Http\Middleware\CheckForMaintenanceMode->handle(Object(Illuminate\Http\Request), Object(Closure))
#36 C:\$SERVER\sites\prs.icto.plm\vendor\laravel\framework\src\Illuminate\Routing\Pipeline.php(53): Illuminate\Pipeline\Pipeline->Illuminate\Pipeline\{closure}(Object(Illuminate\Http\Request))
#37 C:\$SERVER\sites\prs.icto.plm\vendor\laravel\framework\src\Illuminate\Pipeline\Pipeline.php(102): Illuminate\Routing\Pipeline->Illuminate\Routing\{closure}(Object(Illuminate\Http\Request))
#38 C:\$SERVER\sites\prs.icto.plm\vendor\laravel\framework\src\Illuminate\Foundation\Http\Kernel.php(149): Illuminate\Pipeline\Pipeline->then(Object(Closure))
#39 C:\$SERVER\sites\prs.icto.plm\vendor\laravel\framework\src\Illuminate\Foundation\Http\Kernel.php(116): Illuminate\Foundation\Http\Kernel->sendRequestThroughRouter(Object(Illuminate\Http\Request))
#40 C:\$SERVER\sites\prs.icto.plm\public\index.php(53): Illuminate\Foundation\Http\Kernel->handle(Object(Illuminate\Http\Request))
#41 {main}  
[2022-07-14 16:26:16] production.ERROR: PDOException: Connection.php [647] -> SQLSTATE[23000]: Integrity constraint violation: 1062 Duplicate entry '4f08c546d319d3db92039c049fd84100-766-2022-06' for key 'UQ_DATA' (SQL: insert into `vrc_pt_report_data` (`unique_id`, `report_id`, `emp_id`, `empNumber`, `empName`, `empDesignation`, `empAcademicType`, `empHourlyRate`, `empNoOfHrs`, `empEarnedAmount`, `empNetAmount`, `tax_percentage`, `tax_ewt`, `tax_whTax`, `otherDeductions`, `isTaxSysGenerated`, `yearMonth`, `remarks`) values (418c3d6945ab1469b563d3c062460ca9, 4f08c546d319d3db92039c049fd84100, 766, 03191837, RUBI, RUGI VICENTE C, Assistant Professorial Lecturer IV, U, 406.37, 42, 17067.54, 15360.79, , 1706.75, 0, 0, 0, 2022-06, )) in C:\$SERVER\sites\prs.icto.plm\app\Http\Controllers\Application\Features\PartTime\ViewReportCtrl.php:289
Stack trace:
#0 [internal function]: MiSAKACHi\VERACiTY\Http\Controllers\Application\Features\PartTime\ViewReportCtrl->postAdd(Object(MiSAKACHi\VERACiTY\Http\Requests\Features\PTAddReportDataRqst))
#1 C:\$SERVER\sites\prs.icto.plm\vendor\laravel\framework\src\Illuminate\Routing\Controller.php(55): call_user_func_array(Array, Array)
#2 C:\$SERVER\sites\prs.icto.plm\vendor\laravel\framework\src\Illuminate\Routing\ControllerDispatcher.php(44): Illuminate\Routing\Controller->callAction('postAdd', Array)
#3 C:\$SERVER\sites\prs.icto.plm\vendor\laravel\framework\src\Illuminate\Routing\Route.php(203): Illuminate\Routing\ControllerDispatcher->dispatch(Object(Illuminate\Routing\Route), Object(MiSAKACHi\VERACiTY\Http\Controllers\Application\Features\PartTime\ViewReportCtrl), 'postAdd')
#4 C:\$SERVER\sites\prs.icto.plm\vendor\laravel\framework\src\Illuminate\Routing\Route.php(160): Illuminate\Routing\Route->runController()
#5 C:\$SERVER\sites\prs.icto.plm\vendor\laravel\framework\src\Illuminate\Routing\Router.php(574): Illuminate\Routing\Route->run()
#6 C:\$SERVER\sites\prs.icto.plm\vendor\laravel\framework\src\Illuminate\Routing\Pipeline.php(30): Illuminate\Routing\Router->Illuminate\Routing\{closure}(Object(Illuminate\Http\Request))
#7 C:\$SERVER\sites\prs.icto.plm\vendor\laravel\framework\src\Illuminate\Routing\Middleware\SubstituteBindings.php(41): Illuminate\Routing\Pipeline->Illuminate\Routing\{closure}(Object(Illuminate\Http\Request))
#8 C:\$SERVER\sites\prs.icto.plm\vendor\laravel\framework\src\Illuminate\Pipeline\Pipeline.php(148): Illuminate\Routing\Middleware\SubstituteBindings->handle(Object(Illuminate\Http\Request), Object(Closure))
#9 C:\$SERVER\sites\prs.icto.plm\vendor\laravel\framework\src\Illuminate\Routing\Pipeline.php(53): Illuminate\Pipeline\Pipeline->Illuminate\Pipeline\{closure}(Object(Illuminate\Http\Request))
#10 C:\$SERVER\sites\prs.icto.plm\vendor\laravel\framework\src\Illuminate\Auth\Middleware\Authenticate.php(43): Illuminate\Routing\Pipeline->Illuminate\Routing\{closure}(Object(Illuminate\Http\Request))
#11 C:\$SERVER\sites\prs.icto.plm\vendor\laravel\framework\src\Illuminate\Pipeline\Pipeline.php(148): Illuminate\Auth\Middleware\Authenticate->handle(Object(Illuminate\Http\Request), Object(Closure))
#12 C:\$SERVER\sites\prs.icto.plm\vendor\laravel\framework\src\Illuminate\Routing\Pipeline.php(53): Illuminate\Pipeline\Pipeline->Illuminate\Pipeline\{closure}(Object(Illuminate\Http\Request))
#13 C:\$SERVER\sites\prs.icto.plm\vendor\laravel\framework\src\Illuminate\Foundation\Http\Middleware\VerifyCsrfToken.php(65): Illuminate\Routing\Pipeline->Illuminate\Routing\{closure}(Object(Illuminate\Http\Request))
#14 C:\$SERVER\sites\prs.icto.plm\vendor\laravel\framework\src\Illuminate\Pipeline\Pipeline.php(148): Illuminate\Foundation\Http\Middleware\VerifyCsrfToken->handle(Object(Illuminate\Http\Request), Object(Closure))
#15 C:\$SERVER\sites\prs.icto.plm\vendor\laravel\framework\src\Illuminate\Routing\Pipeline.php(53): Illuminate\Pipeline\Pipeline->Illuminate\Pipeline\{closure}(Object(Illuminate\Http\Request))
#16 C:\$SERVER\sites\prs.icto.plm\vendor\laravel\framework\src\Illuminate\View\Middleware\ShareErrorsFromSession.php(49): Illuminate\Routing\Pipeline->Illuminate\Routing\{closure}(Object(Illuminate\Http\Request))
#17 C:\$SERVER\sites\prs.icto.plm\vendor\laravel\framework\src\Illuminate\Pipeline\Pipeline.php(148): Illuminate\View\Middleware\ShareErrorsFromSession->handle(Object(Illuminate\Http\Request), Object(Closure))
#18 C:\$SERVER\sites\prs.icto.plm\vendor\laravel\framework\src\Illuminate\Routing\Pipeline.php(53): Illuminate\Pipeline\Pipeline->Illuminate\Pipeline\{closure}(Object(Illuminate\Http\Request))
#19 C:\$SERVER\sites\prs.icto.plm\vendor\laravel\framework\src\Illuminate\Session\Middleware\StartSession.php(64): Illuminate\Routing\Pipeline->Illuminate\Routing\{closure}(Object(Illuminate\Http\Request))
#20 C:\$SERVER\sites\prs.icto.plm\vendor\laravel\framework\src\Illuminate\Pipeline\Pipeline.php(148): Illuminate\Session\Middleware\StartSession->handle(Object(Illuminate\Http\Request), Object(Closure))
#21 C:\$SERVER\sites\prs.icto.plm\vendor\laravel\framework\src\Illuminate\Routing\Pipeline.php(53): Illuminate\Pipeline\Pipeline->Illuminate\Pipeline\{closure}(Object(Illuminate\Http\Request))
#22 C:\$SERVER\sites\prs.icto.plm\vendor\laravel\framework\src\Illuminate\Cookie\Middleware\AddQueuedCookiesToResponse.php(37): Illuminate\Routing\Pipeline->Illuminate\Routing\{closure}(Object(Illuminate\Http\Request))
#23 C:\$SERVER\sites\prs.icto.plm\vendor\laravel\framework\src\Illuminate\Pipeline\Pipeline.php(148): Illuminate\Cookie\Middleware\AddQueuedCookiesToResponse->handle(Object(Illuminate\Http\Request), Object(Closure))
#24 C:\$SERVER\sites\prs.icto.plm\vendor\laravel\framework\src\Illuminate\Routing\Pipeline.php(53): Illuminate\Pipeline\Pipeline->Illuminate\Pipeline\{closure}(Object(Illuminate\Http\Request))
#25 C:\$SERVER\sites\prs.icto.plm\vendor\laravel\framework\src\Illuminate\Cookie\Middleware\EncryptCookies.php(59): Illuminate\Routing\Pipeline->Illuminate\Routing\{closure}(Object(Illuminate\Http\Request))
#26 C:\$SERVER\sites\prs.icto.plm\vendor\laravel\framework\src\Illuminate\Pipeline\Pipeline.php(148): Illuminate\Cookie\Middleware\EncryptCookies->handle(Object(Illuminate\Http\Request), Object(Closure))
#27 C:\$SERVER\sites\prs.icto.plm\vendor\laravel\framework\src\Illuminate\Routing\Pipeline.php(53): Illuminate\Pipeline\Pipeline->Illuminate\Pipeline\{closure}(Object(Illuminate\Http\Request))
#28 C:\$SERVER\sites\prs.icto.plm\vendor\laravel\framework\src\Illuminate\Pipeline\Pipeline.php(102): Illuminate\Routing\Pipeline->Illuminate\Routing\{closure}(Object(Illuminate\Http\Request))
#29 C:\$SERVER\sites\prs.icto.plm\vendor\laravel\framework\src\Illuminate\Routing\Router.php(576): Illuminate\Pipeline\Pipeline->then(Object(Closure))
#30 C:\$SERVER\sites\prs.icto.plm\vendor\laravel\framework\src\Illuminate\Routing\Router.php(535): Illuminate\Routing\Router->runRouteWithinStack(Object(Illuminate\Routing\Route), Object(Illuminate\Http\Request))
#31 C:\$SERVER\sites\prs.icto.plm\vendor\laravel\framework\src\Illuminate\Routing\Router.php(513): Illuminate\Routing\Router->dispatchToRoute(Object(Illuminate\Http\Request))
#32 C:\$SERVER\sites\prs.icto.plm\vendor\laravel\framework\src\Illuminate\Foundation\Http\Kernel.php(174): Illuminate\Routing\Router->dispatch(Object(Illuminate\Http\Request))
#33 C:\$SERVER\sites\prs.icto.plm\vendor\laravel\framework\src\Illuminate\Routing\Pipeline.php(30): Illuminate\Foundation\Http\Kernel->Illuminate\Foundation\Http\{closure}(Object(Illuminate\Http\Request))
#34 C:\$SERVER\sites\prs.icto.plm\vendor\laravel\framework\src\Illuminate\Foundation\Http\Middleware\CheckForMaintenanceMode.php(46): Illuminate\Routing\Pipeline->Illuminate\Routing\{closure}(Object(Illuminate\Http\Request))
#35 C:\$SERVER\sites\prs.icto.plm\vendor\laravel\framework\src\Illuminate\Pipeline\Pipeline.php(148): Illuminate\Foundation\Http\Middleware\CheckForMaintenanceMode->handle(Object(Illuminate\Http\Request), Object(Closure))
#36 C:\$SERVER\sites\prs.icto.plm\vendor\laravel\framework\src\Illuminate\Routing\Pipeline.php(53): Illuminate\Pipeline\Pipeline->Illuminate\Pipeline\{closure}(Object(Illuminate\Http\Request))
#37 C:\$SERVER\sites\prs.icto.plm\vendor\laravel\framework\src\Illuminate\Pipeline\Pipeline.php(102): Illuminate\Routing\Pipeline->Illuminate\Routing\{closure}(Object(Illuminate\Http\Request))
#38 C:\$SERVER\sites\prs.icto.plm\vendor\laravel\framework\src\Illuminate\Foundation\Http\Kernel.php(149): Illuminate\Pipeline\Pipeline->then(Object(Closure))
#39 C:\$SERVER\sites\prs.icto.plm\vendor\laravel\framework\src\Illuminate\Foundation\Http\Kernel.php(116): Illuminate\Foundation\Http\Kernel->sendRequestThroughRouter(Object(Illuminate\Http\Request))
#40 C:\$SERVER\sites\prs.icto.plm\public\index.php(53): Illuminate\Foundation\Http\Kernel->handle(Object(Illuminate\Http\Request))
#41 {main}  
